#
# A fatal error has been detected by the Java Runtime Environment:
#
#  SIGSEGV (0xb) at pc=0x0000000104bdfad4, pid=3118, tid=5891
#
# JRE version: OpenJDK Runtime Environment Temurin-17.0.7+7 (17.0.7+7) (build 17.0.7+7)
# Java VM: OpenJDK 64-Bit Server VM Temurin-17.0.7+7 (17.0.7+7, mixed mode, tiered, compressed oops, compressed class ptrs, g1 gc, bsd-aarch64)
# Problematic frame:
# C  [rsession-arm64+0x97bad4]  rstudio_boost::asio::placeholders::bytes_transferred()+0x1a9098
#
# No core dump will be written. Core dumps have been disabled. To enable core dumping, try "ulimit -c unlimited" before starting Java again
#
# If you would like to submit a bug report, please visit:
#   https://github.com/adoptium/adoptium-support/issues
#

---------------  S U M M A R Y ------------

Command Line: -Djava.awt.headless=true -Xmx512m -Xrs vfprintf exit -Xss2m 

Host: "Mac14,9" arm64, 10 cores, 32G, Darwin 23.4.0, macOS 14.4.1 (23E224)
Time: Fri May 24 21:57:50 2024 CDT elapsed time: 31137.048028 seconds (0d 8h 38m 57s)

---------------  T H R E A D  ---------------

Current thread is native thread

Stack: [0x000000016bd44000,0x000000016bdc7000],  sp=0x000000016bdc6a50,  free space=522k
Native frames: (J=compiled Java code, j=interpreted, Vv=VM code, C=native code)
C  [rsession-arm64+0x97bad4]  rstudio_boost::asio::placeholders::bytes_transferred()+0x1a9098
C  [rsession-arm64+0x978c64]  rstudio_boost::asio::placeholders::bytes_transferred()+0x1a6228
C  [rsession-arm64+0x982a58]  rstudio_boost::asio::placeholders::bytes_transferred()+0x1b001c
C  [rsession-arm64+0x980150]  rstudio_boost::asio::placeholders::bytes_transferred()+0x1ad714
C  [rsession-arm64+0x9dc988]  rstudio_boost::asio::detail::descriptor_write_op_base<rstudio_boost::asio::const_buffers_1>::do_perform(rstudio_boost::asio::detail::reactor_op*)+0x9970
C  [rsession-arm64+0x97b078]  rstudio_boost::asio::placeholders::bytes_transferred()+0x1a863c
C  [rsession-arm64+0x9dca3c]  rstudio_boost::asio::detail::descriptor_write_op_base<rstudio_boost::asio::const_buffers_1>::do_perform(rstudio_boost::asio::detail::reactor_op*)+0x9a24
C  [rsession-arm64+0x9769d8]  rstudio_boost::asio::placeholders::bytes_transferred()+0x1a3f9c
C  [rsession-arm64+0xb04a1c]  rstudio_boost::asio::detail::descriptor_write_op_base<rstudio_boost::asio::const_buffers_1>::do_perform(rstudio_boost::asio::detail::reactor_op*)+0x131a04
C  [libsystem_pthread.dylib+0x6f94]  _pthread_start+0x88


siginfo: si_signo: 11 (SIGSEGV), si_code: 2 (SEGV_ACCERR), si_addr: 0x0000000000000000

Registers:
 x0=0x0000000000000000  x1=0x0000000000000000  x2=0x0000000114f04aa0  x3=0x0000000000000003
 x4=0x0000000001104924  x5=0x0000000000000003  x6=0x0000000000000002  x7=0x0000000000000403
 x8=0x0000000000000000  x9=0x000000010860c0c0 x10=0x0000000000000040 x11=0x0000000000000000
x12=0x0000000000000000 x13=0x0000000000000000 x14=0x0000000114f00000 x15=0x0000000000100820
x16=0x00000001864894ec x17=0x0000000114f04b00 x18=0x0000000000000000 x19=0x000000010513f238
x20=0x0000000138eb6810 x21=0x000000016bdc6b70 x22=0x0000000138ef46a0 x23=0x000000010860a910
x24=0x000000010860a920 x25=0x0000000000000024 x26=0x0000000118f09580 x27=0x000000000003d090
x28=0x000000010513f000  fp=0x000000016bdc6ae0  lr=0x1401800104bdfa68  sp=0x000000016bdc6a50
pc=0x0000000104bdfad4 cpsr=0x0000000060001000
Top of Stack: (sp=0x000000016bdc6a50)
0x000000016bdc6a50:   0000000114f04aa0 0000000000000024
0x000000016bdc6a60:   0000000114f04aa0 0000000000000024
0x000000016bdc6a70:   8000000000000030 0000000138ef46a0
0x000000016bdc6a80:   000000010510ae98 0000000000000000
0x000000016bdc6a90:   0000000000000000 0000000000000000
0x000000016bdc6aa0:   0000000114f04b60 0000000000000024
0x000000016bdc6ab0:   8000000000000030 0000000138ef46a0
0x000000016bdc6ac0:   0000000138ef46a0 0000000138ef47a8
0x000000016bdc6ad0:   000000010860a6c8 000000016bdc6bb0
0x000000016bdc6ae0:   000000016bdc6ba0 0000000104bdcc64
0x000000016bdc6af0:   0000000114f04a40 0000000000000024
0x000000016bdc6b00:   8000000000000030 0000000138ef46a0
0x000000016bdc6b10:   000000010510ae98 0000000114f04a10
0x000000016bdc6b20:   0000000000000003 000000016bdc70e0
0x000000016bdc6b30:   000000010510ae98 0000000114f04ad0
0x000000016bdc6b40:   0000000118f09580 0000000000000024
0x000000016bdc6b50:   0000000114f04b30 0000000000000024
0x000000016bdc6b60:   8000000000000030 0000000138ef46a0
0x000000016bdc6b70:   00000001051124a8 0000000114f04cf0
0x000000016bdc6b80:   000000016bdc6bc0 6b2180018629f7e0
0x000000016bdc6b90:   000000016bdc6cb8 0000000138ef46a0
0x000000016bdc6ba0:   000000016bdc6be0 0000000104be6a58
0x000000016bdc6bb0:   0000000114f049e0 0000000000000024
0x000000016bdc6bc0:   8000000000000030 0000000138ef46a0
0x000000016bdc6bd0:   000000016bdc6cb8 0000000138ef46a0
0x000000016bdc6be0:   000000016bdc6c30 0000000104be4150
0x000000016bdc6bf0:   0000000000000000 0000000000000000
0x000000016bdc6c00:   0000000000000000 0000000138ef46a0
0x000000016bdc6c10:   000000016bdc6c30 f60c0001863bf108
0x000000016bdc6c20:   000000016bdc6cb8 0000000138ef46a0
0x000000016bdc6c30:   000000016bdc6c80 0000000104c40988
0x000000016bdc6c40:   0000000000000000 0000000000000000 

Instructions: (pc=0x0000000104bdfad4)
0x0000000104bdf9d4:   37000108 927ff908 f9400108 b40000a8
0x0000000104bdf9e4:   9100a260 aa0003e1 52800042 d63f0100
0x0000000104bdf9f4:   f900127f f9400a73 b40000b3 91002268
0x0000000104bdfa04:   92800009 f8e90108 b4000088 a9417bfd
0x0000000104bdfa14:   a8c24ff4 d65f03c0 f9400268 f9400908
0x0000000104bdfa24:   aa1303e0 d63f0100 aa1303e0 a9417bfd
0x0000000104bdfa34:   a8c24ff4 140a5861 97da2d7f d10283ff
0x0000000104bdfa44:   a90757f6 a9084ff4 a9097bfd 910243fd
0x0000000104bdfa54:   aa0103f5 aa0003f3 f9400414 aa1403e0
0x0000000104bdfa64:   940a5b17 aa0003e1 7100103f 54ffff80
0x0000000104bdfa74:   35000801 a942a668 eb08012a d37ced4a
0x0000000104bdfa84:   d100054a 9a8a03eb a944326a 8b0a018a
0x0000000104bdfa94:   eb0a017f 540000c1 91008260 9400019d
0x0000000104bdfaa4:   a9442a6b a942a668 8b0a016a eb08013f
0x0000000104bdfab4:   540000e0 d344fd49 927de129 f8696908
0x0000000104bdfac4:   92401949 8b091508 14000002 d2800008
0x0000000104bdfad4:   f900011f f94002a9 b40001c9 f9000109
0x0000000104bdfae4:   37000109 927ff929 f9400129 910022a0
0x0000000104bdfaf4:   91002101 52800002 d63f0120 14000005
0x0000000104bdfb04:   3cc082a0 f9400ea9 f9000d09 3c808100
0x0000000104bdfb14:   f9402668 91000508 f9002668 aa1403e0
0x0000000104bdfb24:   940a5aed 7100101f 54ffffa0 35000100
0x0000000104bdfb34:   f9400a60 97da7c51 a9497bfd a9484ff4
0x0000000104bdfb44:   a94757f6 910283ff d65f03c0 90002100
0x0000000104bdfb54:   91336800 f0002001 9137d821 f0002002
0x0000000104bdfb64:   91386842 528008c3 9403e328 17fffff1
0x0000000104bdfb74:   f0002002 91371c42 910123e0 94062d5a
0x0000000104bdfb84:   b0002848 f9449108 91004108 f90027e8
0x0000000104bdfb94:   910123e0 97da8b08 d4200020 97da2d26
0x0000000104bdfba4:   aa0103f5 aa0003f6 aa1403e0 940a5aca
0x0000000104bdfbb4:   7100101f 54ffffa0 340002a0 90002100
0x0000000104bdfbc4:   91336800 f0002001 9137d821 f0002002 



---------------  P R O C E S S  ---------------

VM state: not at safepoint (normal execution)

VM Mutex/Monitor currently owned by a thread: None

Heap address: 0x00000007e0000000, size: 512 MB, Compressed Oops mode: Zero based, Oop shift amount: 3

CDS archive(s) not mapped
Compressed class space mapped at: 0x0000000800000000-0x0000000840000000, reserved size: 1073741824
Narrow klass base: 0x0000000800000000, Narrow klass shift: 0, Narrow klass range: 0x40000000

GC Precious Log:
<Skipped>

Heap:
 garbage-first heap   total 524288K, used 306753K [0x00000007e0000000, 0x0000000800000000)
  region size 1024K, 257 young (263168K), 4 survivors (4096K)
 Metaspace       used 14520K, committed 14720K, reserved 1114112K
  class space    used 1376K, committed 1472K, reserved 1048576K

Heap Regions: E=young(eden), S=young(survivor), O=old, HS=humongous(starts), HC=humongous(continues), CS=collection set, F=free, OA=open archive, CA=closed archive, TAMS=top-at-mark-start (previous, next)
|   0|0x00000007e0000000, 0x00000007e0100000, 0x00000007e0100000|100%|HS|  |TAMS 0x00000007e0000000, 0x00000007e0000000| Complete 
|   1|0x00000007e0100000, 0x00000007e0200000, 0x00000007e0200000|100%|HC|  |TAMS 0x00000007e0100000, 0x00000007e0100000| Complete 
|   2|0x00000007e0200000, 0x00000007e0300000, 0x00000007e0300000|100%|HS|  |TAMS 0x00000007e0200000, 0x00000007e0200000| Complete 
|   3|0x00000007e0300000, 0x00000007e0400000, 0x00000007e0400000|100%|HC|  |TAMS 0x00000007e0300000, 0x00000007e0300000| Complete 
|   4|0x00000007e0400000, 0x00000007e0500000, 0x00000007e0500000|100%|HS|  |TAMS 0x00000007e0400000, 0x00000007e0400000| Complete 
|   5|0x00000007e0500000, 0x00000007e0600000, 0x00000007e0600000|100%|HC|  |TAMS 0x00000007e0500000, 0x00000007e0500000| Complete 
|   6|0x00000007e0600000, 0x00000007e0700000, 0x00000007e0700000|100%|HC|  |TAMS 0x00000007e0600000, 0x00000007e0600000| Complete 
|   7|0x00000007e0700000, 0x00000007e0800000, 0x00000007e0800000|100%|HS|  |TAMS 0x00000007e0700000, 0x00000007e0700000| Complete 
|   8|0x00000007e0800000, 0x00000007e0900000, 0x00000007e0900000|100%|HS|  |TAMS 0x00000007e0800000, 0x00000007e0800000| Complete 
|   9|0x00000007e0900000, 0x00000007e0a00000, 0x00000007e0a00000|100%|HC|  |TAMS 0x00000007e0900000, 0x00000007e0900000| Complete 
|  10|0x00000007e0a00000, 0x00000007e0b00000, 0x00000007e0b00000|100%|HC|  |TAMS 0x00000007e0a00000, 0x00000007e0a00000| Complete 
|  11|0x00000007e0b00000, 0x00000007e0c00000, 0x00000007e0c00000|100%|HC|  |TAMS 0x00000007e0b00000, 0x00000007e0b00000| Complete 
|  12|0x00000007e0c00000, 0x00000007e0d00000, 0x00000007e0d00000|100%|HC|  |TAMS 0x00000007e0c00000, 0x00000007e0c00000| Complete 
|  13|0x00000007e0d00000, 0x00000007e0e00000, 0x00000007e0e00000|100%|HS|  |TAMS 0x00000007e0d00000, 0x00000007e0d00000| Complete 
|  14|0x00000007e0e00000, 0x00000007e0f00000, 0x00000007e0f00000|100%|HS|  |TAMS 0x00000007e0e00000, 0x00000007e0e00000| Complete 
|  15|0x00000007e0f00000, 0x00000007e1000000, 0x00000007e1000000|100%|HC|  |TAMS 0x00000007e0f00000, 0x00000007e0f00000| Complete 
|  16|0x00000007e1000000, 0x00000007e1100000, 0x00000007e1100000|100%|HS|  |TAMS 0x00000007e1000000, 0x00000007e1000000| Complete 
|  17|0x00000007e1100000, 0x00000007e1200000, 0x00000007e1200000|100%|HC|  |TAMS 0x00000007e1100000, 0x00000007e1100000| Complete 
|  18|0x00000007e1200000, 0x00000007e1300000, 0x00000007e1300000|100%|HC|  |TAMS 0x00000007e1200000, 0x00000007e1200000| Complete 
|  19|0x00000007e1300000, 0x00000007e1400000, 0x00000007e1400000|100%|HC|  |TAMS 0x00000007e1300000, 0x00000007e1300000| Complete 
|  20|0x00000007e1400000, 0x00000007e1500000, 0x00000007e1500000|100%|HS|  |TAMS 0x00000007e1400000, 0x00000007e1400000| Complete 
|  21|0x00000007e1500000, 0x00000007e1600000, 0x00000007e1600000|100%|HS|  |TAMS 0x00000007e1500000, 0x00000007e1500000| Complete 
|  22|0x00000007e1600000, 0x00000007e1700000, 0x00000007e1700000|100%|HC|  |TAMS 0x00000007e1600000, 0x00000007e1600000| Complete 
|  23|0x00000007e1700000, 0x00000007e1800000, 0x00000007e1800000|100%|HS|  |TAMS 0x00000007e1700000, 0x00000007e1700000| Complete 
|  24|0x00000007e1800000, 0x00000007e1900000, 0x00000007e1900000|100%|HS|  |TAMS 0x00000007e1800000, 0x00000007e1800000| Complete 
|  25|0x00000007e1900000, 0x00000007e1a00000, 0x00000007e1a00000|100%|HC|  |TAMS 0x00000007e1900000, 0x00000007e1900000| Complete 
|  26|0x00000007e1a00000, 0x00000007e1b00000, 0x00000007e1b00000|100%|HC|  |TAMS 0x00000007e1a00000, 0x00000007e1a00000| Complete 
|  27|0x00000007e1b00000, 0x00000007e1c00000, 0x00000007e1c00000|100%|HS|  |TAMS 0x00000007e1b00000, 0x00000007e1b00000| Complete 
|  28|0x00000007e1c00000, 0x00000007e1d00000, 0x00000007e1d00000|100%|HS|  |TAMS 0x00000007e1c00000, 0x00000007e1c00000| Complete 
|  29|0x00000007e1d00000, 0x00000007e1e00000, 0x00000007e1e00000|100%|HC|  |TAMS 0x00000007e1d00000, 0x00000007e1d00000| Complete 
|  30|0x00000007e1e00000, 0x00000007e1f00000, 0x00000007e1f00000|100%|HC|  |TAMS 0x00000007e1e00000, 0x00000007e1e00000| Complete 
|  31|0x00000007e1f00000, 0x00000007e2000000, 0x00000007e2000000|100%|HC|  |TAMS 0x00000007e1f00000, 0x00000007e1f00000| Complete 
|  32|0x00000007e2000000, 0x00000007e2100000, 0x00000007e2100000|100%|HC|  |TAMS 0x00000007e2000000, 0x00000007e2000000| Complete 
|  33|0x00000007e2100000, 0x00000007e2200000, 0x00000007e2200000|100%|HS|  |TAMS 0x00000007e2100000, 0x00000007e2100000| Complete 
|  34|0x00000007e2200000, 0x00000007e2300000, 0x00000007e2300000|100%|HS|  |TAMS 0x00000007e2200000, 0x00000007e2200000| Complete 
|  35|0x00000007e2300000, 0x00000007e2400000, 0x00000007e2400000|100%|HC|  |TAMS 0x00000007e2300000, 0x00000007e2300000| Complete 
|  36|0x00000007e2400000, 0x00000007e2500000, 0x00000007e2500000|100%|HS|  |TAMS 0x00000007e2400000, 0x00000007e2400000| Complete 
|  37|0x00000007e2500000, 0x00000007e2600000, 0x00000007e2600000|100%|HC|  |TAMS 0x00000007e2500000, 0x00000007e2500000| Complete 
|  38|0x00000007e2600000, 0x00000007e2700000, 0x00000007e2700000|100%|HC|  |TAMS 0x00000007e2600000, 0x00000007e2600000| Complete 
|  39|0x00000007e2700000, 0x00000007e2800000, 0x00000007e2800000|100%|HC|  |TAMS 0x00000007e2700000, 0x00000007e2700000| Complete 
|  40|0x00000007e2800000, 0x00000007e2900000, 0x00000007e2900000|100%|HS|  |TAMS 0x00000007e2800000, 0x00000007e2800000| Complete 
|  41|0x00000007e2900000, 0x00000007e2a00000, 0x00000007e2a00000|100%|HS|  |TAMS 0x00000007e2900000, 0x00000007e2900000| Complete 
|  42|0x00000007e2a00000, 0x00000007e2b00000, 0x00000007e2b00000|100%|HC|  |TAMS 0x00000007e2a00000, 0x00000007e2a00000| Complete 
|  43|0x00000007e2b00000, 0x00000007e2c00000, 0x00000007e2c00000|100%|HS|  |TAMS 0x00000007e2b00000, 0x00000007e2b00000| Complete 
|  44|0x00000007e2c00000, 0x00000007e2c00000, 0x00000007e2d00000|  0%| F|  |TAMS 0x00000007e2c00000, 0x00000007e2c00000| Untracked 
|  45|0x00000007e2d00000, 0x00000007e2d00000, 0x00000007e2e00000|  0%| F|  |TAMS 0x00000007e2d00000, 0x00000007e2d00000| Untracked 
|  46|0x00000007e2e00000, 0x00000007e2e00000, 0x00000007e2f00000|  0%| F|  |TAMS 0x00000007e2e00000, 0x00000007e2e00000| Untracked 
|  47|0x00000007e2f00000, 0x00000007e2f00000, 0x00000007e3000000|  0%| F|  |TAMS 0x00000007e2f00000, 0x00000007e2f00000| Untracked 
|  48|0x00000007e3000000, 0x00000007e3000000, 0x00000007e3100000|  0%| F|  |TAMS 0x00000007e3000000, 0x00000007e3000000| Untracked 
|  49|0x00000007e3100000, 0x00000007e3100000, 0x00000007e3200000|  0%| F|  |TAMS 0x00000007e3100000, 0x00000007e3100000| Untracked 
|  50|0x00000007e3200000, 0x00000007e3200000, 0x00000007e3300000|  0%| F|  |TAMS 0x00000007e3200000, 0x00000007e3200000| Untracked 
|  51|0x00000007e3300000, 0x00000007e3300000, 0x00000007e3400000|  0%| F|  |TAMS 0x00000007e3300000, 0x00000007e3300000| Untracked 
|  52|0x00000007e3400000, 0x00000007e3400000, 0x00000007e3500000|  0%| F|  |TAMS 0x00000007e3400000, 0x00000007e3400000| Untracked 
|  53|0x00000007e3500000, 0x00000007e3500000, 0x00000007e3600000|  0%| F|  |TAMS 0x00000007e3500000, 0x00000007e3500000| Untracked 
|  54|0x00000007e3600000, 0x00000007e3600000, 0x00000007e3700000|  0%| F|  |TAMS 0x00000007e3600000, 0x00000007e3600000| Untracked 
|  55|0x00000007e3700000, 0x00000007e3700000, 0x00000007e3800000|  0%| F|  |TAMS 0x00000007e3700000, 0x00000007e3700000| Untracked 
|  56|0x00000007e3800000, 0x00000007e3800000, 0x00000007e3900000|  0%| F|  |TAMS 0x00000007e3800000, 0x00000007e3800000| Untracked 
|  57|0x00000007e3900000, 0x00000007e3900000, 0x00000007e3a00000|  0%| F|  |TAMS 0x00000007e3900000, 0x00000007e3900000| Untracked 
|  58|0x00000007e3a00000, 0x00000007e3a00000, 0x00000007e3b00000|  0%| F|  |TAMS 0x00000007e3a00000, 0x00000007e3a00000| Untracked 
|  59|0x00000007e3b00000, 0x00000007e3b00000, 0x00000007e3c00000|  0%| F|  |TAMS 0x00000007e3b00000, 0x00000007e3b00000| Untracked 
|  60|0x00000007e3c00000, 0x00000007e3c00000, 0x00000007e3d00000|  0%| F|  |TAMS 0x00000007e3c00000, 0x00000007e3c00000| Untracked 
|  61|0x00000007e3d00000, 0x00000007e3d00000, 0x00000007e3e00000|  0%| F|  |TAMS 0x00000007e3d00000, 0x00000007e3d00000| Untracked 
|  62|0x00000007e3e00000, 0x00000007e3e00000, 0x00000007e3f00000|  0%| F|  |TAMS 0x00000007e3e00000, 0x00000007e3e00000| Untracked 
|  63|0x00000007e3f00000, 0x00000007e3f00000, 0x00000007e4000000|  0%| F|  |TAMS 0x00000007e3f00000, 0x00000007e3f00000| Untracked 
|  64|0x00000007e4000000, 0x00000007e4000000, 0x00000007e4100000|  0%| F|  |TAMS 0x00000007e4000000, 0x00000007e4000000| Untracked 
|  65|0x00000007e4100000, 0x00000007e4100000, 0x00000007e4200000|  0%| F|  |TAMS 0x00000007e4100000, 0x00000007e4100000| Untracked 
|  66|0x00000007e4200000, 0x00000007e4200000, 0x00000007e4300000|  0%| F|  |TAMS 0x00000007e4200000, 0x00000007e4200000| Untracked 
|  67|0x00000007e4300000, 0x00000007e4300000, 0x00000007e4400000|  0%| F|  |TAMS 0x00000007e4300000, 0x00000007e4300000| Untracked 
|  68|0x00000007e4400000, 0x00000007e4400000, 0x00000007e4500000|  0%| F|  |TAMS 0x00000007e4400000, 0x00000007e4400000| Untracked 
|  69|0x00000007e4500000, 0x00000007e4500000, 0x00000007e4600000|  0%| F|  |TAMS 0x00000007e4500000, 0x00000007e4500000| Untracked 
|  70|0x00000007e4600000, 0x00000007e4600000, 0x00000007e4700000|  0%| F|  |TAMS 0x00000007e4600000, 0x00000007e4600000| Untracked 
|  71|0x00000007e4700000, 0x00000007e4700000, 0x00000007e4800000|  0%| F|  |TAMS 0x00000007e4700000, 0x00000007e4700000| Untracked 
|  72|0x00000007e4800000, 0x00000007e4800000, 0x00000007e4900000|  0%| F|  |TAMS 0x00000007e4800000, 0x00000007e4800000| Untracked 
|  73|0x00000007e4900000, 0x00000007e4900000, 0x00000007e4a00000|  0%| F|  |TAMS 0x00000007e4900000, 0x00000007e4900000| Untracked 
|  74|0x00000007e4a00000, 0x00000007e4a00000, 0x00000007e4b00000|  0%| F|  |TAMS 0x00000007e4a00000, 0x00000007e4a00000| Untracked 
|  75|0x00000007e4b00000, 0x00000007e4b00000, 0x00000007e4c00000|  0%| F|  |TAMS 0x00000007e4b00000, 0x00000007e4b00000| Untracked 
|  76|0x00000007e4c00000, 0x00000007e4c00000, 0x00000007e4d00000|  0%| F|  |TAMS 0x00000007e4c00000, 0x00000007e4c00000| Untracked 
|  77|0x00000007e4d00000, 0x00000007e4d00000, 0x00000007e4e00000|  0%| F|  |TAMS 0x00000007e4d00000, 0x00000007e4d00000| Untracked 
|  78|0x00000007e4e00000, 0x00000007e4e00000, 0x00000007e4f00000|  0%| F|  |TAMS 0x00000007e4e00000, 0x00000007e4e00000| Untracked 
|  79|0x00000007e4f00000, 0x00000007e4f00000, 0x00000007e5000000|  0%| F|  |TAMS 0x00000007e4f00000, 0x00000007e4f00000| Untracked 
|  80|0x00000007e5000000, 0x00000007e5000000, 0x00000007e5100000|  0%| F|  |TAMS 0x00000007e5000000, 0x00000007e5000000| Untracked 
|  81|0x00000007e5100000, 0x00000007e5100000, 0x00000007e5200000|  0%| F|  |TAMS 0x00000007e5100000, 0x00000007e5100000| Untracked 
|  82|0x00000007e5200000, 0x00000007e5200000, 0x00000007e5300000|  0%| F|  |TAMS 0x00000007e5200000, 0x00000007e5200000| Untracked 
|  83|0x00000007e5300000, 0x00000007e5300000, 0x00000007e5400000|  0%| F|  |TAMS 0x00000007e5300000, 0x00000007e5300000| Untracked 
|  84|0x00000007e5400000, 0x00000007e5400000, 0x00000007e5500000|  0%| F|  |TAMS 0x00000007e5400000, 0x00000007e5400000| Untracked 
|  85|0x00000007e5500000, 0x00000007e5500000, 0x00000007e5600000|  0%| F|  |TAMS 0x00000007e5500000, 0x00000007e5500000| Untracked 
|  86|0x00000007e5600000, 0x00000007e5600000, 0x00000007e5700000|  0%| F|  |TAMS 0x00000007e5600000, 0x00000007e5600000| Untracked 
|  87|0x00000007e5700000, 0x00000007e5700000, 0x00000007e5800000|  0%| F|  |TAMS 0x00000007e5700000, 0x00000007e5700000| Untracked 
|  88|0x00000007e5800000, 0x00000007e5800000, 0x00000007e5900000|  0%| F|  |TAMS 0x00000007e5800000, 0x00000007e5800000| Untracked 
|  89|0x00000007e5900000, 0x00000007e5900000, 0x00000007e5a00000|  0%| F|  |TAMS 0x00000007e5900000, 0x00000007e5900000| Untracked 
|  90|0x00000007e5a00000, 0x00000007e5a00000, 0x00000007e5b00000|  0%| F|  |TAMS 0x00000007e5a00000, 0x00000007e5a00000| Untracked 
|  91|0x00000007e5b00000, 0x00000007e5b00000, 0x00000007e5c00000|  0%| F|  |TAMS 0x00000007e5b00000, 0x00000007e5b00000| Untracked 
|  92|0x00000007e5c00000, 0x00000007e5c00000, 0x00000007e5d00000|  0%| F|  |TAMS 0x00000007e5c00000, 0x00000007e5c00000| Untracked 
|  93|0x00000007e5d00000, 0x00000007e5d00000, 0x00000007e5e00000|  0%| F|  |TAMS 0x00000007e5d00000, 0x00000007e5d00000| Untracked 
|  94|0x00000007e5e00000, 0x00000007e5e00000, 0x00000007e5f00000|  0%| F|  |TAMS 0x00000007e5e00000, 0x00000007e5e00000| Untracked 
|  95|0x00000007e5f00000, 0x00000007e5f00000, 0x00000007e6000000|  0%| F|  |TAMS 0x00000007e5f00000, 0x00000007e5f00000| Untracked 
|  96|0x00000007e6000000, 0x00000007e6000000, 0x00000007e6100000|  0%| F|  |TAMS 0x00000007e6000000, 0x00000007e6000000| Untracked 
|  97|0x00000007e6100000, 0x00000007e6100000, 0x00000007e6200000|  0%| F|  |TAMS 0x00000007e6100000, 0x00000007e6100000| Untracked 
|  98|0x00000007e6200000, 0x00000007e6200000, 0x00000007e6300000|  0%| F|  |TAMS 0x00000007e6200000, 0x00000007e6200000| Untracked 
|  99|0x00000007e6300000, 0x00000007e6300000, 0x00000007e6400000|  0%| F|  |TAMS 0x00000007e6300000, 0x00000007e6300000| Untracked 
| 100|0x00000007e6400000, 0x00000007e6400000, 0x00000007e6500000|  0%| F|  |TAMS 0x00000007e6400000, 0x00000007e6400000| Untracked 
| 101|0x00000007e6500000, 0x00000007e6500000, 0x00000007e6600000|  0%| F|  |TAMS 0x00000007e6500000, 0x00000007e6500000| Untracked 
| 102|0x00000007e6600000, 0x00000007e6600000, 0x00000007e6700000|  0%| F|  |TAMS 0x00000007e6600000, 0x00000007e6600000| Untracked 
| 103|0x00000007e6700000, 0x00000007e6700000, 0x00000007e6800000|  0%| F|  |TAMS 0x00000007e6700000, 0x00000007e6700000| Untracked 
| 104|0x00000007e6800000, 0x00000007e6800000, 0x00000007e6900000|  0%| F|  |TAMS 0x00000007e6800000, 0x00000007e6800000| Untracked 
| 105|0x00000007e6900000, 0x00000007e6900000, 0x00000007e6a00000|  0%| F|  |TAMS 0x00000007e6900000, 0x00000007e6900000| Untracked 
| 106|0x00000007e6a00000, 0x00000007e6a00000, 0x00000007e6b00000|  0%| F|  |TAMS 0x00000007e6a00000, 0x00000007e6a00000| Untracked 
| 107|0x00000007e6b00000, 0x00000007e6b00000, 0x00000007e6c00000|  0%| F|  |TAMS 0x00000007e6b00000, 0x00000007e6b00000| Untracked 
| 108|0x00000007e6c00000, 0x00000007e6c00000, 0x00000007e6d00000|  0%| F|  |TAMS 0x00000007e6c00000, 0x00000007e6c00000| Untracked 
| 109|0x00000007e6d00000, 0x00000007e6d00000, 0x00000007e6e00000|  0%| F|  |TAMS 0x00000007e6d00000, 0x00000007e6d00000| Untracked 
| 110|0x00000007e6e00000, 0x00000007e6e00000, 0x00000007e6f00000|  0%| F|  |TAMS 0x00000007e6e00000, 0x00000007e6e00000| Untracked 
| 111|0x00000007e6f00000, 0x00000007e6f00000, 0x00000007e7000000|  0%| F|  |TAMS 0x00000007e6f00000, 0x00000007e6f00000| Untracked 
| 112|0x00000007e7000000, 0x00000007e7000000, 0x00000007e7100000|  0%| F|  |TAMS 0x00000007e7000000, 0x00000007e7000000| Untracked 
| 113|0x00000007e7100000, 0x00000007e7100000, 0x00000007e7200000|  0%| F|  |TAMS 0x00000007e7100000, 0x00000007e7100000| Untracked 
| 114|0x00000007e7200000, 0x00000007e7200000, 0x00000007e7300000|  0%| F|  |TAMS 0x00000007e7200000, 0x00000007e7200000| Untracked 
| 115|0x00000007e7300000, 0x00000007e7300000, 0x00000007e7400000|  0%| F|  |TAMS 0x00000007e7300000, 0x00000007e7300000| Untracked 
| 116|0x00000007e7400000, 0x00000007e7400000, 0x00000007e7500000|  0%| F|  |TAMS 0x00000007e7400000, 0x00000007e7400000| Untracked 
| 117|0x00000007e7500000, 0x00000007e7500000, 0x00000007e7600000|  0%| F|  |TAMS 0x00000007e7500000, 0x00000007e7500000| Untracked 
| 118|0x00000007e7600000, 0x00000007e7600000, 0x00000007e7700000|  0%| F|  |TAMS 0x00000007e7600000, 0x00000007e7600000| Untracked 
| 119|0x00000007e7700000, 0x00000007e7700000, 0x00000007e7800000|  0%| F|  |TAMS 0x00000007e7700000, 0x00000007e7700000| Untracked 
| 120|0x00000007e7800000, 0x00000007e7800000, 0x00000007e7900000|  0%| F|  |TAMS 0x00000007e7800000, 0x00000007e7800000| Untracked 
| 121|0x00000007e7900000, 0x00000007e7900000, 0x00000007e7a00000|  0%| F|  |TAMS 0x00000007e7900000, 0x00000007e7900000| Untracked 
| 122|0x00000007e7a00000, 0x00000007e7a00000, 0x00000007e7b00000|  0%| F|  |TAMS 0x00000007e7a00000, 0x00000007e7a00000| Untracked 
| 123|0x00000007e7b00000, 0x00000007e7b00000, 0x00000007e7c00000|  0%| F|  |TAMS 0x00000007e7b00000, 0x00000007e7b00000| Untracked 
| 124|0x00000007e7c00000, 0x00000007e7c00000, 0x00000007e7d00000|  0%| F|  |TAMS 0x00000007e7c00000, 0x00000007e7c00000| Untracked 
| 125|0x00000007e7d00000, 0x00000007e7d00000, 0x00000007e7e00000|  0%| F|  |TAMS 0x00000007e7d00000, 0x00000007e7d00000| Untracked 
| 126|0x00000007e7e00000, 0x00000007e7e00000, 0x00000007e7f00000|  0%| F|  |TAMS 0x00000007e7e00000, 0x00000007e7e00000| Untracked 
| 127|0x00000007e7f00000, 0x00000007e7f00000, 0x00000007e8000000|  0%| F|  |TAMS 0x00000007e7f00000, 0x00000007e7f00000| Untracked 
| 128|0x00000007e8000000, 0x00000007e8000000, 0x00000007e8100000|  0%| F|  |TAMS 0x00000007e8000000, 0x00000007e8000000| Untracked 
| 129|0x00000007e8100000, 0x00000007e8100000, 0x00000007e8200000|  0%| F|  |TAMS 0x00000007e8100000, 0x00000007e8100000| Untracked 
| 130|0x00000007e8200000, 0x00000007e8200000, 0x00000007e8300000|  0%| F|  |TAMS 0x00000007e8200000, 0x00000007e8200000| Untracked 
| 131|0x00000007e8300000, 0x00000007e8300000, 0x00000007e8400000|  0%| F|  |TAMS 0x00000007e8300000, 0x00000007e8300000| Untracked 
| 132|0x00000007e8400000, 0x00000007e8400000, 0x00000007e8500000|  0%| F|  |TAMS 0x00000007e8400000, 0x00000007e8400000| Untracked 
| 133|0x00000007e8500000, 0x00000007e8500000, 0x00000007e8600000|  0%| F|  |TAMS 0x00000007e8500000, 0x00000007e8500000| Untracked 
| 134|0x00000007e8600000, 0x00000007e8600000, 0x00000007e8700000|  0%| F|  |TAMS 0x00000007e8600000, 0x00000007e8600000| Untracked 
| 135|0x00000007e8700000, 0x00000007e8700000, 0x00000007e8800000|  0%| F|  |TAMS 0x00000007e8700000, 0x00000007e8700000| Untracked 
| 136|0x00000007e8800000, 0x00000007e8800000, 0x00000007e8900000|  0%| F|  |TAMS 0x00000007e8800000, 0x00000007e8800000| Untracked 
| 137|0x00000007e8900000, 0x00000007e8900000, 0x00000007e8a00000|  0%| F|  |TAMS 0x00000007e8900000, 0x00000007e8900000| Untracked 
| 138|0x00000007e8a00000, 0x00000007e8a00000, 0x00000007e8b00000|  0%| F|  |TAMS 0x00000007e8a00000, 0x00000007e8a00000| Untracked 
| 139|0x00000007e8b00000, 0x00000007e8b00000, 0x00000007e8c00000|  0%| F|  |TAMS 0x00000007e8b00000, 0x00000007e8b00000| Untracked 
| 140|0x00000007e8c00000, 0x00000007e8c00000, 0x00000007e8d00000|  0%| F|  |TAMS 0x00000007e8c00000, 0x00000007e8c00000| Untracked 
| 141|0x00000007e8d00000, 0x00000007e8d00000, 0x00000007e8e00000|  0%| F|  |TAMS 0x00000007e8d00000, 0x00000007e8d00000| Untracked 
| 142|0x00000007e8e00000, 0x00000007e8e00000, 0x00000007e8f00000|  0%| F|  |TAMS 0x00000007e8e00000, 0x00000007e8e00000| Untracked 
| 143|0x00000007e8f00000, 0x00000007e8f00000, 0x00000007e9000000|  0%| F|  |TAMS 0x00000007e8f00000, 0x00000007e8f00000| Untracked 
| 144|0x00000007e9000000, 0x00000007e9000000, 0x00000007e9100000|  0%| F|  |TAMS 0x00000007e9000000, 0x00000007e9000000| Untracked 
| 145|0x00000007e9100000, 0x00000007e9100000, 0x00000007e9200000|  0%| F|  |TAMS 0x00000007e9100000, 0x00000007e9100000| Untracked 
| 146|0x00000007e9200000, 0x00000007e9200000, 0x00000007e9300000|  0%| F|  |TAMS 0x00000007e9200000, 0x00000007e9200000| Untracked 
| 147|0x00000007e9300000, 0x00000007e9300000, 0x00000007e9400000|  0%| F|  |TAMS 0x00000007e9300000, 0x00000007e9300000| Untracked 
| 148|0x00000007e9400000, 0x00000007e9400000, 0x00000007e9500000|  0%| F|  |TAMS 0x00000007e9400000, 0x00000007e9400000| Untracked 
| 149|0x00000007e9500000, 0x00000007e9500000, 0x00000007e9600000|  0%| F|  |TAMS 0x00000007e9500000, 0x00000007e9500000| Untracked 
| 150|0x00000007e9600000, 0x00000007e9600000, 0x00000007e9700000|  0%| F|  |TAMS 0x00000007e9600000, 0x00000007e9600000| Untracked 
| 151|0x00000007e9700000, 0x00000007e9700000, 0x00000007e9800000|  0%| F|  |TAMS 0x00000007e9700000, 0x00000007e9700000| Untracked 
| 152|0x00000007e9800000, 0x00000007e9800000, 0x00000007e9900000|  0%| F|  |TAMS 0x00000007e9800000, 0x00000007e9800000| Untracked 
| 153|0x00000007e9900000, 0x00000007e9900000, 0x00000007e9a00000|  0%| F|  |TAMS 0x00000007e9900000, 0x00000007e9900000| Untracked 
| 154|0x00000007e9a00000, 0x00000007e9a00000, 0x00000007e9b00000|  0%| F|  |TAMS 0x00000007e9a00000, 0x00000007e9a00000| Untracked 
| 155|0x00000007e9b00000, 0x00000007e9b00000, 0x00000007e9c00000|  0%| F|  |TAMS 0x00000007e9b00000, 0x00000007e9b00000| Untracked 
| 156|0x00000007e9c00000, 0x00000007e9c00000, 0x00000007e9d00000|  0%| F|  |TAMS 0x00000007e9c00000, 0x00000007e9c00000| Untracked 
| 157|0x00000007e9d00000, 0x00000007e9d00000, 0x00000007e9e00000|  0%| F|  |TAMS 0x00000007e9d00000, 0x00000007e9d00000| Untracked 
| 158|0x00000007e9e00000, 0x00000007e9e00000, 0x00000007e9f00000|  0%| F|  |TAMS 0x00000007e9e00000, 0x00000007e9e00000| Untracked 
| 159|0x00000007e9f00000, 0x00000007e9f00000, 0x00000007ea000000|  0%| F|  |TAMS 0x00000007e9f00000, 0x00000007e9f00000| Untracked 
| 160|0x00000007ea000000, 0x00000007ea000000, 0x00000007ea100000|  0%| F|  |TAMS 0x00000007ea000000, 0x00000007ea000000| Untracked 
| 161|0x00000007ea100000, 0x00000007ea100000, 0x00000007ea200000|  0%| F|  |TAMS 0x00000007ea100000, 0x00000007ea100000| Untracked 
| 162|0x00000007ea200000, 0x00000007ea200000, 0x00000007ea300000|  0%| F|  |TAMS 0x00000007ea200000, 0x00000007ea200000| Untracked 
| 163|0x00000007ea300000, 0x00000007ea300000, 0x00000007ea400000|  0%| F|  |TAMS 0x00000007ea300000, 0x00000007ea300000| Untracked 
| 164|0x00000007ea400000, 0x00000007ea400000, 0x00000007ea500000|  0%| F|  |TAMS 0x00000007ea400000, 0x00000007ea400000| Untracked 
| 165|0x00000007ea500000, 0x00000007ea500000, 0x00000007ea600000|  0%| F|  |TAMS 0x00000007ea500000, 0x00000007ea500000| Untracked 
| 166|0x00000007ea600000, 0x00000007ea600000, 0x00000007ea700000|  0%| F|  |TAMS 0x00000007ea600000, 0x00000007ea600000| Untracked 
| 167|0x00000007ea700000, 0x00000007ea700000, 0x00000007ea800000|  0%| F|  |TAMS 0x00000007ea700000, 0x00000007ea700000| Untracked 
| 168|0x00000007ea800000, 0x00000007ea800000, 0x00000007ea900000|  0%| F|  |TAMS 0x00000007ea800000, 0x00000007ea800000| Untracked 
| 169|0x00000007ea900000, 0x00000007ea900000, 0x00000007eaa00000|  0%| F|  |TAMS 0x00000007ea900000, 0x00000007ea900000| Untracked 
| 170|0x00000007eaa00000, 0x00000007eaa00000, 0x00000007eab00000|  0%| F|  |TAMS 0x00000007eaa00000, 0x00000007eaa00000| Untracked 
| 171|0x00000007eab00000, 0x00000007eab00000, 0x00000007eac00000|  0%| F|  |TAMS 0x00000007eab00000, 0x00000007eab00000| Untracked 
| 172|0x00000007eac00000, 0x00000007eac00000, 0x00000007ead00000|  0%| F|  |TAMS 0x00000007eac00000, 0x00000007eac00000| Untracked 
| 173|0x00000007ead00000, 0x00000007ead00000, 0x00000007eae00000|  0%| F|  |TAMS 0x00000007ead00000, 0x00000007ead00000| Untracked 
| 174|0x00000007eae00000, 0x00000007eae00000, 0x00000007eaf00000|  0%| F|  |TAMS 0x00000007eae00000, 0x00000007eae00000| Untracked 
| 175|0x00000007eaf00000, 0x00000007eaf00000, 0x00000007eb000000|  0%| F|  |TAMS 0x00000007eaf00000, 0x00000007eaf00000| Untracked 
| 176|0x00000007eb000000, 0x00000007eb000000, 0x00000007eb100000|  0%| F|  |TAMS 0x00000007eb000000, 0x00000007eb000000| Untracked 
| 177|0x00000007eb100000, 0x00000007eb100000, 0x00000007eb200000|  0%| F|  |TAMS 0x00000007eb100000, 0x00000007eb100000| Untracked 
| 178|0x00000007eb200000, 0x00000007eb200000, 0x00000007eb300000|  0%| F|  |TAMS 0x00000007eb200000, 0x00000007eb200000| Untracked 
| 179|0x00000007eb300000, 0x00000007eb300000, 0x00000007eb400000|  0%| F|  |TAMS 0x00000007eb300000, 0x00000007eb300000| Untracked 
| 180|0x00000007eb400000, 0x00000007eb400000, 0x00000007eb500000|  0%| F|  |TAMS 0x00000007eb400000, 0x00000007eb400000| Untracked 
| 181|0x00000007eb500000, 0x00000007eb500000, 0x00000007eb600000|  0%| F|  |TAMS 0x00000007eb500000, 0x00000007eb500000| Untracked 
| 182|0x00000007eb600000, 0x00000007eb600000, 0x00000007eb700000|  0%| F|  |TAMS 0x00000007eb600000, 0x00000007eb600000| Untracked 
| 183|0x00000007eb700000, 0x00000007eb700000, 0x00000007eb800000|  0%| F|  |TAMS 0x00000007eb700000, 0x00000007eb700000| Untracked 
| 184|0x00000007eb800000, 0x00000007eb800000, 0x00000007eb900000|  0%| F|  |TAMS 0x00000007eb800000, 0x00000007eb800000| Untracked 
| 185|0x00000007eb900000, 0x00000007eb900000, 0x00000007eba00000|  0%| F|  |TAMS 0x00000007eb900000, 0x00000007eb900000| Untracked 
| 186|0x00000007eba00000, 0x00000007eba00000, 0x00000007ebb00000|  0%| F|  |TAMS 0x00000007eba00000, 0x00000007eba00000| Untracked 
| 187|0x00000007ebb00000, 0x00000007ebb00000, 0x00000007ebc00000|  0%| F|  |TAMS 0x00000007ebb00000, 0x00000007ebb00000| Untracked 
| 188|0x00000007ebc00000, 0x00000007ebc00000, 0x00000007ebd00000|  0%| F|  |TAMS 0x00000007ebc00000, 0x00000007ebc00000| Untracked 
| 189|0x00000007ebd00000, 0x00000007ebd00000, 0x00000007ebe00000|  0%| F|  |TAMS 0x00000007ebd00000, 0x00000007ebd00000| Untracked 
| 190|0x00000007ebe00000, 0x00000007ebe00000, 0x00000007ebf00000|  0%| F|  |TAMS 0x00000007ebe00000, 0x00000007ebe00000| Untracked 
| 191|0x00000007ebf00000, 0x00000007ebf00000, 0x00000007ec000000|  0%| F|  |TAMS 0x00000007ebf00000, 0x00000007ebf00000| Untracked 
| 192|0x00000007ec000000, 0x00000007ec000000, 0x00000007ec100000|  0%| F|  |TAMS 0x00000007ec000000, 0x00000007ec000000| Untracked 
| 193|0x00000007ec100000, 0x00000007ec100000, 0x00000007ec200000|  0%| F|  |TAMS 0x00000007ec100000, 0x00000007ec100000| Untracked 
| 194|0x00000007ec200000, 0x00000007ec200000, 0x00000007ec300000|  0%| F|  |TAMS 0x00000007ec200000, 0x00000007ec200000| Untracked 
| 195|0x00000007ec300000, 0x00000007ec300000, 0x00000007ec400000|  0%| F|  |TAMS 0x00000007ec300000, 0x00000007ec300000| Untracked 
| 196|0x00000007ec400000, 0x00000007ec400000, 0x00000007ec500000|  0%| F|  |TAMS 0x00000007ec400000, 0x00000007ec400000| Untracked 
| 197|0x00000007ec500000, 0x00000007ec500000, 0x00000007ec600000|  0%| F|  |TAMS 0x00000007ec500000, 0x00000007ec500000| Untracked 
| 198|0x00000007ec600000, 0x00000007ec600000, 0x00000007ec700000|  0%| F|  |TAMS 0x00000007ec600000, 0x00000007ec600000| Untracked 
| 199|0x00000007ec700000, 0x00000007ec700000, 0x00000007ec800000|  0%| F|  |TAMS 0x00000007ec700000, 0x00000007ec700000| Untracked 
| 200|0x00000007ec800000, 0x00000007ec800000, 0x00000007ec900000|  0%| F|  |TAMS 0x00000007ec800000, 0x00000007ec800000| Untracked 
| 201|0x00000007ec900000, 0x00000007ec900000, 0x00000007eca00000|  0%| F|  |TAMS 0x00000007ec900000, 0x00000007ec900000| Untracked 
| 202|0x00000007eca00000, 0x00000007eca00000, 0x00000007ecb00000|  0%| F|  |TAMS 0x00000007eca00000, 0x00000007eca00000| Untracked 
| 203|0x00000007ecb00000, 0x00000007ecb00000, 0x00000007ecc00000|  0%| F|  |TAMS 0x00000007ecb00000, 0x00000007ecb00000| Untracked 
| 204|0x00000007ecc00000, 0x00000007ecc00000, 0x00000007ecd00000|  0%| F|  |TAMS 0x00000007ecc00000, 0x00000007ecc00000| Untracked 
| 205|0x00000007ecd00000, 0x00000007ecd00000, 0x00000007ece00000|  0%| F|  |TAMS 0x00000007ecd00000, 0x00000007ecd00000| Untracked 
| 206|0x00000007ece00000, 0x00000007ece00000, 0x00000007ecf00000|  0%| F|  |TAMS 0x00000007ece00000, 0x00000007ece00000| Untracked 
| 207|0x00000007ecf00000, 0x00000007ecf00000, 0x00000007ed000000|  0%| F|  |TAMS 0x00000007ecf00000, 0x00000007ecf00000| Untracked 
| 208|0x00000007ed000000, 0x00000007ed000000, 0x00000007ed100000|  0%| F|  |TAMS 0x00000007ed000000, 0x00000007ed000000| Untracked 
| 209|0x00000007ed100000, 0x00000007ed100000, 0x00000007ed200000|  0%| F|  |TAMS 0x00000007ed100000, 0x00000007ed100000| Untracked 
| 210|0x00000007ed200000, 0x00000007ed20fcd0, 0x00000007ed300000|  6%| S|CS|TAMS 0x00000007ed200000, 0x00000007ed200000| Complete 
| 211|0x00000007ed300000, 0x00000007ed400000, 0x00000007ed400000|100%| S|CS|TAMS 0x00000007ed300000, 0x00000007ed300000| Complete 
| 212|0x00000007ed400000, 0x00000007ed500000, 0x00000007ed500000|100%| S|CS|TAMS 0x00000007ed400000, 0x00000007ed400000| Complete 
| 213|0x00000007ed500000, 0x00000007ed600000, 0x00000007ed600000|100%| S|CS|TAMS 0x00000007ed500000, 0x00000007ed500000| Complete 
| 214|0x00000007ed600000, 0x00000007ed600000, 0x00000007ed700000|  0%| F|  |TAMS 0x00000007ed600000, 0x00000007ed600000| Untracked 
| 215|0x00000007ed700000, 0x00000007ed700000, 0x00000007ed800000|  0%| F|  |TAMS 0x00000007ed700000, 0x00000007ed700000| Untracked 
| 216|0x00000007ed800000, 0x00000007ed800000, 0x00000007ed900000|  0%| F|  |TAMS 0x00000007ed800000, 0x00000007ed800000| Untracked 
| 217|0x00000007ed900000, 0x00000007ed900000, 0x00000007eda00000|  0%| F|  |TAMS 0x00000007ed900000, 0x00000007ed900000| Untracked 
| 218|0x00000007eda00000, 0x00000007eda00000, 0x00000007edb00000|  0%| F|  |TAMS 0x00000007eda00000, 0x00000007eda00000| Untracked 
| 219|0x00000007edb00000, 0x00000007edb00000, 0x00000007edc00000|  0%| F|  |TAMS 0x00000007edb00000, 0x00000007edb00000| Untracked 
| 220|0x00000007edc00000, 0x00000007edc00000, 0x00000007edd00000|  0%| F|  |TAMS 0x00000007edc00000, 0x00000007edc00000| Untracked 
| 221|0x00000007edd00000, 0x00000007edd00000, 0x00000007ede00000|  0%| F|  |TAMS 0x00000007edd00000, 0x00000007edd00000| Untracked 
| 222|0x00000007ede00000, 0x00000007ede00000, 0x00000007edf00000|  0%| F|  |TAMS 0x00000007ede00000, 0x00000007ede00000| Untracked 
| 223|0x00000007edf00000, 0x00000007edf00000, 0x00000007ee000000|  0%| F|  |TAMS 0x00000007edf00000, 0x00000007edf00000| Untracked 
| 224|0x00000007ee000000, 0x00000007ee000000, 0x00000007ee100000|  0%| F|  |TAMS 0x00000007ee000000, 0x00000007ee000000| Untracked 
| 225|0x00000007ee100000, 0x00000007ee100000, 0x00000007ee200000|  0%| F|  |TAMS 0x00000007ee100000, 0x00000007ee100000| Untracked 
| 226|0x00000007ee200000, 0x00000007ee200000, 0x00000007ee300000|  0%| F|  |TAMS 0x00000007ee200000, 0x00000007ee200000| Untracked 
| 227|0x00000007ee300000, 0x00000007ee300000, 0x00000007ee400000|  0%| F|  |TAMS 0x00000007ee300000, 0x00000007ee300000| Untracked 
| 228|0x00000007ee400000, 0x00000007ee400000, 0x00000007ee500000|  0%| F|  |TAMS 0x00000007ee400000, 0x00000007ee400000| Untracked 
| 229|0x00000007ee500000, 0x00000007ee500000, 0x00000007ee600000|  0%| F|  |TAMS 0x00000007ee500000, 0x00000007ee500000| Untracked 
| 230|0x00000007ee600000, 0x00000007ee600000, 0x00000007ee700000|  0%| F|  |TAMS 0x00000007ee600000, 0x00000007ee600000| Untracked 
| 231|0x00000007ee700000, 0x00000007ee700000, 0x00000007ee800000|  0%| F|  |TAMS 0x00000007ee700000, 0x00000007ee700000| Untracked 
| 232|0x00000007ee800000, 0x00000007ee800000, 0x00000007ee900000|  0%| F|  |TAMS 0x00000007ee800000, 0x00000007ee800000| Untracked 
| 233|0x00000007ee900000, 0x00000007ee900000, 0x00000007eea00000|  0%| F|  |TAMS 0x00000007ee900000, 0x00000007ee900000| Untracked 
| 234|0x00000007eea00000, 0x00000007eea00000, 0x00000007eeb00000|  0%| F|  |TAMS 0x00000007eea00000, 0x00000007eea00000| Untracked 
| 235|0x00000007eeb00000, 0x00000007eeb00000, 0x00000007eec00000|  0%| F|  |TAMS 0x00000007eeb00000, 0x00000007eeb00000| Untracked 
| 236|0x00000007eec00000, 0x00000007eec00000, 0x00000007eed00000|  0%| F|  |TAMS 0x00000007eec00000, 0x00000007eec00000| Untracked 
| 237|0x00000007eed00000, 0x00000007eed00000, 0x00000007eee00000|  0%| F|  |TAMS 0x00000007eed00000, 0x00000007eed00000| Untracked 
| 238|0x00000007eee00000, 0x00000007eee00000, 0x00000007eef00000|  0%| F|  |TAMS 0x00000007eee00000, 0x00000007eee00000| Untracked 
| 239|0x00000007eef00000, 0x00000007eef00000, 0x00000007ef000000|  0%| F|  |TAMS 0x00000007eef00000, 0x00000007eef00000| Untracked 
| 240|0x00000007ef000000, 0x00000007ef000000, 0x00000007ef100000|  0%| F|  |TAMS 0x00000007ef000000, 0x00000007ef000000| Untracked 
| 241|0x00000007ef100000, 0x00000007ef100000, 0x00000007ef200000|  0%| F|  |TAMS 0x00000007ef100000, 0x00000007ef100000| Untracked 
| 242|0x00000007ef200000, 0x00000007ef200000, 0x00000007ef300000|  0%| F|  |TAMS 0x00000007ef200000, 0x00000007ef200000| Untracked 
| 243|0x00000007ef300000, 0x00000007ef300000, 0x00000007ef400000|  0%| F|  |TAMS 0x00000007ef300000, 0x00000007ef300000| Untracked 
| 244|0x00000007ef400000, 0x00000007ef400000, 0x00000007ef500000|  0%| F|  |TAMS 0x00000007ef400000, 0x00000007ef400000| Untracked 
| 245|0x00000007ef500000, 0x00000007ef500000, 0x00000007ef600000|  0%| F|  |TAMS 0x00000007ef500000, 0x00000007ef500000| Untracked 
| 246|0x00000007ef600000, 0x00000007ef600000, 0x00000007ef700000|  0%| F|  |TAMS 0x00000007ef600000, 0x00000007ef600000| Untracked 
| 247|0x00000007ef700000, 0x00000007ef700000, 0x00000007ef800000|  0%| F|  |TAMS 0x00000007ef700000, 0x00000007ef700000| Untracked 
| 248|0x00000007ef800000, 0x00000007ef800000, 0x00000007ef900000|  0%| F|  |TAMS 0x00000007ef800000, 0x00000007ef800000| Untracked 
| 249|0x00000007ef900000, 0x00000007ef900000, 0x00000007efa00000|  0%| F|  |TAMS 0x00000007ef900000, 0x00000007ef900000| Untracked 
| 250|0x00000007efa00000, 0x00000007efa00000, 0x00000007efb00000|  0%| F|  |TAMS 0x00000007efa00000, 0x00000007efa00000| Untracked 
| 251|0x00000007efb00000, 0x00000007efb00000, 0x00000007efc00000|  0%| F|  |TAMS 0x00000007efb00000, 0x00000007efb00000| Untracked 
| 252|0x00000007efc00000, 0x00000007efc00000, 0x00000007efd00000|  0%| F|  |TAMS 0x00000007efc00000, 0x00000007efc00000| Untracked 
| 253|0x00000007efd00000, 0x00000007efd00000, 0x00000007efe00000|  0%| F|  |TAMS 0x00000007efd00000, 0x00000007efd00000| Untracked 
| 254|0x00000007efe00000, 0x00000007efe00000, 0x00000007eff00000|  0%| F|  |TAMS 0x00000007efe00000, 0x00000007efe00000| Untracked 
| 255|0x00000007eff00000, 0x00000007eff00000, 0x00000007f0000000|  0%| F|  |TAMS 0x00000007eff00000, 0x00000007eff00000| Untracked 
| 256|0x00000007f0000000, 0x00000007f0000000, 0x00000007f0100000|  0%| F|  |TAMS 0x00000007f0000000, 0x00000007f0000000| Untracked 
| 257|0x00000007f0100000, 0x00000007f0100000, 0x00000007f0200000|  0%| F|  |TAMS 0x00000007f0100000, 0x00000007f0100000| Untracked 
| 258|0x00000007f0200000, 0x00000007f0200000, 0x00000007f0300000|  0%| F|  |TAMS 0x00000007f0200000, 0x00000007f0200000| Untracked 
| 259|0x00000007f0300000, 0x00000007f0380800, 0x00000007f0400000| 50%| E|  |TAMS 0x00000007f0300000, 0x00000007f0300000| Complete 
| 260|0x00000007f0400000, 0x00000007f0500000, 0x00000007f0500000|100%| E|CS|TAMS 0x00000007f0400000, 0x00000007f0400000| Complete 
| 261|0x00000007f0500000, 0x00000007f0600000, 0x00000007f0600000|100%| E|CS|TAMS 0x00000007f0500000, 0x00000007f0500000| Complete 
| 262|0x00000007f0600000, 0x00000007f0700000, 0x00000007f0700000|100%| E|CS|TAMS 0x00000007f0600000, 0x00000007f0600000| Complete 
| 263|0x00000007f0700000, 0x00000007f0800000, 0x00000007f0800000|100%| E|CS|TAMS 0x00000007f0700000, 0x00000007f0700000| Complete 
| 264|0x00000007f0800000, 0x00000007f0900000, 0x00000007f0900000|100%| E|CS|TAMS 0x00000007f0800000, 0x00000007f0800000| Complete 
| 265|0x00000007f0900000, 0x00000007f0a00000, 0x00000007f0a00000|100%| E|CS|TAMS 0x00000007f0900000, 0x00000007f0900000| Complete 
| 266|0x00000007f0a00000, 0x00000007f0b00000, 0x00000007f0b00000|100%| E|CS|TAMS 0x00000007f0a00000, 0x00000007f0a00000| Complete 
| 267|0x00000007f0b00000, 0x00000007f0c00000, 0x00000007f0c00000|100%| E|CS|TAMS 0x00000007f0b00000, 0x00000007f0b00000| Complete 
| 268|0x00000007f0c00000, 0x00000007f0d00000, 0x00000007f0d00000|100%| E|CS|TAMS 0x00000007f0c00000, 0x00000007f0c00000| Complete 
| 269|0x00000007f0d00000, 0x00000007f0e00000, 0x00000007f0e00000|100%| E|CS|TAMS 0x00000007f0d00000, 0x00000007f0d00000| Complete 
| 270|0x00000007f0e00000, 0x00000007f0f00000, 0x00000007f0f00000|100%| E|CS|TAMS 0x00000007f0e00000, 0x00000007f0e00000| Complete 
| 271|0x00000007f0f00000, 0x00000007f1000000, 0x00000007f1000000|100%| E|CS|TAMS 0x00000007f0f00000, 0x00000007f0f00000| Complete 
| 272|0x00000007f1000000, 0x00000007f1100000, 0x00000007f1100000|100%| E|CS|TAMS 0x00000007f1000000, 0x00000007f1000000| Complete 
| 273|0x00000007f1100000, 0x00000007f1200000, 0x00000007f1200000|100%| E|CS|TAMS 0x00000007f1100000, 0x00000007f1100000| Complete 
| 274|0x00000007f1200000, 0x00000007f1300000, 0x00000007f1300000|100%| E|CS|TAMS 0x00000007f1200000, 0x00000007f1200000| Complete 
| 275|0x00000007f1300000, 0x00000007f1400000, 0x00000007f1400000|100%| E|CS|TAMS 0x00000007f1300000, 0x00000007f1300000| Complete 
| 276|0x00000007f1400000, 0x00000007f1500000, 0x00000007f1500000|100%| E|CS|TAMS 0x00000007f1400000, 0x00000007f1400000| Complete 
| 277|0x00000007f1500000, 0x00000007f1600000, 0x00000007f1600000|100%| E|CS|TAMS 0x00000007f1500000, 0x00000007f1500000| Complete 
| 278|0x00000007f1600000, 0x00000007f1700000, 0x00000007f1700000|100%| E|CS|TAMS 0x00000007f1600000, 0x00000007f1600000| Complete 
| 279|0x00000007f1700000, 0x00000007f1800000, 0x00000007f1800000|100%| E|CS|TAMS 0x00000007f1700000, 0x00000007f1700000| Complete 
| 280|0x00000007f1800000, 0x00000007f1900000, 0x00000007f1900000|100%| E|CS|TAMS 0x00000007f1800000, 0x00000007f1800000| Complete 
| 281|0x00000007f1900000, 0x00000007f1a00000, 0x00000007f1a00000|100%| E|CS|TAMS 0x00000007f1900000, 0x00000007f1900000| Complete 
| 282|0x00000007f1a00000, 0x00000007f1b00000, 0x00000007f1b00000|100%| E|CS|TAMS 0x00000007f1a00000, 0x00000007f1a00000| Complete 
| 283|0x00000007f1b00000, 0x00000007f1c00000, 0x00000007f1c00000|100%| E|CS|TAMS 0x00000007f1b00000, 0x00000007f1b00000| Complete 
| 284|0x00000007f1c00000, 0x00000007f1d00000, 0x00000007f1d00000|100%| E|CS|TAMS 0x00000007f1c00000, 0x00000007f1c00000| Complete 
| 285|0x00000007f1d00000, 0x00000007f1e00000, 0x00000007f1e00000|100%| E|CS|TAMS 0x00000007f1d00000, 0x00000007f1d00000| Complete 
| 286|0x00000007f1e00000, 0x00000007f1f00000, 0x00000007f1f00000|100%| E|CS|TAMS 0x00000007f1e00000, 0x00000007f1e00000| Complete 
| 287|0x00000007f1f00000, 0x00000007f2000000, 0x00000007f2000000|100%| E|CS|TAMS 0x00000007f1f00000, 0x00000007f1f00000| Complete 
| 288|0x00000007f2000000, 0x00000007f2100000, 0x00000007f2100000|100%| E|CS|TAMS 0x00000007f2000000, 0x00000007f2000000| Complete 
| 289|0x00000007f2100000, 0x00000007f2200000, 0x00000007f2200000|100%| E|CS|TAMS 0x00000007f2100000, 0x00000007f2100000| Complete 
| 290|0x00000007f2200000, 0x00000007f2300000, 0x00000007f2300000|100%| E|CS|TAMS 0x00000007f2200000, 0x00000007f2200000| Complete 
| 291|0x00000007f2300000, 0x00000007f2400000, 0x00000007f2400000|100%| E|CS|TAMS 0x00000007f2300000, 0x00000007f2300000| Complete 
| 292|0x00000007f2400000, 0x00000007f2500000, 0x00000007f2500000|100%| E|CS|TAMS 0x00000007f2400000, 0x00000007f2400000| Complete 
| 293|0x00000007f2500000, 0x00000007f2600000, 0x00000007f2600000|100%| E|CS|TAMS 0x00000007f2500000, 0x00000007f2500000| Complete 
| 294|0x00000007f2600000, 0x00000007f2700000, 0x00000007f2700000|100%| E|CS|TAMS 0x00000007f2600000, 0x00000007f2600000| Complete 
| 295|0x00000007f2700000, 0x00000007f2800000, 0x00000007f2800000|100%| E|CS|TAMS 0x00000007f2700000, 0x00000007f2700000| Complete 
| 296|0x00000007f2800000, 0x00000007f2900000, 0x00000007f2900000|100%| E|CS|TAMS 0x00000007f2800000, 0x00000007f2800000| Complete 
| 297|0x00000007f2900000, 0x00000007f2a00000, 0x00000007f2a00000|100%| E|CS|TAMS 0x00000007f2900000, 0x00000007f2900000| Complete 
| 298|0x00000007f2a00000, 0x00000007f2b00000, 0x00000007f2b00000|100%| E|CS|TAMS 0x00000007f2a00000, 0x00000007f2a00000| Complete 
| 299|0x00000007f2b00000, 0x00000007f2c00000, 0x00000007f2c00000|100%| E|CS|TAMS 0x00000007f2b00000, 0x00000007f2b00000| Complete 
| 300|0x00000007f2c00000, 0x00000007f2d00000, 0x00000007f2d00000|100%| E|CS|TAMS 0x00000007f2c00000, 0x00000007f2c00000| Complete 
| 301|0x00000007f2d00000, 0x00000007f2e00000, 0x00000007f2e00000|100%| E|CS|TAMS 0x00000007f2d00000, 0x00000007f2d00000| Complete 
| 302|0x00000007f2e00000, 0x00000007f2f00000, 0x00000007f2f00000|100%| E|CS|TAMS 0x00000007f2e00000, 0x00000007f2e00000| Complete 
| 303|0x00000007f2f00000, 0x00000007f3000000, 0x00000007f3000000|100%| E|CS|TAMS 0x00000007f2f00000, 0x00000007f2f00000| Complete 
| 304|0x00000007f3000000, 0x00000007f3100000, 0x00000007f3100000|100%| E|CS|TAMS 0x00000007f3000000, 0x00000007f3000000| Complete 
| 305|0x00000007f3100000, 0x00000007f3200000, 0x00000007f3200000|100%| E|CS|TAMS 0x00000007f3100000, 0x00000007f3100000| Complete 
| 306|0x00000007f3200000, 0x00000007f3300000, 0x00000007f3300000|100%| E|CS|TAMS 0x00000007f3200000, 0x00000007f3200000| Complete 
| 307|0x00000007f3300000, 0x00000007f3400000, 0x00000007f3400000|100%| E|CS|TAMS 0x00000007f3300000, 0x00000007f3300000| Complete 
| 308|0x00000007f3400000, 0x00000007f3500000, 0x00000007f3500000|100%| E|CS|TAMS 0x00000007f3400000, 0x00000007f3400000| Complete 
| 309|0x00000007f3500000, 0x00000007f3600000, 0x00000007f3600000|100%| E|CS|TAMS 0x00000007f3500000, 0x00000007f3500000| Complete 
| 310|0x00000007f3600000, 0x00000007f3700000, 0x00000007f3700000|100%| E|CS|TAMS 0x00000007f3600000, 0x00000007f3600000| Complete 
| 311|0x00000007f3700000, 0x00000007f3800000, 0x00000007f3800000|100%| E|CS|TAMS 0x00000007f3700000, 0x00000007f3700000| Complete 
| 312|0x00000007f3800000, 0x00000007f3900000, 0x00000007f3900000|100%| E|CS|TAMS 0x00000007f3800000, 0x00000007f3800000| Complete 
| 313|0x00000007f3900000, 0x00000007f3a00000, 0x00000007f3a00000|100%| E|CS|TAMS 0x00000007f3900000, 0x00000007f3900000| Complete 
| 314|0x00000007f3a00000, 0x00000007f3b00000, 0x00000007f3b00000|100%| E|CS|TAMS 0x00000007f3a00000, 0x00000007f3a00000| Complete 
| 315|0x00000007f3b00000, 0x00000007f3c00000, 0x00000007f3c00000|100%| E|CS|TAMS 0x00000007f3b00000, 0x00000007f3b00000| Complete 
| 316|0x00000007f3c00000, 0x00000007f3d00000, 0x00000007f3d00000|100%| E|CS|TAMS 0x00000007f3c00000, 0x00000007f3c00000| Complete 
| 317|0x00000007f3d00000, 0x00000007f3e00000, 0x00000007f3e00000|100%| E|CS|TAMS 0x00000007f3d00000, 0x00000007f3d00000| Complete 
| 318|0x00000007f3e00000, 0x00000007f3f00000, 0x00000007f3f00000|100%| E|CS|TAMS 0x00000007f3e00000, 0x00000007f3e00000| Complete 
| 319|0x00000007f3f00000, 0x00000007f4000000, 0x00000007f4000000|100%| E|CS|TAMS 0x00000007f3f00000, 0x00000007f3f00000| Complete 
| 320|0x00000007f4000000, 0x00000007f4100000, 0x00000007f4100000|100%| E|CS|TAMS 0x00000007f4000000, 0x00000007f4000000| Complete 
| 321|0x00000007f4100000, 0x00000007f4200000, 0x00000007f4200000|100%| E|CS|TAMS 0x00000007f4100000, 0x00000007f4100000| Complete 
| 322|0x00000007f4200000, 0x00000007f4300000, 0x00000007f4300000|100%| E|CS|TAMS 0x00000007f4200000, 0x00000007f4200000| Complete 
| 323|0x00000007f4300000, 0x00000007f4400000, 0x00000007f4400000|100%| E|CS|TAMS 0x00000007f4300000, 0x00000007f4300000| Complete 
| 324|0x00000007f4400000, 0x00000007f4500000, 0x00000007f4500000|100%| E|CS|TAMS 0x00000007f4400000, 0x00000007f4400000| Complete 
| 325|0x00000007f4500000, 0x00000007f4600000, 0x00000007f4600000|100%| E|CS|TAMS 0x00000007f4500000, 0x00000007f4500000| Complete 
| 326|0x00000007f4600000, 0x00000007f4700000, 0x00000007f4700000|100%| E|CS|TAMS 0x00000007f4600000, 0x00000007f4600000| Complete 
| 327|0x00000007f4700000, 0x00000007f4800000, 0x00000007f4800000|100%| E|CS|TAMS 0x00000007f4700000, 0x00000007f4700000| Complete 
| 328|0x00000007f4800000, 0x00000007f4900000, 0x00000007f4900000|100%| E|CS|TAMS 0x00000007f4800000, 0x00000007f4800000| Complete 
| 329|0x00000007f4900000, 0x00000007f4a00000, 0x00000007f4a00000|100%| E|CS|TAMS 0x00000007f4900000, 0x00000007f4900000| Complete 
| 330|0x00000007f4a00000, 0x00000007f4b00000, 0x00000007f4b00000|100%| E|CS|TAMS 0x00000007f4a00000, 0x00000007f4a00000| Complete 
| 331|0x00000007f4b00000, 0x00000007f4c00000, 0x00000007f4c00000|100%| E|CS|TAMS 0x00000007f4b00000, 0x00000007f4b00000| Complete 
| 332|0x00000007f4c00000, 0x00000007f4d00000, 0x00000007f4d00000|100%| E|CS|TAMS 0x00000007f4c00000, 0x00000007f4c00000| Complete 
| 333|0x00000007f4d00000, 0x00000007f4e00000, 0x00000007f4e00000|100%| E|CS|TAMS 0x00000007f4d00000, 0x00000007f4d00000| Complete 
| 334|0x00000007f4e00000, 0x00000007f4f00000, 0x00000007f4f00000|100%| E|CS|TAMS 0x00000007f4e00000, 0x00000007f4e00000| Complete 
| 335|0x00000007f4f00000, 0x00000007f5000000, 0x00000007f5000000|100%| E|CS|TAMS 0x00000007f4f00000, 0x00000007f4f00000| Complete 
| 336|0x00000007f5000000, 0x00000007f5100000, 0x00000007f5100000|100%| E|CS|TAMS 0x00000007f5000000, 0x00000007f5000000| Complete 
| 337|0x00000007f5100000, 0x00000007f5200000, 0x00000007f5200000|100%| E|CS|TAMS 0x00000007f5100000, 0x00000007f5100000| Complete 
| 338|0x00000007f5200000, 0x00000007f5300000, 0x00000007f5300000|100%| E|CS|TAMS 0x00000007f5200000, 0x00000007f5200000| Complete 
| 339|0x00000007f5300000, 0x00000007f5400000, 0x00000007f5400000|100%| E|CS|TAMS 0x00000007f5300000, 0x00000007f5300000| Complete 
| 340|0x00000007f5400000, 0x00000007f5500000, 0x00000007f5500000|100%| E|CS|TAMS 0x00000007f5400000, 0x00000007f5400000| Complete 
| 341|0x00000007f5500000, 0x00000007f5600000, 0x00000007f5600000|100%| E|CS|TAMS 0x00000007f5500000, 0x00000007f5500000| Complete 
| 342|0x00000007f5600000, 0x00000007f5700000, 0x00000007f5700000|100%| E|CS|TAMS 0x00000007f5600000, 0x00000007f5600000| Complete 
| 343|0x00000007f5700000, 0x00000007f5800000, 0x00000007f5800000|100%| E|CS|TAMS 0x00000007f5700000, 0x00000007f5700000| Complete 
| 344|0x00000007f5800000, 0x00000007f5900000, 0x00000007f5900000|100%| E|CS|TAMS 0x00000007f5800000, 0x00000007f5800000| Complete 
| 345|0x00000007f5900000, 0x00000007f5a00000, 0x00000007f5a00000|100%| E|CS|TAMS 0x00000007f5900000, 0x00000007f5900000| Complete 
| 346|0x00000007f5a00000, 0x00000007f5b00000, 0x00000007f5b00000|100%| E|CS|TAMS 0x00000007f5a00000, 0x00000007f5a00000| Complete 
| 347|0x00000007f5b00000, 0x00000007f5c00000, 0x00000007f5c00000|100%| E|CS|TAMS 0x00000007f5b00000, 0x00000007f5b00000| Complete 
| 348|0x00000007f5c00000, 0x00000007f5d00000, 0x00000007f5d00000|100%| E|CS|TAMS 0x00000007f5c00000, 0x00000007f5c00000| Complete 
| 349|0x00000007f5d00000, 0x00000007f5e00000, 0x00000007f5e00000|100%| E|CS|TAMS 0x00000007f5d00000, 0x00000007f5d00000| Complete 
| 350|0x00000007f5e00000, 0x00000007f5f00000, 0x00000007f5f00000|100%| E|CS|TAMS 0x00000007f5e00000, 0x00000007f5e00000| Complete 
| 351|0x00000007f5f00000, 0x00000007f6000000, 0x00000007f6000000|100%| E|CS|TAMS 0x00000007f5f00000, 0x00000007f5f00000| Complete 
| 352|0x00000007f6000000, 0x00000007f6100000, 0x00000007f6100000|100%| E|CS|TAMS 0x00000007f6000000, 0x00000007f6000000| Complete 
| 353|0x00000007f6100000, 0x00000007f6200000, 0x00000007f6200000|100%| E|CS|TAMS 0x00000007f6100000, 0x00000007f6100000| Complete 
| 354|0x00000007f6200000, 0x00000007f6300000, 0x00000007f6300000|100%| E|CS|TAMS 0x00000007f6200000, 0x00000007f6200000| Complete 
| 355|0x00000007f6300000, 0x00000007f6400000, 0x00000007f6400000|100%| E|CS|TAMS 0x00000007f6300000, 0x00000007f6300000| Complete 
| 356|0x00000007f6400000, 0x00000007f6500000, 0x00000007f6500000|100%| E|CS|TAMS 0x00000007f6400000, 0x00000007f6400000| Complete 
| 357|0x00000007f6500000, 0x00000007f6600000, 0x00000007f6600000|100%| E|CS|TAMS 0x00000007f6500000, 0x00000007f6500000| Complete 
| 358|0x00000007f6600000, 0x00000007f6700000, 0x00000007f6700000|100%| E|CS|TAMS 0x00000007f6600000, 0x00000007f6600000| Complete 
| 359|0x00000007f6700000, 0x00000007f6800000, 0x00000007f6800000|100%| E|CS|TAMS 0x00000007f6700000, 0x00000007f6700000| Complete 
| 360|0x00000007f6800000, 0x00000007f6900000, 0x00000007f6900000|100%| E|CS|TAMS 0x00000007f6800000, 0x00000007f6800000| Complete 
| 361|0x00000007f6900000, 0x00000007f6a00000, 0x00000007f6a00000|100%| E|CS|TAMS 0x00000007f6900000, 0x00000007f6900000| Complete 
| 362|0x00000007f6a00000, 0x00000007f6b00000, 0x00000007f6b00000|100%| E|CS|TAMS 0x00000007f6a00000, 0x00000007f6a00000| Complete 
| 363|0x00000007f6b00000, 0x00000007f6c00000, 0x00000007f6c00000|100%| E|CS|TAMS 0x00000007f6b00000, 0x00000007f6b00000| Complete 
| 364|0x00000007f6c00000, 0x00000007f6d00000, 0x00000007f6d00000|100%| E|CS|TAMS 0x00000007f6c00000, 0x00000007f6c00000| Complete 
| 365|0x00000007f6d00000, 0x00000007f6e00000, 0x00000007f6e00000|100%| E|CS|TAMS 0x00000007f6d00000, 0x00000007f6d00000| Complete 
| 366|0x00000007f6e00000, 0x00000007f6f00000, 0x00000007f6f00000|100%| E|CS|TAMS 0x00000007f6e00000, 0x00000007f6e00000| Complete 
| 367|0x00000007f6f00000, 0x00000007f7000000, 0x00000007f7000000|100%| E|CS|TAMS 0x00000007f6f00000, 0x00000007f6f00000| Complete 
| 368|0x00000007f7000000, 0x00000007f7100000, 0x00000007f7100000|100%| E|CS|TAMS 0x00000007f7000000, 0x00000007f7000000| Complete 
| 369|0x00000007f7100000, 0x00000007f7200000, 0x00000007f7200000|100%| E|CS|TAMS 0x00000007f7100000, 0x00000007f7100000| Complete 
| 370|0x00000007f7200000, 0x00000007f7300000, 0x00000007f7300000|100%| E|CS|TAMS 0x00000007f7200000, 0x00000007f7200000| Complete 
| 371|0x00000007f7300000, 0x00000007f7400000, 0x00000007f7400000|100%| E|CS|TAMS 0x00000007f7300000, 0x00000007f7300000| Complete 
| 372|0x00000007f7400000, 0x00000007f7500000, 0x00000007f7500000|100%| E|CS|TAMS 0x00000007f7400000, 0x00000007f7400000| Complete 
| 373|0x00000007f7500000, 0x00000007f7600000, 0x00000007f7600000|100%| E|CS|TAMS 0x00000007f7500000, 0x00000007f7500000| Complete 
| 374|0x00000007f7600000, 0x00000007f7700000, 0x00000007f7700000|100%| E|CS|TAMS 0x00000007f7600000, 0x00000007f7600000| Complete 
| 375|0x00000007f7700000, 0x00000007f7800000, 0x00000007f7800000|100%| E|CS|TAMS 0x00000007f7700000, 0x00000007f7700000| Complete 
| 376|0x00000007f7800000, 0x00000007f7900000, 0x00000007f7900000|100%| E|CS|TAMS 0x00000007f7800000, 0x00000007f7800000| Complete 
| 377|0x00000007f7900000, 0x00000007f7a00000, 0x00000007f7a00000|100%| E|CS|TAMS 0x00000007f7900000, 0x00000007f7900000| Complete 
| 378|0x00000007f7a00000, 0x00000007f7b00000, 0x00000007f7b00000|100%| E|CS|TAMS 0x00000007f7a00000, 0x00000007f7a00000| Complete 
| 379|0x00000007f7b00000, 0x00000007f7c00000, 0x00000007f7c00000|100%| E|CS|TAMS 0x00000007f7b00000, 0x00000007f7b00000| Complete 
| 380|0x00000007f7c00000, 0x00000007f7d00000, 0x00000007f7d00000|100%| E|CS|TAMS 0x00000007f7c00000, 0x00000007f7c00000| Complete 
| 381|0x00000007f7d00000, 0x00000007f7e00000, 0x00000007f7e00000|100%| E|CS|TAMS 0x00000007f7d00000, 0x00000007f7d00000| Complete 
| 382|0x00000007f7e00000, 0x00000007f7f00000, 0x00000007f7f00000|100%| E|CS|TAMS 0x00000007f7e00000, 0x00000007f7e00000| Complete 
| 383|0x00000007f7f00000, 0x00000007f8000000, 0x00000007f8000000|100%| E|CS|TAMS 0x00000007f7f00000, 0x00000007f7f00000| Complete 
| 384|0x00000007f8000000, 0x00000007f8100000, 0x00000007f8100000|100%| E|CS|TAMS 0x00000007f8000000, 0x00000007f8000000| Complete 
| 385|0x00000007f8100000, 0x00000007f8200000, 0x00000007f8200000|100%| E|CS|TAMS 0x00000007f8100000, 0x00000007f8100000| Complete 
| 386|0x00000007f8200000, 0x00000007f8300000, 0x00000007f8300000|100%| E|CS|TAMS 0x00000007f8200000, 0x00000007f8200000| Complete 
| 387|0x00000007f8300000, 0x00000007f8400000, 0x00000007f8400000|100%| E|CS|TAMS 0x00000007f8300000, 0x00000007f8300000| Complete 
| 388|0x00000007f8400000, 0x00000007f8500000, 0x00000007f8500000|100%| E|CS|TAMS 0x00000007f8400000, 0x00000007f8400000| Complete 
| 389|0x00000007f8500000, 0x00000007f8600000, 0x00000007f8600000|100%| E|CS|TAMS 0x00000007f8500000, 0x00000007f8500000| Complete 
| 390|0x00000007f8600000, 0x00000007f8700000, 0x00000007f8700000|100%| E|CS|TAMS 0x00000007f8600000, 0x00000007f8600000| Complete 
| 391|0x00000007f8700000, 0x00000007f8800000, 0x00000007f8800000|100%| E|CS|TAMS 0x00000007f8700000, 0x00000007f8700000| Complete 
| 392|0x00000007f8800000, 0x00000007f8900000, 0x00000007f8900000|100%| E|CS|TAMS 0x00000007f8800000, 0x00000007f8800000| Complete 
| 393|0x00000007f8900000, 0x00000007f8a00000, 0x00000007f8a00000|100%| E|CS|TAMS 0x00000007f8900000, 0x00000007f8900000| Complete 
| 394|0x00000007f8a00000, 0x00000007f8b00000, 0x00000007f8b00000|100%| E|CS|TAMS 0x00000007f8a00000, 0x00000007f8a00000| Complete 
| 395|0x00000007f8b00000, 0x00000007f8c00000, 0x00000007f8c00000|100%| E|CS|TAMS 0x00000007f8b00000, 0x00000007f8b00000| Complete 
| 396|0x00000007f8c00000, 0x00000007f8d00000, 0x00000007f8d00000|100%| E|CS|TAMS 0x00000007f8c00000, 0x00000007f8c00000| Complete 
| 397|0x00000007f8d00000, 0x00000007f8e00000, 0x00000007f8e00000|100%| E|CS|TAMS 0x00000007f8d00000, 0x00000007f8d00000| Complete 
| 398|0x00000007f8e00000, 0x00000007f8f00000, 0x00000007f8f00000|100%| E|CS|TAMS 0x00000007f8e00000, 0x00000007f8e00000| Complete 
| 399|0x00000007f8f00000, 0x00000007f9000000, 0x00000007f9000000|100%| E|CS|TAMS 0x00000007f8f00000, 0x00000007f8f00000| Complete 
| 400|0x00000007f9000000, 0x00000007f9100000, 0x00000007f9100000|100%| E|CS|TAMS 0x00000007f9000000, 0x00000007f9000000| Complete 
| 401|0x00000007f9100000, 0x00000007f9200000, 0x00000007f9200000|100%| E|CS|TAMS 0x00000007f9100000, 0x00000007f9100000| Complete 
| 402|0x00000007f9200000, 0x00000007f9300000, 0x00000007f9300000|100%| E|CS|TAMS 0x00000007f9200000, 0x00000007f9200000| Complete 
| 403|0x00000007f9300000, 0x00000007f9400000, 0x00000007f9400000|100%| E|CS|TAMS 0x00000007f9300000, 0x00000007f9300000| Complete 
| 404|0x00000007f9400000, 0x00000007f9500000, 0x00000007f9500000|100%| E|CS|TAMS 0x00000007f9400000, 0x00000007f9400000| Complete 
| 405|0x00000007f9500000, 0x00000007f9600000, 0x00000007f9600000|100%| E|CS|TAMS 0x00000007f9500000, 0x00000007f9500000| Complete 
| 406|0x00000007f9600000, 0x00000007f9700000, 0x00000007f9700000|100%| E|CS|TAMS 0x00000007f9600000, 0x00000007f9600000| Complete 
| 407|0x00000007f9700000, 0x00000007f9800000, 0x00000007f9800000|100%| E|CS|TAMS 0x00000007f9700000, 0x00000007f9700000| Complete 
| 408|0x00000007f9800000, 0x00000007f9900000, 0x00000007f9900000|100%| E|CS|TAMS 0x00000007f9800000, 0x00000007f9800000| Complete 
| 409|0x00000007f9900000, 0x00000007f9a00000, 0x00000007f9a00000|100%| E|CS|TAMS 0x00000007f9900000, 0x00000007f9900000| Complete 
| 410|0x00000007f9a00000, 0x00000007f9b00000, 0x00000007f9b00000|100%| E|CS|TAMS 0x00000007f9a00000, 0x00000007f9a00000| Complete 
| 411|0x00000007f9b00000, 0x00000007f9c00000, 0x00000007f9c00000|100%| E|CS|TAMS 0x00000007f9b00000, 0x00000007f9b00000| Complete 
| 412|0x00000007f9c00000, 0x00000007f9d00000, 0x00000007f9d00000|100%| E|CS|TAMS 0x00000007f9c00000, 0x00000007f9c00000| Complete 
| 413|0x00000007f9d00000, 0x00000007f9e00000, 0x00000007f9e00000|100%| E|CS|TAMS 0x00000007f9d00000, 0x00000007f9d00000| Complete 
| 414|0x00000007f9e00000, 0x00000007f9f00000, 0x00000007f9f00000|100%| E|CS|TAMS 0x00000007f9e00000, 0x00000007f9e00000| Complete 
| 415|0x00000007f9f00000, 0x00000007fa000000, 0x00000007fa000000|100%| E|CS|TAMS 0x00000007f9f00000, 0x00000007f9f00000| Complete 
| 416|0x00000007fa000000, 0x00000007fa100000, 0x00000007fa100000|100%| E|CS|TAMS 0x00000007fa000000, 0x00000007fa000000| Complete 
| 417|0x00000007fa100000, 0x00000007fa200000, 0x00000007fa200000|100%| E|CS|TAMS 0x00000007fa100000, 0x00000007fa100000| Complete 
| 418|0x00000007fa200000, 0x00000007fa300000, 0x00000007fa300000|100%| E|CS|TAMS 0x00000007fa200000, 0x00000007fa200000| Complete 
| 419|0x00000007fa300000, 0x00000007fa400000, 0x00000007fa400000|100%| E|CS|TAMS 0x00000007fa300000, 0x00000007fa300000| Complete 
| 420|0x00000007fa400000, 0x00000007fa500000, 0x00000007fa500000|100%| E|CS|TAMS 0x00000007fa400000, 0x00000007fa400000| Complete 
| 421|0x00000007fa500000, 0x00000007fa600000, 0x00000007fa600000|100%| E|CS|TAMS 0x00000007fa500000, 0x00000007fa500000| Complete 
| 422|0x00000007fa600000, 0x00000007fa700000, 0x00000007fa700000|100%| E|CS|TAMS 0x00000007fa600000, 0x00000007fa600000| Complete 
| 423|0x00000007fa700000, 0x00000007fa800000, 0x00000007fa800000|100%| E|CS|TAMS 0x00000007fa700000, 0x00000007fa700000| Complete 
| 424|0x00000007fa800000, 0x00000007fa900000, 0x00000007fa900000|100%| E|CS|TAMS 0x00000007fa800000, 0x00000007fa800000| Complete 
| 425|0x00000007fa900000, 0x00000007faa00000, 0x00000007faa00000|100%| E|CS|TAMS 0x00000007fa900000, 0x00000007fa900000| Complete 
| 426|0x00000007faa00000, 0x00000007fab00000, 0x00000007fab00000|100%| E|CS|TAMS 0x00000007faa00000, 0x00000007faa00000| Complete 
| 427|0x00000007fab00000, 0x00000007fac00000, 0x00000007fac00000|100%| E|CS|TAMS 0x00000007fab00000, 0x00000007fab00000| Complete 
| 428|0x00000007fac00000, 0x00000007fad00000, 0x00000007fad00000|100%| E|CS|TAMS 0x00000007fac00000, 0x00000007fac00000| Complete 
| 429|0x00000007fad00000, 0x00000007fae00000, 0x00000007fae00000|100%| E|CS|TAMS 0x00000007fad00000, 0x00000007fad00000| Complete 
| 430|0x00000007fae00000, 0x00000007faf00000, 0x00000007faf00000|100%| E|CS|TAMS 0x00000007fae00000, 0x00000007fae00000| Complete 
| 431|0x00000007faf00000, 0x00000007fb000000, 0x00000007fb000000|100%| E|CS|TAMS 0x00000007faf00000, 0x00000007faf00000| Complete 
| 432|0x00000007fb000000, 0x00000007fb100000, 0x00000007fb100000|100%| E|CS|TAMS 0x00000007fb000000, 0x00000007fb000000| Complete 
| 433|0x00000007fb100000, 0x00000007fb200000, 0x00000007fb200000|100%| E|CS|TAMS 0x00000007fb100000, 0x00000007fb100000| Complete 
| 434|0x00000007fb200000, 0x00000007fb300000, 0x00000007fb300000|100%| E|CS|TAMS 0x00000007fb200000, 0x00000007fb200000| Complete 
| 435|0x00000007fb300000, 0x00000007fb400000, 0x00000007fb400000|100%| E|CS|TAMS 0x00000007fb300000, 0x00000007fb300000| Complete 
| 436|0x00000007fb400000, 0x00000007fb500000, 0x00000007fb500000|100%| E|CS|TAMS 0x00000007fb400000, 0x00000007fb400000| Complete 
| 437|0x00000007fb500000, 0x00000007fb600000, 0x00000007fb600000|100%| E|CS|TAMS 0x00000007fb500000, 0x00000007fb500000| Complete 
| 438|0x00000007fb600000, 0x00000007fb700000, 0x00000007fb700000|100%| E|CS|TAMS 0x00000007fb600000, 0x00000007fb600000| Complete 
| 439|0x00000007fb700000, 0x00000007fb800000, 0x00000007fb800000|100%| E|CS|TAMS 0x00000007fb700000, 0x00000007fb700000| Complete 
| 440|0x00000007fb800000, 0x00000007fb900000, 0x00000007fb900000|100%| E|CS|TAMS 0x00000007fb800000, 0x00000007fb800000| Complete 
| 441|0x00000007fb900000, 0x00000007fba00000, 0x00000007fba00000|100%| E|CS|TAMS 0x00000007fb900000, 0x00000007fb900000| Complete 
| 442|0x00000007fba00000, 0x00000007fbb00000, 0x00000007fbb00000|100%| E|CS|TAMS 0x00000007fba00000, 0x00000007fba00000| Complete 
| 443|0x00000007fbb00000, 0x00000007fbc00000, 0x00000007fbc00000|100%| E|CS|TAMS 0x00000007fbb00000, 0x00000007fbb00000| Complete 
| 444|0x00000007fbc00000, 0x00000007fbd00000, 0x00000007fbd00000|100%| E|CS|TAMS 0x00000007fbc00000, 0x00000007fbc00000| Complete 
| 445|0x00000007fbd00000, 0x00000007fbe00000, 0x00000007fbe00000|100%| E|CS|TAMS 0x00000007fbd00000, 0x00000007fbd00000| Complete 
| 446|0x00000007fbe00000, 0x00000007fbf00000, 0x00000007fbf00000|100%| E|CS|TAMS 0x00000007fbe00000, 0x00000007fbe00000| Complete 
| 447|0x00000007fbf00000, 0x00000007fc000000, 0x00000007fc000000|100%| E|CS|TAMS 0x00000007fbf00000, 0x00000007fbf00000| Complete 
| 448|0x00000007fc000000, 0x00000007fc100000, 0x00000007fc100000|100%| E|CS|TAMS 0x00000007fc000000, 0x00000007fc000000| Complete 
| 449|0x00000007fc100000, 0x00000007fc200000, 0x00000007fc200000|100%| E|CS|TAMS 0x00000007fc100000, 0x00000007fc100000| Complete 
| 450|0x00000007fc200000, 0x00000007fc300000, 0x00000007fc300000|100%| E|CS|TAMS 0x00000007fc200000, 0x00000007fc200000| Complete 
| 451|0x00000007fc300000, 0x00000007fc400000, 0x00000007fc400000|100%| E|CS|TAMS 0x00000007fc300000, 0x00000007fc300000| Complete 
| 452|0x00000007fc400000, 0x00000007fc500000, 0x00000007fc500000|100%| E|CS|TAMS 0x00000007fc400000, 0x00000007fc400000| Complete 
| 453|0x00000007fc500000, 0x00000007fc600000, 0x00000007fc600000|100%| E|CS|TAMS 0x00000007fc500000, 0x00000007fc500000| Complete 
| 454|0x00000007fc600000, 0x00000007fc700000, 0x00000007fc700000|100%| E|CS|TAMS 0x00000007fc600000, 0x00000007fc600000| Complete 
| 455|0x00000007fc700000, 0x00000007fc800000, 0x00000007fc800000|100%| E|CS|TAMS 0x00000007fc700000, 0x00000007fc700000| Complete 
| 456|0x00000007fc800000, 0x00000007fc900000, 0x00000007fc900000|100%| E|CS|TAMS 0x00000007fc800000, 0x00000007fc800000| Complete 
| 457|0x00000007fc900000, 0x00000007fca00000, 0x00000007fca00000|100%| E|CS|TAMS 0x00000007fc900000, 0x00000007fc900000| Complete 
| 458|0x00000007fca00000, 0x00000007fcb00000, 0x00000007fcb00000|100%| E|CS|TAMS 0x00000007fca00000, 0x00000007fca00000| Complete 
| 459|0x00000007fcb00000, 0x00000007fcc00000, 0x00000007fcc00000|100%| E|CS|TAMS 0x00000007fcb00000, 0x00000007fcb00000| Complete 
| 460|0x00000007fcc00000, 0x00000007fcd00000, 0x00000007fcd00000|100%| E|CS|TAMS 0x00000007fcc00000, 0x00000007fcc00000| Complete 
| 461|0x00000007fcd00000, 0x00000007fce00000, 0x00000007fce00000|100%| E|CS|TAMS 0x00000007fcd00000, 0x00000007fcd00000| Complete 
| 462|0x00000007fce00000, 0x00000007fcf00000, 0x00000007fcf00000|100%| E|CS|TAMS 0x00000007fce00000, 0x00000007fce00000| Complete 
| 463|0x00000007fcf00000, 0x00000007fd000000, 0x00000007fd000000|100%| E|CS|TAMS 0x00000007fcf00000, 0x00000007fcf00000| Complete 
| 464|0x00000007fd000000, 0x00000007fd100000, 0x00000007fd100000|100%| E|CS|TAMS 0x00000007fd000000, 0x00000007fd000000| Complete 
| 465|0x00000007fd100000, 0x00000007fd200000, 0x00000007fd200000|100%| E|CS|TAMS 0x00000007fd100000, 0x00000007fd100000| Complete 
| 466|0x00000007fd200000, 0x00000007fd300000, 0x00000007fd300000|100%| E|CS|TAMS 0x00000007fd200000, 0x00000007fd200000| Complete 
| 467|0x00000007fd300000, 0x00000007fd400000, 0x00000007fd400000|100%| E|CS|TAMS 0x00000007fd300000, 0x00000007fd300000| Complete 
| 468|0x00000007fd400000, 0x00000007fd500000, 0x00000007fd500000|100%| E|CS|TAMS 0x00000007fd400000, 0x00000007fd400000| Complete 
| 469|0x00000007fd500000, 0x00000007fd600000, 0x00000007fd600000|100%