#
# A fatal error has been detected by the Java Runtime Environment:
#
#  SIGBUS (0xa) at pc=0x00000001114ab9a0, pid=1813, tid=3843
#
# JRE version: OpenJDK Runtime Environment Temurin-17.0.7+7 (17.0.7+7) (build 17.0.7+7)
# Java VM: OpenJDK 64-Bit Server VM Temurin-17.0.7+7 (17.0.7+7, mixed mode, tiered, compressed oops, compressed class ptrs, g1 gc, bsd-aarch64)
# Problematic frame:
# C  0x00000001114ab9a0
#
# No core dump will be written. Core dumps have been disabled. To enable core dumping, try "ulimit -c unlimited" before starting Java again
#
# If you would like to submit a bug report, please visit:
#   https://github.com/adoptium/adoptium-support/issues
#

---------------  S U M M A R Y ------------

Command Line: -Djava.awt.headless=true -Xmx512m -Xrs vfprintf exit -Xss2m 

Host: "Mac14,9" arm64, 10 cores, 32G, Darwin 23.4.0, macOS 14.4.1 (23E224)
Time: Tue May 21 09:55:55 2024 CDT elapsed time: 792.512172 seconds (0d 0h 13m 12s)

---------------  T H R E A D  ---------------

Current thread is native thread

Stack: [0x000000016d6cc000,0x000000016d74f000],  sp=0x000000016d74e520,  free space=521k
Native frames: (J=compiled Java code, j=interpreted, Vv=VM code, C=native code)
C  0x00000001114ab9a0
V  [libjvm.dylib+0x8eec08]  JVM_handle_bsd_signal+0x150
C  [libsystem_platform.dylib+0x4584]  _sigtramp+0x38
C  [rsession-arm64+0x97ba68]  rstudio_boost::asio::placeholders::bytes_transferred()+0x1a902c
C  [rsession-arm64+0x978c64]  rstudio_boost::asio::placeholders::bytes_transferred()+0x1a6228
C  [rsession-arm64+0x982a58]  rstudio_boost::asio::placeholders::bytes_transferred()+0x1b001c
C  [rsession-arm64+0x980150]  rstudio_boost::asio::placeholders::bytes_transferred()+0x1ad714
C  [rsession-arm64+0x9dc988]  rstudio_boost::asio::detail::descriptor_write_op_base<rstudio_boost::asio::const_buffers_1>::do_perform(rstudio_boost::asio::detail::reactor_op*)+0x9970
C  [rsession-arm64+0x97b078]  rstudio_boost::asio::placeholders::bytes_transferred()+0x1a863c
C  [rsession-arm64+0x9dca3c]  rstudio_boost::asio::detail::descriptor_write_op_base<rstudio_boost::asio::const_buffers_1>::do_perform(rstudio_boost::asio::detail::reactor_op*)+0x9a24
C  [rsession-arm64+0x9769d8]  rstudio_boost::asio::placeholders::bytes_transferred()+0x1a3f9c
C  [rsession-arm64+0xb04a1c]  rstudio_boost::asio::detail::descriptor_write_op_base<rstudio_boost::asio::const_buffers_1>::do_perform(rstudio_boost::asio::detail::reactor_op*)+0x131a04
C  [libsystem_pthread.dylib+0x6f94]  _pthread_start+0x88


siginfo: si_signo: 10 (SIGBUS), si_code: 1 (BUS_ADRALN), si_addr: 0x00000001114ab9a0

Registers:
 x0=0x000000000000000b  x1=0x0000000000000000  x2=0x000000016d74e52c  x3=0x0000000000000000
 x4=0x000000016d74e668  x5=0x3c84191e3d01d5f6  x6=0x0000000000000002  x7=0x0000000000000403
 x8=0x00000001114ab9a0  x9=0x000000006777cdf0 x10=0x000000006777cdf0 x11=0x0000000000000000
x12=0x0000000000000000 x13=0x0000000000000000 x14=0x0000000152800000 x15=0x00000000222890a8
x16=0x0000000000000149 x17=0x0000000209b2ac40 x18=0x0000000000000000 x19=0x000000016d74e668
x20=0x000000000000000b x21=0x000000016d74e600 x22=0x0000000000000001 x23=0x0000000000000000
x24=0x00000001114ab9a0 x25=0x0000000000000026 x26=0x000000015161ca30 x27=0x000000000003d090
x28=0x00000001037b7000  fp=0x000000016d74e560  lr=0x0000000314c96a5c  sp=0x000000016d74e520
pc=0x00000001114ab9a0 cpsr=0x0000000000001800
Top of Stack: (sp=0x000000016d74e520)
0x000000016d74e520:   000000015161ca30 fffef86700000026
0x000000016d74e530:   000000015283f120 0000000000000000
0x000000016d74e540:   0000000000000001 000000000000000b
0x000000016d74e550:   000000016d74e600 000000016d74e668
0x000000016d74e560:   000000016d74e5c0 0000000314c96c08
0x000000016d74e570:   000000016d74e5b0 00000698978c37e0
0x000000016d74e580:   000000015161ca30 0000000000000024
0x000000016d74e590:   000000015283f120 000000015283f110
0x000000016d74e5a0:   0000000131727ab0 00000001ff7d1000
0x000000016d74e5b0:   000000016d74e668 3c84191e3d01d5f6
0x000000016d74e5c0:   000000016d74e5f0 0000000197ae3584
0x000000016d74e5d0:   0000000131727ab0 000000016d74eb70
0x000000016d74e5e0:   000000015163f670 00000001037b7238
0x000000016d74e5f0:   000000016d74eae0 f561800103257a68
0x000000016d74e600:   000000000000000b 0000000000000002
0x000000016d74e610:   0000000000000000 0000000000000000
0x000000016d74e620:   0000000000000000 0000000000000000
0x000000016d74e630:   0000000000000000 0000000000000000
0x000000016d74e640:   0000000000000000 0000000000000000
0x000000016d74e650:   0000000000000000 0000000000000000
0x000000016d74e660:   0000000000000000 0000000100000000
0x000000016d74e670:   000000016d74e600 0000000000000000
0x000000016d74e680:   0000000000000000 0000000000000000
0x000000016d74e690:   0000000000000330 000000016d74e6a0
0x000000016d74e6a0:   0000000000000000 0000000092000046
0x000000016d74e6b0:   0000000000000000 0000000000000000
0x000000016d74e6c0:   0000000152806080 0000000000000003
0x000000016d74e6d0:   00000000223a98a9 0000000000000003
0x000000016d74e6e0:   0000000000000002 0000000000000403
0x000000016d74e6f0:   0000000000000000 0000000152814d70
0x000000016d74e700:   0000000000000040 0000000000000000
0x000000016d74e710:   0000000000000000 0000000000000000 

Instructions: (pc=0x00000001114ab9a0)
0x00000001114ab8a0:   00000000 00000000 00000000 00000000
0x00000001114ab8b0:   00000000 00000000 00000000 00000000
0x00000001114ab8c0:   00000000 00000000 00000000 00000000
0x00000001114ab8d0:   00000000 00000000 00000000 00000000
0x00000001114ab8e0:   00000000 00000000 00000000 00000000
0x00000001114ab8f0:   00000000 00000000 00000000 00000000
0x00000001114ab900:   00000000 00000000 00000000 00000000
0x00000001114ab910:   00000000 00000000 00000000 00000000
0x00000001114ab920:   00000000 00000000 00000000 00000000
0x00000001114ab930:   00000000 00000000 00000000 00000000
0x00000001114ab940:   00000000 00000000 00000000 00000000
0x00000001114ab950:   00000000 00000000 00000000 00000000
0x00000001114ab960:   00000000 00000000 00000000 00120000
0x00000001114ab970:   00000000 00000000 00000020 00000000
0x00000001114ab980:   6772fde0 00000001 677f3770 00000001
0x00000001114ab990:   0f5abad0 00000001 00000100 00000000
0x00000001114ab9a0:   11448ea0 00000001 114a7870 00000001
0x00000001114ab9b0:   f100000e 00000001 51815ce0 00000001
0x00000001114ab9c0:   1146b820 00000001 114ac090 00000001
0x00000001114ab9d0:   0000004b 00000000 00000000 00000000
0x00000001114ab9e0:   43526544 4044401b fed63474 404452ce
0x00000001114ab9f0:   bfb9bedc 4044347a 3bf2f55c 40446c4d
0x00000001114aba00:   3e74afe4 40444b3c bdb1a6f4 40438c16
0x00000001114aba10:   80f12c2c 40426bb2 41a6937c 404278d1
0x00000001114aba20:   ff2a173c 4042205a bd8be72c 40417317
0x00000001114aba30:   c4156e2c 40414f40 bce4217c 4041a7ff
0x00000001114aba40:   8173322c 4041c5cb bdba0a5c 4041bfa4
0x00000001114aba50:   42d8c2a4 40418190 83c6c994 4040682d
0x00000001114aba60:   0157eecc 404049be 00de4c5c 40406b33
0x00000001114aba70:   7cbb3c94 404079eb 830e3ce4 404071f9
0x00000001114aba80:   404ea4b4 40401113 4577d958 403ff7f0
0x00000001114aba90:   c2eba274 4040020f 38de6e08 403f4c29 



---------------  P R O C E S S  ---------------

VM state: not at safepoint (normal execution)

VM Mutex/Monitor currently owned by a thread: None

Heap address: 0x00000007e0000000, size: 512 MB, Compressed Oops mode: Zero based, Oop shift amount: 3

CDS archive(s) not mapped
Compressed class space mapped at: 0x0000000800000000-0x0000000840000000, reserved size: 1073741824
Narrow klass base: 0x0000000800000000, Narrow klass shift: 0, Narrow klass range: 0x40000000

GC Precious Log:
<Skipped>

Heap:
 garbage-first heap   total 524288K, used 1933K [0x00000007e0000000, 0x0000000800000000)
  region size 1024K, 3 young (3072K), 1 survivors (1024K)
 Metaspace       used 7149K, committed 7360K, reserved 1114112K
  class space    used 598K, committed 704K, reserved 1048576K

Heap Regions: E=young(eden), S=young(survivor), O=old, HS=humongous(starts), HC=humongous(continues), CS=collection set, F=free, OA=open archive, CA=closed archive, TAMS=top-at-mark-start (previous, next)
|   0|0x00000007e0000000, 0x00000007e0000000, 0x00000007e0100000|  0%| F|  |TAMS 0x00000007e0000000, 0x00000007e0000000| Untracked 
|   1|0x00000007e0100000, 0x00000007e0100000, 0x00000007e0200000|  0%| F|  |TAMS 0x00000007e0100000, 0x00000007e0100000| Untracked 
|   2|0x00000007e0200000, 0x00000007e0200000, 0x00000007e0300000|  0%| F|  |TAMS 0x00000007e0200000, 0x00000007e0200000| Untracked 
|   3|0x00000007e0300000, 0x00000007e0300000, 0x00000007e0400000|  0%| F|  |TAMS 0x00000007e0300000, 0x00000007e0300000| Untracked 
|   4|0x00000007e0400000, 0x00000007e0400000, 0x00000007e0500000|  0%| F|  |TAMS 0x00000007e0400000, 0x00000007e0400000| Untracked 
|   5|0x00000007e0500000, 0x00000007e0500000, 0x00000007e0600000|  0%| F|  |TAMS 0x00000007e0500000, 0x00000007e0500000| Untracked 
|   6|0x00000007e0600000, 0x00000007e0600000, 0x00000007e0700000|  0%| F|  |TAMS 0x00000007e0600000, 0x00000007e0600000| Untracked 
|   7|0x00000007e0700000, 0x00000007e0700000, 0x00000007e0800000|  0%| F|  |TAMS 0x00000007e0700000, 0x00000007e0700000| Untracked 
|   8|0x00000007e0800000, 0x00000007e0800000, 0x00000007e0900000|  0%| F|  |TAMS 0x00000007e0800000, 0x00000007e0800000| Untracked 
|   9|0x00000007e0900000, 0x00000007e0900000, 0x00000007e0a00000|  0%| F|  |TAMS 0x00000007e0900000, 0x00000007e0900000| Untracked 
|  10|0x00000007e0a00000, 0x00000007e0a00000, 0x00000007e0b00000|  0%| F|  |TAMS 0x00000007e0a00000, 0x00000007e0a00000| Untracked 
|  11|0x00000007e0b00000, 0x00000007e0b00000, 0x00000007e0c00000|  0%| F|  |TAMS 0x00000007e0b00000, 0x00000007e0b00000| Untracked 
|  12|0x00000007e0c00000, 0x00000007e0c00000, 0x00000007e0d00000|  0%| F|  |TAMS 0x00000007e0c00000, 0x00000007e0c00000| Untracked 
|  13|0x00000007e0d00000, 0x00000007e0d00000, 0x00000007e0e00000|  0%| F|  |TAMS 0x00000007e0d00000, 0x00000007e0d00000| Untracked 
|  14|0x00000007e0e00000, 0x00000007e0e00000, 0x00000007e0f00000|  0%| F|  |TAMS 0x00000007e0e00000, 0x00000007e0e00000| Untracked 
|  15|0x00000007e0f00000, 0x00000007e0f00000, 0x00000007e1000000|  0%| F|  |TAMS 0x00000007e0f00000, 0x00000007e0f00000| Untracked 
|  16|0x00000007e1000000, 0x00000007e1000000, 0x00000007e1100000|  0%| F|  |TAMS 0x00000007e1000000, 0x00000007e1000000| Untracked 
|  17|0x00000007e1100000, 0x00000007e1100000, 0x00000007e1200000|  0%| F|  |TAMS 0x00000007e1100000, 0x00000007e1100000| Untracked 
|  18|0x00000007e1200000, 0x00000007e1200000, 0x00000007e1300000|  0%| F|  |TAMS 0x00000007e1200000, 0x00000007e1200000| Untracked 
|  19|0x00000007e1300000, 0x00000007e1300000, 0x00000007e1400000|  0%| F|  |TAMS 0x00000007e1300000, 0x00000007e1300000| Untracked 
|  20|0x00000007e1400000, 0x00000007e1400000, 0x00000007e1500000|  0%| F|  |TAMS 0x00000007e1400000, 0x00000007e1400000| Untracked 
|  21|0x00000007e1500000, 0x00000007e1500000, 0x00000007e1600000|  0%| F|  |TAMS 0x00000007e1500000, 0x00000007e1500000| Untracked 
|  22|0x00000007e1600000, 0x00000007e1600000, 0x00000007e1700000|  0%| F|  |TAMS 0x00000007e1600000, 0x00000007e1600000| Untracked 
|  23|0x00000007e1700000, 0x00000007e1700000, 0x00000007e1800000|  0%| F|  |TAMS 0x00000007e1700000, 0x00000007e1700000| Untracked 
|  24|0x00000007e1800000, 0x00000007e1800000, 0x00000007e1900000|  0%| F|  |TAMS 0x00000007e1800000, 0x00000007e1800000| Untracked 
|  25|0x00000007e1900000, 0x00000007e1900000, 0x00000007e1a00000|  0%| F|  |TAMS 0x00000007e1900000, 0x00000007e1900000| Untracked 
|  26|0x00000007e1a00000, 0x00000007e1a00000, 0x00000007e1b00000|  0%| F|  |TAMS 0x00000007e1a00000, 0x00000007e1a00000| Untracked 
|  27|0x00000007e1b00000, 0x00000007e1b00000, 0x00000007e1c00000|  0%| F|  |TAMS 0x00000007e1b00000, 0x00000007e1b00000| Untracked 
|  28|0x00000007e1c00000, 0x00000007e1c00000, 0x00000007e1d00000|  0%| F|  |TAMS 0x00000007e1c00000, 0x00000007e1c00000| Untracked 
|  29|0x00000007e1d00000, 0x00000007e1d00000, 0x00000007e1e00000|  0%| F|  |TAMS 0x00000007e1d00000, 0x00000007e1d00000| Untracked 
|  30|0x00000007e1e00000, 0x00000007e1e00000, 0x00000007e1f00000|  0%| F|  |TAMS 0x00000007e1e00000, 0x00000007e1e00000| Untracked 
|  31|0x00000007e1f00000, 0x00000007e1f00000, 0x00000007e2000000|  0%| F|  |TAMS 0x00000007e1f00000, 0x00000007e1f00000| Untracked 
|  32|0x00000007e2000000, 0x00000007e2000000, 0x00000007e2100000|  0%| F|  |TAMS 0x00000007e2000000, 0x00000007e2000000| Untracked 
|  33|0x00000007e2100000, 0x00000007e2100000, 0x00000007e2200000|  0%| F|  |TAMS 0x00000007e2100000, 0x00000007e2100000| Untracked 
|  34|0x00000007e2200000, 0x00000007e2200000, 0x00000007e2300000|  0%| F|  |TAMS 0x00000007e2200000, 0x00000007e2200000| Untracked 
|  35|0x00000007e2300000, 0x00000007e2300000, 0x00000007e2400000|  0%| F|  |TAMS 0x00000007e2300000, 0x00000007e2300000| Untracked 
|  36|0x00000007e2400000, 0x00000007e2400000, 0x00000007e2500000|  0%| F|  |TAMS 0x00000007e2400000, 0x00000007e2400000| Untracked 
|  37|0x00000007e2500000, 0x00000007e2500000, 0x00000007e2600000|  0%| F|  |TAMS 0x00000007e2500000, 0x00000007e2500000| Untracked 
|  38|0x00000007e2600000, 0x00000007e2600000, 0x00000007e2700000|  0%| F|  |TAMS 0x00000007e2600000, 0x00000007e2600000| Untracked 
|  39|0x00000007e2700000, 0x00000007e2700000, 0x00000007e2800000|  0%| F|  |TAMS 0x00000007e2700000, 0x00000007e2700000| Untracked 
|  40|0x00000007e2800000, 0x00000007e2800000, 0x00000007e2900000|  0%| F|  |TAMS 0x00000007e2800000, 0x00000007e2800000| Untracked 
|  41|0x00000007e2900000, 0x00000007e2900000, 0x00000007e2a00000|  0%| F|  |TAMS 0x00000007e2900000, 0x00000007e2900000| Untracked 
|  42|0x00000007e2a00000, 0x00000007e2a00000, 0x00000007e2b00000|  0%| F|  |TAMS 0x00000007e2a00000, 0x00000007e2a00000| Untracked 
|  43|0x00000007e2b00000, 0x00000007e2b00000, 0x00000007e2c00000|  0%| F|  |TAMS 0x00000007e2b00000, 0x00000007e2b00000| Untracked 
|  44|0x00000007e2c00000, 0x00000007e2c00000, 0x00000007e2d00000|  0%| F|  |TAMS 0x00000007e2c00000, 0x00000007e2c00000| Untracked 
|  45|0x00000007e2d00000, 0x00000007e2d00000, 0x00000007e2e00000|  0%| F|  |TAMS 0x00000007e2d00000, 0x00000007e2d00000| Untracked 
|  46|0x00000007e2e00000, 0x00000007e2e00000, 0x00000007e2f00000|  0%| F|  |TAMS 0x00000007e2e00000, 0x00000007e2e00000| Untracked 
|  47|0x00000007e2f00000, 0x00000007e2f00000, 0x00000007e3000000|  0%| F|  |TAMS 0x00000007e2f00000, 0x00000007e2f00000| Untracked 
|  48|0x00000007e3000000, 0x00000007e3000000, 0x00000007e3100000|  0%| F|  |TAMS 0x00000007e3000000, 0x00000007e3000000| Untracked 
|  49|0x00000007e3100000, 0x00000007e3100000, 0x00000007e3200000|  0%| F|  |TAMS 0x00000007e3100000, 0x00000007e3100000| Untracked 
|  50|0x00000007e3200000, 0x00000007e3200000, 0x00000007e3300000|  0%| F|  |TAMS 0x00000007e3200000, 0x00000007e3200000| Untracked 
|  51|0x00000007e3300000, 0x00000007e3300000, 0x00000007e3400000|  0%| F|  |TAMS 0x00000007e3300000, 0x00000007e3300000| Untracked 
|  52|0x00000007e3400000, 0x00000007e3400000, 0x00000007e3500000|  0%| F|  |TAMS 0x00000007e3400000, 0x00000007e3400000| Untracked 
|  53|0x00000007e3500000, 0x00000007e3500000, 0x00000007e3600000|  0%| F|  |TAMS 0x00000007e3500000, 0x00000007e3500000| Untracked 
|  54|0x00000007e3600000, 0x00000007e3600000, 0x00000007e3700000|  0%| F|  |TAMS 0x00000007e3600000, 0x00000007e3600000| Untracked 
|  55|0x00000007e3700000, 0x00000007e3700000, 0x00000007e3800000|  0%| F|  |TAMS 0x00000007e3700000, 0x00000007e3700000| Untracked 
|  56|0x00000007e3800000, 0x00000007e3800000, 0x00000007e3900000|  0%| F|  |TAMS 0x00000007e3800000, 0x00000007e3800000| Untracked 
|  57|0x00000007e3900000, 0x00000007e3900000, 0x00000007e3a00000|  0%| F|  |TAMS 0x00000007e3900000, 0x00000007e3900000| Untracked 
|  58|0x00000007e3a00000, 0x00000007e3a00000, 0x00000007e3b00000|  0%| F|  |TAMS 0x00000007e3a00000, 0x00000007e3a00000| Untracked 
|  59|0x00000007e3b00000, 0x00000007e3b00000, 0x00000007e3c00000|  0%| F|  |TAMS 0x00000007e3b00000, 0x00000007e3b00000| Untracked 
|  60|0x00000007e3c00000, 0x00000007e3c00000, 0x00000007e3d00000|  0%| F|  |TAMS 0x00000007e3c00000, 0x00000007e3c00000| Untracked 
|  61|0x00000007e3d00000, 0x00000007e3d00000, 0x00000007e3e00000|  0%| F|  |TAMS 0x00000007e3d00000, 0x00000007e3d00000| Untracked 
|  62|0x00000007e3e00000, 0x00000007e3e00000, 0x00000007e3f00000|  0%| F|  |TAMS 0x00000007e3e00000, 0x00000007e3e00000| Untracked 
|  63|0x00000007e3f00000, 0x00000007e3f00000, 0x00000007e4000000|  0%| F|  |TAMS 0x00000007e3f00000, 0x00000007e3f00000| Untracked 
|  64|0x00000007e4000000, 0x00000007e4000000, 0x00000007e4100000|  0%| F|  |TAMS 0x00000007e4000000, 0x00000007e4000000| Untracked 
|  65|0x00000007e4100000, 0x00000007e4100000, 0x00000007e4200000|  0%| F|  |TAMS 0x00000007e4100000, 0x00000007e4100000| Untracked 
|  66|0x00000007e4200000, 0x00000007e4200000, 0x00000007e4300000|  0%| F|  |TAMS 0x00000007e4200000, 0x00000007e4200000| Untracked 
|  67|0x00000007e4300000, 0x00000007e4300000, 0x00000007e4400000|  0%| F|  |TAMS 0x00000007e4300000, 0x00000007e4300000| Untracked 
|  68|0x00000007e4400000, 0x00000007e4400000, 0x00000007e4500000|  0%| F|  |TAMS 0x00000007e4400000, 0x00000007e4400000| Untracked 
|  69|0x00000007e4500000, 0x00000007e4500000, 0x00000007e4600000|  0%| F|  |TAMS 0x00000007e4500000, 0x00000007e4500000| Untracked 
|  70|0x00000007e4600000, 0x00000007e4600000, 0x00000007e4700000|  0%| F|  |TAMS 0x00000007e4600000, 0x00000007e4600000| Untracked 
|  71|0x00000007e4700000, 0x00000007e4700000, 0x00000007e4800000|  0%| F|  |TAMS 0x00000007e4700000, 0x00000007e4700000| Untracked 
|  72|0x00000007e4800000, 0x00000007e4800000, 0x00000007e4900000|  0%| F|  |TAMS 0x00000007e4800000, 0x00000007e4800000| Untracked 
|  73|0x00000007e4900000, 0x00000007e4900000, 0x00000007e4a00000|  0%| F|  |TAMS 0x00000007e4900000, 0x00000007e4900000| Untracked 
|  74|0x00000007e4a00000, 0x00000007e4a00000, 0x00000007e4b00000|  0%| F|  |TAMS 0x00000007e4a00000, 0x00000007e4a00000| Untracked 
|  75|0x00000007e4b00000, 0x00000007e4b00000, 0x00000007e4c00000|  0%| F|  |TAMS 0x00000007e4b00000, 0x00000007e4b00000| Untracked 
|  76|0x00000007e4c00000, 0x00000007e4c00000, 0x00000007e4d00000|  0%| F|  |TAMS 0x00000007e4c00000, 0x00000007e4c00000| Untracked 
|  77|0x00000007e4d00000, 0x00000007e4d00000, 0x00000007e4e00000|  0%| F|  |TAMS 0x00000007e4d00000, 0x00000007e4d00000| Untracked 
|  78|0x00000007e4e00000, 0x00000007e4e00000, 0x00000007e4f00000|  0%| F|  |TAMS 0x00000007e4e00000, 0x00000007e4e00000| Untracked 
|  79|0x00000007e4f00000, 0x00000007e4f00000, 0x00000007e5000000|  0%| F|  |TAMS 0x00000007e4f00000, 0x00000007e4f00000| Untracked 
|  80|0x00000007e5000000, 0x00000007e5000000, 0x00000007e5100000|  0%| F|  |TAMS 0x00000007e5000000, 0x00000007e5000000| Untracked 
|  81|0x00000007e5100000, 0x00000007e5100000, 0x00000007e5200000|  0%| F|  |TAMS 0x00000007e5100000, 0x00000007e5100000| Untracked 
|  82|0x00000007e5200000, 0x00000007e5200000, 0x00000007e5300000|  0%| F|  |TAMS 0x00000007e5200000, 0x00000007e5200000| Untracked 
|  83|0x00000007e5300000, 0x00000007e5300000, 0x00000007e5400000|  0%| F|  |TAMS 0x00000007e5300000, 0x00000007e5300000| Untracked 
|  84|0x00000007e5400000, 0x00000007e5400000, 0x00000007e5500000|  0%| F|  |TAMS 0x00000007e5400000, 0x00000007e5400000| Untracked 
|  85|0x00000007e5500000, 0x00000007e5500000, 0x00000007e5600000|  0%| F|  |TAMS 0x00000007e5500000, 0x00000007e5500000| Untracked 
|  86|0x00000007e5600000, 0x00000007e5600000, 0x00000007e5700000|  0%| F|  |TAMS 0x00000007e5600000, 0x00000007e5600000| Untracked 
|  87|0x00000007e5700000, 0x00000007e5700000, 0x00000007e5800000|  0%| F|  |TAMS 0x00000007e5700000, 0x00000007e5700000| Untracked 
|  88|0x00000007e5800000, 0x00000007e5800000, 0x00000007e5900000|  0%| F|  |TAMS 0x00000007e5800000, 0x00000007e5800000| Untracked 
|  89|0x00000007e5900000, 0x00000007e5900000, 0x00000007e5a00000|  0%| F|  |TAMS 0x00000007e5900000, 0x00000007e5900000| Untracked 
|  90|0x00000007e5a00000, 0x00000007e5a00000, 0x00000007e5b00000|  0%| F|  |TAMS 0x00000007e5a00000, 0x00000007e5a00000| Untracked 
|  91|0x00000007e5b00000, 0x00000007e5b00000, 0x00000007e5c00000|  0%| F|  |TAMS 0x00000007e5b00000, 0x00000007e5b00000| Untracked 
|  92|0x00000007e5c00000, 0x00000007e5c00000, 0x00000007e5d00000|  0%| F|  |TAMS 0x00000007e5c00000, 0x00000007e5c00000| Untracked 
|  93|0x00000007e5d00000, 0x00000007e5d00000, 0x00000007e5e00000|  0%| F|  |TAMS 0x00000007e5d00000, 0x00000007e5d00000| Untracked 
|  94|0x00000007e5e00000, 0x00000007e5e00000, 0x00000007e5f00000|  0%| F|  |TAMS 0x00000007e5e00000, 0x00000007e5e00000| Untracked 
|  95|0x00000007e5f00000, 0x00000007e5f00000, 0x00000007e6000000|  0%| F|  |TAMS 0x00000007e5f00000, 0x00000007e5f00000| Untracked 
|  96|0x00000007e6000000, 0x00000007e6000000, 0x00000007e6100000|  0%| F|  |TAMS 0x00000007e6000000, 0x00000007e6000000| Untracked 
|  97|0x00000007e6100000, 0x00000007e6100000, 0x00000007e6200000|  0%| F|  |TAMS 0x00000007e6100000, 0x00000007e6100000| Untracked 
|  98|0x00000007e6200000, 0x00000007e6200000, 0x00000007e6300000|  0%| F|  |TAMS 0x00000007e6200000, 0x00000007e6200000| Untracked 
|  99|0x00000007e6300000, 0x00000007e6300000, 0x00000007e6400000|  0%| F|  |TAMS 0x00000007e6300000, 0x00000007e6300000| Untracked 
| 100|0x00000007e6400000, 0x00000007e6400000, 0x00000007e6500000|  0%| F|  |TAMS 0x00000007e6400000, 0x00000007e6400000| Untracked 
| 101|0x00000007e6500000, 0x00000007e6500000, 0x00000007e6600000|  0%| F|  |TAMS 0x00000007e6500000, 0x00000007e6500000| Untracked 
| 102|0x00000007e6600000, 0x00000007e6600000, 0x00000007e6700000|  0%| F|  |TAMS 0x00000007e6600000, 0x00000007e6600000| Untracked 
| 103|0x00000007e6700000, 0x00000007e6700000, 0x00000007e6800000|  0%| F|  |TAMS 0x00000007e6700000, 0x00000007e6700000| Untracked 
| 104|0x00000007e6800000, 0x00000007e6800000, 0x00000007e6900000|  0%| F|  |TAMS 0x00000007e6800000, 0x00000007e6800000| Untracked 
| 105|0x00000007e6900000, 0x00000007e6900000, 0x00000007e6a00000|  0%| F|  |TAMS 0x00000007e6900000, 0x00000007e6900000| Untracked 
| 106|0x00000007e6a00000, 0x00000007e6a00000, 0x00000007e6b00000|  0%| F|  |TAMS 0x00000007e6a00000, 0x00000007e6a00000| Untracked 
| 107|0x00000007e6b00000, 0x00000007e6b00000, 0x00000007e6c00000|  0%| F|  |TAMS 0x00000007e6b00000, 0x00000007e6b00000| Untracked 
| 108|0x00000007e6c00000, 0x00000007e6c00000, 0x00000007e6d00000|  0%| F|  |TAMS 0x00000007e6c00000, 0x00000007e6c00000| Untracked 
| 109|0x00000007e6d00000, 0x00000007e6d00000, 0x00000007e6e00000|  0%| F|  |TAMS 0x00000007e6d00000, 0x00000007e6d00000| Untracked 
| 110|0x00000007e6e00000, 0x00000007e6e00000, 0x00000007e6f00000|  0%| F|  |TAMS 0x00000007e6e00000, 0x00000007e6e00000| Untracked 
| 111|0x00000007e6f00000, 0x00000007e6f00000, 0x00000007e7000000|  0%| F|  |TAMS 0x00000007e6f00000, 0x00000007e6f00000| Untracked 
| 112|0x00000007e7000000, 0x00000007e7000000, 0x00000007e7100000|  0%| F|  |TAMS 0x00000007e7000000, 0x00000007e7000000| Untracked 
| 113|0x00000007e7100000, 0x00000007e7100000, 0x00000007e7200000|  0%| F|  |TAMS 0x00000007e7100000, 0x00000007e7100000| Untracked 
| 114|0x00000007e7200000, 0x00000007e7200000, 0x00000007e7300000|  0%| F|  |TAMS 0x00000007e7200000, 0x00000007e7200000| Untracked 
| 115|0x00000007e7300000, 0x00000007e7300000, 0x00000007e7400000|  0%| F|  |TAMS 0x00000007e7300000, 0x00000007e7300000| Untracked 
| 116|0x00000007e7400000, 0x00000007e7400000, 0x00000007e7500000|  0%| F|  |TAMS 0x00000007e7400000, 0x00000007e7400000| Untracked 
| 117|0x00000007e7500000, 0x00000007e7500000, 0x00000007e7600000|  0%| F|  |TAMS 0x00000007e7500000, 0x00000007e7500000| Untracked 
| 118|0x00000007e7600000, 0x00000007e7600000, 0x00000007e7700000|  0%| F|  |TAMS 0x00000007e7600000, 0x00000007e7600000| Untracked 
| 119|0x00000007e7700000, 0x00000007e7700000, 0x00000007e7800000|  0%| F|  |TAMS 0x00000007e7700000, 0x00000007e7700000| Untracked 
| 120|0x00000007e7800000, 0x00000007e7800000, 0x00000007e7900000|  0%| F|  |TAMS 0x00000007e7800000, 0x00000007e7800000| Untracked 
| 121|0x00000007e7900000, 0x00000007e7900000, 0x00000007e7a00000|  0%| F|  |TAMS 0x00000007e7900000, 0x00000007e7900000| Untracked 
| 122|0x00000007e7a00000, 0x00000007e7a00000, 0x00000007e7b00000|  0%| F|  |TAMS 0x00000007e7a00000, 0x00000007e7a00000| Untracked 
| 123|0x00000007e7b00000, 0x00000007e7b00000, 0x00000007e7c00000|  0%| F|  |TAMS 0x00000007e7b00000, 0x00000007e7b00000| Untracked 
| 124|0x00000007e7c00000, 0x00000007e7c00000, 0x00000007e7d00000|  0%| F|  |TAMS 0x00000007e7c00000, 0x00000007e7c00000| Untracked 
| 125|0x00000007e7d00000, 0x00000007e7d00000, 0x00000007e7e00000|  0%| F|  |TAMS 0x00000007e7d00000, 0x00000007e7d00000| Untracked 
| 126|0x00000007e7e00000, 0x00000007e7e00000, 0x00000007e7f00000|  0%| F|  |TAMS 0x00000007e7e00000, 0x00000007e7e00000| Untracked 
| 127|0x00000007e7f00000, 0x00000007e7f00000, 0x00000007e8000000|  0%| F|  |TAMS 0x00000007e7f00000, 0x00000007e7f00000| Untracked 
| 128|0x00000007e8000000, 0x00000007e8000000, 0x00000007e8100000|  0%| F|  |TAMS 0x00000007e8000000, 0x00000007e8000000| Untracked 
| 129|0x00000007e8100000, 0x00000007e8100000, 0x00000007e8200000|  0%| F|  |TAMS 0x00000007e8100000, 0x00000007e8100000| Untracked 
| 130|0x00000007e8200000, 0x00000007e8200000, 0x00000007e8300000|  0%| F|  |TAMS 0x00000007e8200000, 0x00000007e8200000| Untracked 
| 131|0x00000007e8300000, 0x00000007e8300000, 0x00000007e8400000|  0%| F|  |TAMS 0x00000007e8300000, 0x00000007e8300000| Untracked 
| 132|0x00000007e8400000, 0x00000007e8400000, 0x00000007e8500000|  0%| F|  |TAMS 0x00000007e8400000, 0x00000007e8400000| Untracked 
| 133|0x00000007e8500000, 0x00000007e8500000, 0x00000007e8600000|  0%| F|  |TAMS 0x00000007e8500000, 0x00000007e8500000| Untracked 
| 134|0x00000007e8600000, 0x00000007e8600000, 0x00000007e8700000|  0%| F|  |TAMS 0x00000007e8600000, 0x00000007e8600000| Untracked 
| 135|0x00000007e8700000, 0x00000007e8700000, 0x00000007e8800000|  0%| F|  |TAMS 0x00000007e8700000, 0x00000007e8700000| Untracked 
| 136|0x00000007e8800000, 0x00000007e8800000, 0x00000007e8900000|  0%| F|  |TAMS 0x00000007e8800000, 0x00000007e8800000| Untracked 
| 137|0x00000007e8900000, 0x00000007e8900000, 0x00000007e8a00000|  0%| F|  |TAMS 0x00000007e8900000, 0x00000007e8900000| Untracked 
| 138|0x00000007e8a00000, 0x00000007e8a00000, 0x00000007e8b00000|  0%| F|  |TAMS 0x00000007e8a00000, 0x00000007e8a00000| Untracked 
| 139|0x00000007e8b00000, 0x00000007e8b00000, 0x00000007e8c00000|  0%| F|  |TAMS 0x00000007e8b00000, 0x00000007e8b00000| Untracked 
| 140|0x00000007e8c00000, 0x00000007e8c00000, 0x00000007e8d00000|  0%| F|  |TAMS 0x00000007e8c00000, 0x00000007e8c00000| Untracked 
| 141|0x00000007e8d00000, 0x00000007e8d00000, 0x00000007e8e00000|  0%| F|  |TAMS 0x00000007e8d00000, 0x00000007e8d00000| Untracked 
| 142|0x00000007e8e00000, 0x00000007e8e00000, 0x00000007e8f00000|  0%| F|  |TAMS 0x00000007e8e00000, 0x00000007e8e00000| Untracked 
| 143|0x00000007e8f00000, 0x00000007e8f00000, 0x00000007e9000000|  0%| F|  |TAMS 0x00000007e8f00000, 0x00000007e8f00000| Untracked 
| 144|0x00000007e9000000, 0x00000007e9000000, 0x00000007e9100000|  0%| F|  |TAMS 0x00000007e9000000, 0x00000007e9000000| Untracked 
| 145|0x00000007e9100000, 0x00000007e9100000, 0x00000007e9200000|  0%| F|  |TAMS 0x00000007e9100000, 0x00000007e9100000| Untracked 
| 146|0x00000007e9200000, 0x00000007e9200000, 0x00000007e9300000|  0%| F|  |TAMS 0x00000007e9200000, 0x00000007e9200000| Untracked 
| 147|0x00000007e9300000, 0x00000007e9300000, 0x00000007e9400000|  0%| F|  |TAMS 0x00000007e9300000, 0x00000007e9300000| Untracked 
| 148|0x00000007e9400000, 0x00000007e9400000, 0x00000007e9500000|  0%| F|  |TAMS 0x00000007e9400000, 0x00000007e9400000| Untracked 
| 149|0x00000007e9500000, 0x00000007e9500000, 0x00000007e9600000|  0%| F|  |TAMS 0x00000007e9500000, 0x00000007e9500000| Untracked 
| 150|0x00000007e9600000, 0x00000007e9600000, 0x00000007e9700000|  0%| F|  |TAMS 0x00000007e9600000, 0x00000007e9600000| Untracked 
| 151|0x00000007e9700000, 0x00000007e9700000, 0x00000007e9800000|  0%| F|  |TAMS 0x00000007e9700000, 0x00000007e9700000| Untracked 
| 152|0x00000007e9800000, 0x00000007e9800000, 0x00000007e9900000|  0%| F|  |TAMS 0x00000007e9800000, 0x00000007e9800000| Untracked 
| 153|0x00000007e9900000, 0x00000007e9900000, 0x00000007e9a00000|  0%| F|  |TAMS 0x00000007e9900000, 0x00000007e9900000| Untracked 
| 154|0x00000007e9a00000, 0x00000007e9a00000, 0x00000007e9b00000|  0%| F|  |TAMS 0x00000007e9a00000, 0x00000007e9a00000| Untracked 
| 155|0x00000007e9b00000, 0x00000007e9b00000, 0x00000007e9c00000|  0%| F|  |TAMS 0x00000007e9b00000, 0x00000007e9b00000| Untracked 
| 156|0x00000007e9c00000, 0x00000007e9c00000, 0x00000007e9d00000|  0%| F|  |TAMS 0x00000007e9c00000, 0x00000007e9c00000| Untracked 
| 157|0x00000007e9d00000, 0x00000007e9d00000, 0x00000007e9e00000|  0%| F|  |TAMS 0x00000007e9d00000, 0x00000007e9d00000| Untracked 
| 158|0x00000007e9e00000, 0x00000007e9e00000, 0x00000007e9f00000|  0%| F|  |TAMS 0x00000007e9e00000, 0x00000007e9e00000| Untracked 
| 159|0x00000007e9f00000, 0x00000007e9f00000, 0x00000007ea000000|  0%| F|  |TAMS 0x00000007e9f00000, 0x00000007e9f00000| Untracked 
| 160|0x00000007ea000000, 0x00000007ea000000, 0x00000007ea100000|  0%| F|  |TAMS 0x00000007ea000000, 0x00000007ea000000| Untracked 
| 161|0x00000007ea100000, 0x00000007ea100000, 0x00000007ea200000|  0%| F|  |TAMS 0x00000007ea100000, 0x00000007ea100000| Untracked 
| 162|0x00000007ea200000, 0x00000007ea200000, 0x00000007ea300000|  0%| F|  |TAMS 0x00000007ea200000, 0x00000007ea200000| Untracked 
| 163|0x00000007ea300000, 0x00000007ea300000, 0x00000007ea400000|  0%| F|  |TAMS 0x00000007ea300000, 0x00000007ea300000| Untracked 
| 164|0x00000007ea400000, 0x00000007ea400000, 0x00000007ea500000|  0%| F|  |TAMS 0x00000007ea400000, 0x00000007ea400000| Untracked 
| 165|0x00000007ea500000, 0x00000007ea500000, 0x00000007ea600000|  0%| F|  |TAMS 0x00000007ea500000, 0x00000007ea500000| Untracked 
| 166|0x00000007ea600000, 0x00000007ea600000, 0x00000007ea700000|  0%| F|  |TAMS 0x00000007ea600000, 0x00000007ea600000| Untracked 
| 167|0x00000007ea700000, 0x00000007ea700000, 0x00000007ea800000|  0%| F|  |TAMS 0x00000007ea700000, 0x00000007ea700000| Untracked 
| 168|0x00000007ea800000, 0x00000007ea800000, 0x00000007ea900000|  0%| F|  |TAMS 0x00000007ea800000, 0x00000007ea800000| Untracked 
| 169|0x00000007ea900000, 0x00000007ea900000, 0x00000007eaa00000|  0%| F|  |TAMS 0x00000007ea900000, 0x00000007ea900000| Untracked 
| 170|0x00000007eaa00000, 0x00000007eaa00000, 0x00000007eab00000|  0%| F|  |TAMS 0x00000007eaa00000, 0x00000007eaa00000| Untracked 
| 171|0x00000007eab00000, 0x00000007eab00000, 0x00000007eac00000|  0%| F|  |TAMS 0x00000007eab00000, 0x00000007eab00000| Untracked 
| 172|0x00000007eac00000, 0x00000007eac00000, 0x00000007ead00000|  0%| F|  |TAMS 0x00000007eac00000, 0x00000007eac00000| Untracked 
| 173|0x00000007ead00000, 0x00000007ead00000, 0x00000007eae00000|  0%| F|  |TAMS 0x00000007ead00000, 0x00000007ead00000| Untracked 
| 174|0x00000007eae00000, 0x00000007eae00000, 0x00000007eaf00000|  0%| F|  |TAMS 0x00000007eae00000, 0x00000007eae00000| Untracked 
| 175|0x00000007eaf00000, 0x00000007eaf00000, 0x00000007eb000000|  0%| F|  |TAMS 0x00000007eaf00000, 0x00000007eaf00000| Untracked 
| 176|0x00000007eb000000, 0x00000007eb000000, 0x00000007eb100000|  0%| F|  |TAMS 0x00000007eb000000, 0x00000007eb000000| Untracked 
| 177|0x00000007eb100000, 0x00000007eb100000, 0x00000007eb200000|  0%| F|  |TAMS 0x00000007eb100000, 0x00000007eb100000| Untracked 
| 178|0x00000007eb200000, 0x00000007eb200000, 0x00000007eb300000|  0%| F|  |TAMS 0x00000007eb200000, 0x00000007eb200000| Untracked 
| 179|0x00000007eb300000, 0x00000007eb300000, 0x00000007eb400000|  0%| F|  |TAMS 0x00000007eb300000, 0x00000007eb300000| Untracked 
| 180|0x00000007eb400000, 0x00000007eb400000, 0x00000007eb500000|  0%| F|  |TAMS 0x00000007eb400000, 0x00000007eb400000| Untracked 
| 181|0x00000007eb500000, 0x00000007eb500000, 0x00000007eb600000|  0%| F|  |TAMS 0x00000007eb500000, 0x00000007eb500000| Untracked 
| 182|0x00000007eb600000, 0x00000007eb600000, 0x00000007eb700000|  0%| F|  |TAMS 0x00000007eb600000, 0x00000007eb600000| Untracked 
| 183|0x00000007eb700000, 0x00000007eb700000, 0x00000007eb800000|  0%| F|  |TAMS 0x00000007eb700000, 0x00000007eb700000| Untracked 
| 184|0x00000007eb800000, 0x00000007eb800000, 0x00000007eb900000|  0%| F|  |TAMS 0x00000007eb800000, 0x00000007eb800000| Untracked 
| 185|0x00000007eb900000, 0x00000007eb900000, 0x00000007eba00000|  0%| F|  |TAMS 0x00000007eb900000, 0x00000007eb900000| Untracked 
| 186|0x00000007eba00000, 0x00000007eba00000, 0x00000007ebb00000|  0%| F|  |TAMS 0x00000007eba00000, 0x00000007eba00000| Untracked 
| 187|0x00000007ebb00000, 0x00000007ebb00000, 0x00000007ebc00000|  0%| F|  |TAMS 0x00000007ebb00000, 0x00000007ebb00000| Untracked 
| 188|0x00000007ebc00000, 0x00000007ebc00000, 0x00000007ebd00000|  0%| F|  |TAMS 0x00000007ebc00000, 0x00000007ebc00000| Untracked 
| 189|0x00000007ebd00000, 0x00000007ebd00000, 0x00000007ebe00000|  0%| F|  |TAMS 0x00000007ebd00000, 0x00000007ebd00000| Untracked 
| 190|0x00000007ebe00000, 0x00000007ebe00000, 0x00000007ebf00000|  0%| F|  |TAMS 0x00000007ebe00000, 0x00000007ebe00000| Untracked 
| 191|0x00000007ebf00000, 0x00000007ebf00000, 0x00000007ec000000|  0%| F|  |TAMS 0x00000007ebf00000, 0x00000007ebf00000| Untracked 
| 192|0x00000007ec000000, 0x00000007ec000000, 0x00000007ec100000|  0%| F|  |TAMS 0x00000007ec000000, 0x00000007ec000000| Untracked 
| 193|0x00000007ec100000, 0x00000007ec100000, 0x00000007ec200000|  0%| F|  |TAMS 0x00000007ec100000, 0x00000007ec100000| Untracked 
| 194|0x00000007ec200000, 0x00000007ec200000, 0x00000007ec300000|  0%| F|  |TAMS 0x00000007ec200000, 0x00000007ec200000| Untracked 
| 195|0x00000007ec300000, 0x00000007ec300000, 0x00000007ec400000|  0%| F|  |TAMS 0x00000007ec300000, 0x00000007ec300000| Untracked 
| 196|0x00000007ec400000, 0x00000007ec400000, 0x00000007ec500000|  0%| F|  |TAMS 0x00000007ec400000, 0x00000007ec400000| Untracked 
| 197|0x00000007ec500000, 0x00000007ec500000, 0x00000007ec600000|  0%| F|  |TAMS 0x00000007ec500000, 0x00000007ec500000| Untracked 
| 198|0x00000007ec600000, 0x00000007ec600000, 0x00000007ec700000|  0%| F|  |TAMS 0x00000007ec600000, 0x00000007ec600000| Untracked 
| 199|0x00000007ec700000, 0x00000007ec700000, 0x00000007ec800000|  0%| F|  |TAMS 0x00000007ec700000, 0x00000007ec700000| Untracked 
| 200|0x00000007ec800000, 0x00000007ec800000, 0x00000007ec900000|  0%| F|  |TAMS 0x00000007ec800000, 0x00000007ec800000| Untracked 
| 201|0x00000007ec900000, 0x00000007ec900000, 0x00000007eca00000|  0%| F|  |TAMS 0x00000007ec900000, 0x00000007ec900000| Untracked 
| 202|0x00000007eca00000, 0x00000007eca00000, 0x00000007ecb00000|  0%| F|  |TAMS 0x00000007eca00000, 0x00000007eca00000| Untracked 
| 203|0x00000007ecb00000, 0x00000007ecb00000, 0x00000007ecc00000|  0%| F|  |TAMS 0x00000007ecb00000, 0x00000007ecb00000| Untracked 
| 204|0x00000007ecc00000, 0x00000007ecc00000, 0x00000007ecd00000|  0%| F|  |TAMS 0x00000007ecc00000, 0x00000007ecc00000| Untracked 
| 205|0x00000007ecd00000, 0x00000007ecd00000, 0x00000007ece00000|  0%| F|  |TAMS 0x00000007ecd00000, 0x00000007ecd00000| Untracked 
| 206|0x00000007ece00000, 0x00000007ece00000, 0x00000007ecf00000|  0%| F|  |TAMS 0x00000007ece00000, 0x00000007ece00000| Untracked 
| 207|0x00000007ecf00000, 0x00000007ecf00000, 0x00000007ed000000|  0%| F|  |TAMS 0x00000007ecf00000, 0x00000007ecf00000| Untracked 
| 208|0x00000007ed000000, 0x00000007ed000000, 0x00000007ed100000|  0%| F|  |TAMS 0x00000007ed000000, 0x00000007ed000000| Untracked 
| 209|0x00000007ed100000, 0x00000007ed100000, 0x00000007ed200000|  0%| F|  |TAMS 0x00000007ed100000, 0x00000007ed100000| Untracked 
| 210|0x00000007ed200000, 0x00000007ed200000, 0x00000007ed300000|  0%| F|  |TAMS 0x00000007ed200000, 0x00000007ed200000| Untracked 
| 211|0x00000007ed300000, 0x00000007ed300000, 0x00000007ed400000|  0%| F|  |TAMS 0x00000007ed300000, 0x00000007ed300000| Untracked 
| 212|0x00000007ed400000, 0x00000007ed400000, 0x00000007ed500000|  0%| F|  |TAMS 0x00000007ed400000, 0x00000007ed400000| Untracked 
| 213|0x00000007ed500000, 0x00000007ed500000, 0x00000007ed600000|  0%| F|  |TAMS 0x00000007ed500000, 0x00000007ed500000| Untracked 
| 214|0x00000007ed600000, 0x00000007ed600000, 0x00000007ed700000|  0%| F|  |TAMS 0x00000007ed600000, 0x00000007ed600000| Untracked 
| 215|0x00000007ed700000, 0x00000007ed700000, 0x00000007ed800000|  0%| F|  |TAMS 0x00000007ed700000, 0x00000007ed700000| Untracked 
| 216|0x00000007ed800000, 0x00000007ed800000, 0x00000007ed900000|  0%| F|  |TAMS 0x00000007ed800000, 0x00000007ed800000| Untracked 
| 217|0x00000007ed900000, 0x00000007ed900000, 0x00000007eda00000|  0%| F|  |TAMS 0x00000007ed900000, 0x00000007ed900000| Untracked 
| 218|0x00000007eda00000, 0x00000007eda00000, 0x00000007edb00000|  0%| F|  |TAMS 0x00000007eda00000, 0x00000007eda00000| Untracked 
| 219|0x00000007edb00000, 0x00000007edb00000, 0x00000007edc00000|  0%| F|  |TAMS 0x00000007edb00000, 0x00000007edb00000| Untracked 
| 220|0x00000007edc00000, 0x00000007edc00000, 0x00000007edd00000|  0%| F|  |TAMS 0x00000007edc00000, 0x00000007edc00000| Untracked 
| 221|0x00000007edd00000, 0x00000007edd00000, 0x00000007ede00000|  0%| F|  |TAMS 0x00000007edd00000, 0x00000007edd00000| Untracked 
| 222|0x00000007ede00000, 0x00000007ede00000, 0x00000007edf00000|  0%| F|  |TAMS 0x00000007ede00000, 0x00000007ede00000| Untracked 
| 223|0x00000007edf00000, 0x00000007edf00000, 0x00000007ee000000|  0%| F|  |TAMS 0x00000007edf00000, 0x00000007edf00000| Untracked 
| 224|0x00000007ee000000, 0x00000007ee000000, 0x00000007ee100000|  0%| F|  |TAMS 0x00000007ee000000, 0x00000007ee000000| Untracked 
| 225|0x00000007ee100000, 0x00000007ee100000, 0x00000007ee200000|  0%| F|  |TAMS 0x00000007ee100000, 0x00000007ee100000| Untracked 
| 226|0x00000007ee200000, 0x00000007ee200000, 0x00000007ee300000|  0%| F|  |TAMS 0x00000007ee200000, 0x00000007ee200000| Untracked 
| 227|0x00000007ee300000, 0x00000007ee300000, 0x00000007ee400000|  0%| F|  |TAMS 0x00000007ee300000, 0x00000007ee300000| Untracked 
| 228|0x00000007ee400000, 0x00000007ee400000, 0x00000007ee500000|  0%| F|  |TAMS 0x00000007ee400000, 0x00000007ee400000| Untracked 
| 229|0x00000007ee500000, 0x00000007ee500000, 0x00000007ee600000|  0%| F|  |TAMS 0x00000007ee500000, 0x00000007ee500000| Untracked 
| 230|0x00000007ee600000, 0x00000007ee600000, 0x00000007ee700000|  0%| F|  |TAMS 0x00000007ee600000, 0x00000007ee600000| Untracked 
| 231|0x00000007ee700000, 0x00000007ee700000, 0x00000007ee800000|  0%| F|  |TAMS 0x00000007ee700000, 0x00000007ee700000| Untracked 
| 232|0x00000007ee800000, 0x00000007ee800000, 0x00000007ee900000|  0%| F|  |TAMS 0x00000007ee800000, 0x00000007ee800000| Untracked 
| 233|0x00000007ee900000, 0x00000007ee900000, 0x00000007eea00000|  0%| F|  |TAMS 0x00000007ee900000, 0x00000007ee900000| Untracked 
| 234|0x00000007eea00000, 0x00000007eea00000, 0x00000007eeb00000|  0%| F|  |TAMS 0x00000007eea00000, 0x00000007eea00000| Untracked 
| 235|0x00000007eeb00000, 0x00000007eeb00000, 0x00000007eec00000|  0%| F|  |TAMS 0x00000007eeb00000, 0x00000007eeb00000| Untracked 
| 236|0x00000007eec00000, 0x00000007eec00000, 0x00000007eed00000|  0%| F|  |TAMS 0x00000007eec00000, 0x00000007eec00000| Untracked 
| 237|0x00000007eed00000, 0x00000007eed00000, 0x00000007eee00000|  0%| F|  |TAMS 0x00000007eed00000, 0x00000007eed00000| Untracked 
| 238|0x00000007eee00000, 0x00000007eee00000, 0x00000007eef00000|  0%| F|  |TAMS 0x00000007eee00000, 0x00000007eee00000| Untracked 
| 239|0x00000007eef00000, 0x00000007eef00000, 0x00000007ef000000|  0%| F|  |TAMS 0x00000007eef00000, 0x00000007eef00000| Untracked 
| 240|0x00000007ef000000, 0x00000007ef000000, 0x00000007ef100000|  0%| F|  |TAMS 0x00000007ef000000, 0x00000007ef000000| Untracked 
| 241|0x00000007ef100000, 0x00000007ef100000, 0x00000007ef200000|  0%| F|  |TAMS 0x00000007ef100000, 0x00000007ef100000| Untracked 
| 242|0x00000007ef200000, 0x00000007ef200000, 0x00000007ef300000|  0%| F|  |TAMS 0x00000007ef200000, 0x00000007ef200000| Untracked 
| 243|0x00000007ef300000, 0x00000007ef300000, 0x00000007ef400000|  0%| F|  |TAMS 0x00000007ef300000, 0x00000007ef300000| Untracked 
| 244|0x00000007ef400000, 0x00000007ef400000, 0x00000007ef500000|  0%| F|  |TAMS 0x00000007ef400000, 0x00000007ef400000| Untracked 
| 245|0x00000007ef500000, 0x00000007ef500000, 0x00000007ef600000|  0%| F|  |TAMS 0x00000007ef500000, 0x00000007ef500000| Untracked 
| 246|0x00000007ef600000, 0x00000007ef600000, 0x00000007ef700000|  0%| F|  |TAMS 0x00000007ef600000, 0x00000007ef600000| Untracked 
| 247|0x00000007ef700000, 0x00000007ef700000, 0x00000007ef800000|  0%| F|  |TAMS 0x00000007ef700000, 0x00000007ef700000| Untracked 
| 248|0x00000007ef800000, 0x00000007ef800000, 0x00000007ef900000|  0%| F|  |TAMS 0x00000007ef800000, 0x00000007ef800000| Untracked 
| 249|0x00000007ef900000, 0x00000007ef900000, 0x00000007efa00000|  0%| F|  |TAMS 0x00000007ef900000, 0x00000007ef900000| Untracked 
| 250|0x00000007efa00000, 0x00000007efa00000, 0x00000007efb00000|  0%| F|  |TAMS 0x00000007efa00000, 0x00000007efa00000| Untracked 
| 251|0x00000007efb00000, 0x00000007efb00000, 0x00000007efc00000|  0%| F|  |TAMS 0x00000007efb00000, 0x00000007efb00000| Untracked 
| 252|0x00000007efc00000, 0x00000007efc00000, 0x00000007efd00000|  0%| F|  |TAMS 0x00000007efc00000, 0x00000007efc00000| Untracked 
| 253|0x00000007efd00000, 0x00000007efd00000, 0x00000007efe00000|  0%| F|  |TAMS 0x00000007efd00000, 0x00000007efd00000| Untracked 
| 254|0x00000007efe00000, 0x00000007efe00000, 0x00000007eff00000|  0%| F|  |TAMS 0x00000007efe00000, 0x00000007efe00000| Untracked 
| 255|0x00000007eff00000, 0x00000007eff00000, 0x00000007f0000000|  0%| F|  |TAMS 0x00000007eff00000, 0x00000007eff00000| Untracked 
| 256|0x00000007f0000000, 0x00000007f0000000, 0x00000007f0100000|  0%| F|  |TAMS 0x00000007f0000000, 0x00000007f0000000| Untracked 
| 257|0x00000007f0100000, 0x00000007f0100000, 0x00000007f0200000|  0%| F|  |TAMS 0x00000007f0100000, 0x00000007f0100000| Untracked 
| 258|0x00000007f0200000, 0x00000007f0200000, 0x00000007f0300000|  0%| F|  |TAMS 0x00000007f0200000, 0x00000007f0200000| Untracked 
| 259|0x00000007f0300000, 0x00000007f0300000, 0x00000007f0400000|  0%| F|  |TAMS 0x00000007f0300000, 0x00000007f0300000| Untracked 
| 260|0x00000007f0400000, 0x00000007f0400000, 0x00000007f0500000|  0%| F|  |TAMS 0x00000007f0400000, 0x00000007f0400000| Untracked 
| 261|0x00000007f0500000, 0x00000007f0500000, 0x00000007f0600000|  0%| F|  |TAMS 0x00000007f0500000, 0x00000007f0500000| Untracked 
| 262|0x00000007f0600000, 0x00000007f0600000, 0x00000007f0700000|  0%| F|  |TAMS 0x00000007f0600000, 0x00000007f0600000| Untracked 
| 263|0x00000007f0700000, 0x00000007f0700000, 0x00000007f0800000|  0%| F|  |TAMS 0x00000007f0700000, 0x00000007f0700000| Untracked 
| 264|0x00000007f0800000, 0x00000007f0800000, 0x00000007f0900000|  0%| F|  |TAMS 0x00000007f0800000, 0x00000007f0800000| Untracked 
| 265|0x00000007f0900000, 0x00000007f0900000, 0x00000007f0a00000|  0%| F|  |TAMS 0x00000007f0900000, 0x00000007f0900000| Untracked 
| 266|0x00000007f0a00000, 0x00000007f0a00000, 0x00000007f0b00000|  0%| F|  |TAMS 0x00000007f0a00000, 0x00000007f0a00000| Untracked 
| 267|0x00000007f0b00000, 0x00000007f0b00000, 0x00000007f0c00000|  0%| F|  |TAMS 0x00000007f0b00000, 0x00000007f0b00000| Untracked 
| 268|0x00000007f0c00000, 0x00000007f0c00000, 0x00000007f0d00000|  0%| F|  |TAMS 0x00000007f0c00000, 0x00000007f0c00000| Untracked 
| 269|0x00000007f0d00000, 0x00000007f0d00000, 0x00000007f0e00000|  0%| F|  |TAMS 0x00000007f0d00000, 0x00000007f0d00000| Untracked 
| 270|0x00000007f0e00000, 0x00000007f0e00000, 0x00000007f0f00000|  0%| F|  |TAMS 0x00000007f0e00000, 0x00000007f0e00000| Untracked 
| 271|0x00000007f0f00000, 0x00000007f0f00000, 0x00000007f1000000|  0%| F|  |TAMS 0x00000007f0f00000, 0x00000007f0f00000| Untracked 
| 272|0x00000007f1000000, 0x00000007f1000000, 0x00000007f1100000|  0%| F|  |TAMS 0x00000007f1000000, 0x00000007f1000000| Untracked 
| 273|0x00000007f1100000, 0x00000007f1100000, 0x00000007f1200000|  0%| F|  |TAMS 0x00000007f1100000, 0x00000007f1100000| Untracked 
| 274|0x00000007f1200000, 0x00000007f1200000, 0x00000007f1300000|  0%| F|  |TAMS 0x00000007f1200000, 0x00000007f1200000| Untracked 
| 275|0x00000007f1300000, 0x00000007f1300000, 0x00000007f1400000|  0%| F|  |TAMS 0x00000007f1300000, 0x00000007f1300000| Untracked 
| 276|0x00000007f1400000, 0x00000007f1400000, 0x00000007f1500000|  0%| F|  |TAMS 0x00000007f1400000, 0x00000007f1400000| Untracked 
| 277|0x00000007f1500000, 0x00000007f1500000, 0x00000007f1600000|  0%| F|  |TAMS 0x00000007f1500000, 0x00000007f1500000| Untracked 
| 278|0x00000007f1600000, 0x00000007f1600000, 0x00000007f1700000|  0%| F|  |TAMS 0x00000007f1600000, 0x00000007f1600000| Untracked 
| 279|0x00000007f1700000, 0x00000007f1700000, 0x00000007f1800000|  0%| F|  |TAMS 0x00000007f1700000, 0x00000007f1700000| Untracked 
| 280|0x00000007f1800000, 0x00000007f1800000, 0x00000007f1900000|  0%| F|  |TAMS 0x00000007f1800000, 0x00000007f1800000| Untracked 
| 281|0x00000007f1900000, 0x00000007f1900000, 0x00000007f1a00000|  0%| F|  |TAMS 0x00000007f1900000, 0x00000007f1900000| Untracked 
| 282|0x00000007f1a00000, 0x00000007f1a00000, 0x00000007f1b00000|  0%| F|  |TAMS 0x00000007f1a00000, 0x00000007f1a00000| Untracked 
| 283|0x00000007f1b00000, 0x00000007f1b00000, 0x00000007f1c00000|  0%| F|  |TAMS 0x00000007f1b00000, 0x00000007f1b00000| Untracked 
| 284|0x00000007f1c00000, 0x00000007f1c00000, 0x00000007f1d00000|  0%| F|  |TAMS 0x00000007f1c00000, 0x00000007f1c00000| Untracked 
| 285|0x00000007f1d00000, 0x00000007f1d00000, 0x00000007f1e00000|  0%| F|  |TAMS 0x00000007f1d00000, 0x00000007f1d00000| Untracked 
| 286|0x00000007f1e00000, 0x00000007f1e00000, 0x00000007f1f00000|  0%| F|  |TAMS 0x00000007f1e00000, 0x00000007f1e00000| Untracked 
| 287|0x00000007f1f00000, 0x00000007f1f00000, 0x00000007f2000000|  0%| F|  |TAMS 0x00000007f1f00000, 0x00000007f1f00000| Untracked 
| 288|0x00000007f2000000, 0x00000007f2000000, 0x00000007f2100000|  0%| F|  |TAMS 0x00000007f2000000, 0x00000007f2000000| Untracked 
| 289|0x00000007f2100000, 0x00000007f2100000, 0x00000007f2200000|  0%| F|  |TAMS 0x00000007f2100000, 0x00000007f2100000| Untracked 
| 290|0x00000007f2200000, 0x00000007f2200000, 0x00000007f2300000|  0%| F|  |TAMS 0x00000007f2200000, 0x00000007f2200000| Untracked 
| 291|0x00000007f2300000, 0x00000007f2300000, 0x00000007f2400000|  0%| F|  |TAMS 0x00000007f2300000, 0x00000007f2300000| Untracked 
| 292|0x00000007f2400000, 0x00000007f2400000, 0x00000007f2500000|  0%| F|  |TAMS 0x00000007f2400000, 0x00000007f2400000| Untracked 
| 293|0x00000007f2500000, 0x00000007f2500000, 0x00000007f2600000|  0%| F|  |TAMS 0x00000007f2500000, 0x00000007f2500000| Untracked 
| 294|0x00000007f2600000, 0x00000007f2600000, 0x00000007f2700000|  0%| F|  |TAMS 0x00000007f2600000, 0x00000007f2600000| Untracked 
| 295|0x00000007f2700000, 0x00000007f2700000, 0x00000007f2800000|  0%| F|  |TAMS 0x00000007f2700000, 0x00000007f2700000| Untracked 
| 296|0x00000007f2800000, 0x00000007f2800000, 0x00000007f2900000|  0%| F|  |TAMS 0x00000007f2800000, 0x00000007f2800000| Untracked 
| 297|0x00000007f2900000, 0x00000007f2900000, 0x00000007f2a00000|  0%| F|  |TAMS 0x00000007f2900000, 0x00000007f2900000| Untracked 
| 298|0x00000007f2a00000, 0x00000007f2a00000, 0x00000007f2b00000|  0%| F|  |TAMS 0x00000007f2a00000, 0x00000007f2a00000| Untracked 
| 299|0x00000007f2b00000, 0x00000007f2b00000, 0x00000007f2c00000|  0%| F|  |TAMS 0x00000007f2b00000, 0x00000007f2b00000| Untracked 
| 300|0x00000007f2c00000, 0x00000007f2c00000, 0x00000007f2d00000|  0%| F|  |TAMS 0x00000007f2c00000, 0x00000007f2c00000| Untracked 
| 301|0x00000007f2d00000, 0x00000007f2d00000, 0x00000007f2e00000|  0%| F|  |TAMS 0x00000007f2d00000, 0x00000007f2d00000| Untracked 
| 302|0x00000007f2e00000, 0x00000007f2e00000, 0x00000007f2f00000|  0%| F|  |TAMS 0x00000007f2e00000, 0x00000007f2e00000| Untracked 
| 303|0x00000007f2f00000, 0x00000007f2f00000, 0x00000007f3000000|  0%| F|  |TAMS 0x00000007f2f00000, 0x00000007f2f00000| Untracked 
| 304|0x00000007f3000000, 0x00000007f3000000, 0x00000007f3100000|  0%| F|  |TAMS 0x00000007f3000000, 0x00000007f3000000| Untracked 
| 305|0x00000007f3100000, 0x00000007f3100000, 0x00000007f3200000|  0%| F|  |TAMS 0x00000007f3100000, 0x00000007f3100000| Untracked 
| 306|0x00000007f3200000, 0x00000007f3200000, 0x00000007f3300000|  0%| F|  |TAMS 0x00000007f3200000, 0x00000007f3200000| Untracked 
| 307|0x00000007f3300000, 0x00000007f3300000, 0x00000007f3400000|  0%| F|  |TAMS 0x00000007f3300000, 0x00000007f3300000| Untracked 
| 308|0x00000007f3400000, 0x00000007f3400000, 0x00000007f3500000|  0%| F|  |TAMS 0x00000007f3400000, 0x00000007f3400000| Untracked 
| 309|0x00000007f3500000, 0x00000007f3500000, 0x00000007f3600000|  0%| F|  |TAMS 0x00000007f3500000, 0x00000007f3500000| Untracked 
| 310|0x00000007f3600000, 0x00000007f3600000, 0x00000007f3700000|  0%| F|  |TAMS 0x00000007f3600000, 0x00000007f3600000| Untracked 
| 311|0x00000007f3700000, 0x00000007f3700000, 0x00000007f3800000|  0%| F|  |TAMS 0x00000007f3700000, 0x00000007f3700000| Untracked 
| 312|0x00000007f3800000, 0x00000007f3800000, 0x00000007f3900000|  0%| F|  |TAMS 0x00000007f3800000, 0x00000007f3800000| Untracked 
| 313|0x00000007f3900000, 0x00000007f3900000, 0x00000007f3a00000|  0%| F|  |TAMS 0x00000007f3900000, 0x00000007f3900000| Untracked 
| 314|0x00000007f3a00000, 0x00000007f3a00000, 0x00000007f3b00000|  0%| F|  |TAMS 0x00000007f3a00000, 0x00000007f3a00000| Untracked 
| 315|0x00000007f3b00000, 0x00000007f3b00000, 0x00000007f3c00000|  0%| F|  |TAMS 0x00000007f3b00000, 0x00000007f3b00000| Untracked 
| 316|0x00000007f3c00000, 0x00000007f3c00000, 0x00000007f3d00000|  0%| F|  |TAMS 0x00000007f3c00000, 0x00000007f3c00000| Untracked 
| 317|0x00000007f3d00000, 0x00000007f3d00000, 0x00000007f3e00000|  0%| F|  |TAMS 0x00000007f3d00000, 0x00000007f3d00000| Untracked 
| 318|0x00000007f3e00000, 0x00000007f3e00000, 0x00000007f3f00000|  0%| F|  |TAMS 0x00000007f3e00000, 0x00000007f3e00000| Untracked 
| 319|0x00000007f3f00000, 0x00000007f3f00000, 0x00000007f4000000|  0%| F|  |TAMS 0x00000007f3f00000, 0x00000007f3f00000| Untracked 
| 320|0x00000007f4000000, 0x00000007f4000000, 0x00000007f4100000|  0%| F|  |TAMS 0x00000007f4000000, 0x00000007f4000000| Untracked 
| 321|0x00000007f4100000, 0x00000007f4100000, 0x00000007f4200000|  0%| F|  |TAMS 0x00000007f4100000, 0x00000007f4100000| Untracked 
| 322|0x00000007f4200000, 0x00000007f4200000, 0x00000007f4300000|  0%| F|  |TAMS 0x00000007f4200000, 0x00000007f4200000| Untracked 
| 323|0x00000007f4300000, 0x00000007f4300000, 0x00000007f4400000|  0%| F|  |TAMS 0x00000007f4300000, 0x00000007f4300000| Untracked 
| 324|0x00000007f4400000, 0x00000007f4400000, 0x00000007f4500000|  0%| F|  |TAMS 0x00000007f4400000, 0x00000007f4400000| Untracked 
| 325|0x00000007f4500000, 0x00000007f4500000, 0x00000007f4600000|  0%| F|  |TAMS 0x00000007f4500000, 0x00000007f4500000| Untracked 
| 326|0x00000007f4600000, 0x00000007f4600000, 0x00000007f4700000|  0%| F|  |TAMS 0x00000007f4600000, 0x00000007f4600000| Untracked 
| 327|0x00000007f4700000, 0x00000007f4700000, 0x00000007f4800000|  0%| F|  |TAMS 0x00000007f4700000, 0x00000007f4700000| Untracked 
| 328|0x00000007f4800000, 0x00000007f4800000, 0x00000007f4900000|  0%| F|  |TAMS 0x00000007f4800000, 0x00000007f4800000| Untracked 
| 329|0x00000007f4900000, 0x00000007f4900000, 0x00000007f4a00000|  0%| F|  |TAMS 0x00000007f4900000, 0x00000007f4900000| Untracked 
| 330|0x00000007f4a00000, 0x00000007f4a00000, 0x00000007f4b00000|  0%| F|  |TAMS 0x00000007f4a00000, 0x00000007f4a00000| Untracked 
| 331|0x00000007f4b00000, 0x00000007f4b00000, 0x00000007f4c00000|  0%| F|  |TAMS 0x00000007f4b00000, 0x00000007f4b00000| Untracked 
| 332|0x00000007f4c00000, 0x00000007f4c00000, 0x00000007f4d00000|  0%| F|  |TAMS 0x00000007f4c00000, 0x00000007f4c00000| Untracked 
| 333|0x00000007f4d00000, 0x00000007f4d00000, 0x00000007f4e00000|  0%| F|  |TAMS 0x00000007f4d00000, 0x00000007f4d00000| Untracked 
| 334|0x00000007f4e00000, 0x00000007f4e00000, 0x00000007f4f00000|  0%| F|  |TAMS 0x00000007f4e00000, 0x00000007f4e00000| Untracked 
| 335|0x00000007f4f00000, 0x00000007f4f00000, 0x00000007f5000000|  0%| F|  |TAMS 0x00000007f4f00000, 0x00000007f4f00000| Untracked 
| 336|0x00000007f5000000, 0x00000007f5000000, 0x00000007f5100000|  0%| F|  |TAMS 0x00000007f5000000, 0x00000007f5000000| Untracked 
| 337|0x00000007f5100000, 0x00000007f5100000, 0x00000007f5200000|  0%| F|  |TAMS 0x00000007f5100000, 0x00000007f5100000| Untracked 
| 338|0x00000007f5200000, 0x00000007f5200000, 0x00000007f5300000|  0%| F|  |TAMS 0x00000007f5200000, 0x00000007f5200000| Untracked 
| 339|0x00000007f5300000, 0x00000007f5300000, 0x00000007f5400000|  0%| F|  |TAMS 0x00000007f5300000, 0x00000007f5300000| Untracked 
| 340|0x00000007f5400000, 0x00000007f5400000, 0x00000007f5500000|  0%| F|  |TAMS 0x00000007f5400000, 0x00000007f5400000| Untracked 
| 341|0x00000007f5500000, 0x00000007f5500000, 0x00000007f5600000|  0%| F|  |TAMS 0x00000007f5500000, 0x00000007f5500000| Untracked 
| 342|0x00000007f5600000, 0x00000007f5600000, 0x00000007f5700000|  0%| F|  |TAMS 0x00000007f5600000, 0x00000007f5600000| Untracked 
| 343|0x00000007f5700000, 0x00000007f5700000, 0x00000007f5800000|  0%| F|  |TAMS 0x00000007f5700000, 0x00000007f5700000| Untracked 
| 344|0x00000007f5800000, 0x00000007f5800000, 0x00000007f5900000|  0%| F|  |TAMS 0x00000007f5800000, 0x00000007f5800000| Untracked 
| 345|0x00000007f5900000, 0x00000007f5900000, 0x00000007f5a00000|  0%| F|  |TAMS 0x00000007f5900000, 0x00000007f5900000| Untracked 
| 346|0x00000007f5a00000, 0x00000007f5a00000, 0x00000007f5b00000|  0%| F|  |TAMS 0x00000007f5a00000, 0x00000007f5a00000| Untracked 
| 347|0x00000007f5b00000, 0x00000007f5b00000, 0x00000007f5c00000|  0%| F|  |TAMS 0x00000007f5b00000, 0x00000007f5b00000| Untracked 
| 348|0x00000007f5c00000, 0x00000007f5c00000, 0x00000007f5d00000|  0%| F|  |TAMS 0x00000007f5c00000, 0x00000007f5c00000| Untracked 
| 349|0x00000007f5d00000, 0x00000007f5d00000, 0x00000007f5e00000|  0%| F|  |TAMS 0x00000007f5d00000, 0x00000007f5d00000| Untracked 
| 350|0x00000007f5e00000, 0x00000007f5e00000, 0x00000007f5f00000|  0%| F|  |TAMS 0x00000007f5e00000, 0x00000007f5e00000| Untracked 
| 351|0x00000007f5f00000, 0x00000007f5f00000, 0x00000007f6000000|  0%| F|  |TAMS 0x00000007f5f00000, 0x00000007f5f00000| Untracked 
| 352|0x00000007f6000000, 0x00000007f6000000, 0x00000007f6100000|  0%| F|  |TAMS 0x00000007f6000000, 0x00000007f6000000| Untracked 
| 353|0x00000007f6100000, 0x00000007f6100000, 0x00000007f6200000|  0%| F|  |TAMS 0x00000007f6100000, 0x00000007f6100000| Untracked 
| 354|0x00000007f6200000, 0x00000007f6200000, 0x00000007f6300000|  0%| F|  |TAMS 0x00000007f6200000, 0x00000007f6200000| Untracked 
| 355|0x00000007f6300000, 0x00000007f6300000, 0x00000007f6400000|  0%| F|  |TAMS 0x00000007f6300000, 0x00000007f6300000| Untracked 
| 356|0x00000007f6400000, 0x00000007f6400000, 0x00000007f6500000|  0%| F|  |TAMS 0x00000007f6400000, 0x00000007f6400000| Untracked 
| 357|0x00000007f6500000, 0x00000007f6500000, 0x00000007f6600000|  0%| F|  |TAMS 0x00000007f6500000, 0x00000007f6500000| Untracked 
| 358|0x00000007f6600000, 0x00000007f6600000, 0x00000007f6700000|  0%| F|  |TAMS 0x00000007f6600000, 0x00000007f6600000| Untracked 
| 359|0x00000007f6700000, 0x00000007f6700000, 0x00000007f6800000|  0%| F|  |TAMS 0x00000007f6700000, 0x00000007f6700000| Untracked 
| 360|0x00000007f6800000, 0x00000007f6800000, 0x00000007f6900000|  0%| F|  |TAMS 0x00000007f6800000, 0x00000007f6800000| Untracked 
| 361|0x00000007f6900000, 0x00000007f6900000, 0x00000007f6a00000|  0%| F|  |TAMS 0x00000007f6900000, 0x00000007f6900000| Untracked 
| 362|0x00000007f6a00000, 0x00000007f6a00000, 0x00000007f6b00000|  0%| F|  |TAMS 0x00000007f6a00000, 0x00000007f6a00000| Untracked 
| 363|0x00000007f6b00000, 0x00000007f6b00000, 0x00000007f6c00000|  0%| F|  |TAMS 0x00000007f6b00000, 0x00000007f6b00000| Untracked 
| 364|0x00000007f6c00000, 0x00000007f6c00000, 0x00000007f6d00000|  0%| F|  |TAMS 0x00000007f6c00000, 0x00000007f6c00000| Untracked 
| 365|0x00000007f6d00000, 0x00000007f6d00000, 0x00000007f6e00000|  0%| F|  |TAMS 0x00000007f6d00000, 0x00000007f6d00000| Untracked 
| 366|0x00000007f6e00000, 0x00000007f6e00000, 0x00000007f6f00000|  0%| F|  |TAMS 0x00000007f6e00000, 0x00000007f6e00000| Untracked 
| 367|0x00000007f6f00000, 0x00000007f6f00000, 0x00000007f7000000|  0%| F|  |TAMS 0x00000007f6f00000, 0x00000007f6f00000| Untracked 
| 368|0x00000007f7000000, 0x00000007f7000000, 0x00000007f7100000|  0%| F|  |TAMS 0x00000007f7000000, 0x00000007f7000000| Untracked 
| 369|0x00000007f7100000, 0x00000007f7100000, 0x00000007f7200000|  0%| F