This is pdfTeX, Version 3.141592653-2.6-1.40.25 (TeX Live 2023) (preloaded format=pdflatex 2023.6.9)  12 JUL 2025 17:54
entering extended mode
 restricted \write18 enabled.
 file:line:error style messages enabled.
 %&-line parsing enabled.
**endo_herbarium_R2.tex
(./endo_herbarium_R2.tex
LaTeX2e <2022-11-01> patch level 1
L3 programming layer <2023-02-22>
(/usr/local/texlive/2023/texmf-dist/tex/latex/base/article.cls
Document Class: article 2022/07/02 v1.4n Standard LaTeX document class
(/usr/local/texlive/2023/texmf-dist/tex/latex/base/size11.clo
File: size11.clo 2022/07/02 v1.4n Standard LaTeX file (size option)
)
\c@part=\count185
\c@section=\count186
\c@subsection=\count187
\c@subsubsection=\count188
\c@paragraph=\count189
\c@subparagraph=\count190
\c@figure=\count191
\c@table=\count192
\abovecaptionskip=\skip48
\belowcaptionskip=\skip49
\bibindent=\dimen140
)
(/usr/local/texlive/2023/texmf-dist/tex/latex/preprint/fullpage.sty
Package: fullpage 1999/02/23 1.1 (PWD)
\FP@margin=\skip50
)
(/usr/local/texlive/2023/texmf-dist/tex/latex/natbib/natbib.sty
Package: natbib 2010/09/13 8.31b (PWD, AO)
\bibhang=\skip51
\bibsep=\skip52
LaTeX Info: Redefining \cite on input line 694.
\c@NAT@ctr=\count193
)
(/usr/local/texlive/2023/texmf-dist/tex/latex/base/inputenc.sty
Package: inputenc 2021/02/14 v1.3d Input encoding file
\inpenc@prehook=\toks16
\inpenc@posthook=\toks17
)
(/usr/local/texlive/2023/texmf-dist/tex/latex/lineno/lineno.sty
Package: lineno 2023/01/19 line numbers on paragraphs v5.1
\linenopenalty=\count194
\output=\toks18
\linenoprevgraf=\count195
\linenumbersep=\dimen141
\linenumberwidth=\dimen142
\c@linenumber=\count196
\c@pagewiselinenumber=\count197
\c@LN@truepage=\count198
\c@internallinenumber=\count199
\c@internallinenumbers=\count266
\quotelinenumbersep=\dimen143
\bframerule=\dimen144
\bframesep=\dimen145
\bframebox=\box51

(/usr/local/texlive/2023/texmf-dist/tex/latex/etoolbox/etoolbox.sty
Package: etoolbox 2020/10/05 v2.5k e-TeX tools for LaTeX (JAW)
\etb@tempcnta=\count267
)
LaTeX Info: Redefining \\ on input line 3131.
)
(/usr/local/texlive/2023/texmf-dist/tex/latex/titlesec/titlesec.sty
Package: titlesec 2021/07/05 v2.14 Sectioning titles
\ttl@box=\box52
\beforetitleunit=\skip53
\aftertitleunit=\skip54
\ttl@plus=\dimen146
\ttl@minus=\dimen147
\ttl@toksa=\toks19
\titlewidth=\dimen148
\titlewidthlast=\dimen149
\titlewidthfirst=\dimen150
)
(/usr/local/texlive/2023/texmf-dist/tex/latex/caption/caption.sty
Package: caption 2023/03/12 v3.6j Customizing captions (AR)

(/usr/local/texlive/2023/texmf-dist/tex/latex/caption/caption3.sty
Package: caption3 2023/03/12 v2.4 caption3 kernel (AR)

(/usr/local/texlive/2023/texmf-dist/tex/latex/graphics/keyval.sty
Package: keyval 2022/05/29 v1.15 key=value parser (DPC)
\KV@toks@=\toks20
)
\caption@tempdima=\dimen151
\captionmargin=\dimen152
\caption@leftmargin=\dimen153
\caption@rightmargin=\dimen154
\caption@width=\dimen155
\caption@indent=\dimen156
\caption@parindent=\dimen157
\caption@hangindent=\dimen158
Package caption Info: Standard document class detected.
)
\c@caption@flags=\count268
\c@continuedfloat=\count269
)
(/usr/local/texlive/2023/texmf-dist/tex/latex/graphics/graphicx.sty
Package: graphicx 2021/09/16 v1.2d Enhanced LaTeX Graphics (DPC,SPQR)

(/usr/local/texlive/2023/texmf-dist/tex/latex/graphics/graphics.sty
Package: graphics 2022/03/10 v1.4e Standard LaTeX Graphics (DPC,SPQR)

(/usr/local/texlive/2023/texmf-dist/tex/latex/graphics/trig.sty
Package: trig 2021/08/11 v1.11 sin cos tan (DPC)
)
(/usr/local/texlive/2023/texmf-dist/tex/latex/graphics-cfg/graphics.cfg
File: graphics.cfg 2016/06/04 v1.11 sample graphics configuration
)
Package graphics Info: Driver file: pdftex.def on input line 107.

(/usr/local/texlive/2023/texmf-dist/tex/latex/graphics-def/pdftex.def
File: pdftex.def 2022/09/22 v1.2b Graphics/color driver for pdftex
))
\Gin@req@height=\dimen159
\Gin@req@width=\dimen160
)
(/usr/local/texlive/2023/texmf-dist/tex/latex/float/float.sty
Package: float 2001/11/08 v1.3d Float enhancements (AL)
\c@float@type=\count270
\float@exts=\toks21
\float@box=\box53
\@float@everytoks=\toks22
\@floatcapt=\box54
)
(/usr/local/texlive/2023/texmf-dist/tex/latex/amsmath/amsmath.sty
Package: amsmath 2022/04/08 v2.17n AMS math features
\@mathmargin=\skip55

For additional information on amsmath, use the `?' option.
(/usr/local/texlive/2023/texmf-dist/tex/latex/amsmath/amstext.sty
Package: amstext 2021/08/26 v2.01 AMS text

(/usr/local/texlive/2023/texmf-dist/tex/latex/amsmath/amsgen.sty
File: amsgen.sty 1999/11/30 v2.0 generic functions
\@emptytoks=\toks23
\ex@=\dimen161
))
(/usr/local/texlive/2023/texmf-dist/tex/latex/amsmath/amsbsy.sty
Package: amsbsy 1999/11/29 v1.2d Bold Symbols
\pmbraise@=\dimen162
)
(/usr/local/texlive/2023/texmf-dist/tex/latex/amsmath/amsopn.sty
Package: amsopn 2022/04/08 v2.04 operator names
)
\inf@bad=\count271
LaTeX Info: Redefining \frac on input line 234.
\uproot@=\count272
\leftroot@=\count273
LaTeX Info: Redefining \overline on input line 399.
LaTeX Info: Redefining \colon on input line 410.
\classnum@=\count274
\DOTSCASE@=\count275
LaTeX Info: Redefining \ldots on input line 496.
LaTeX Info: Redefining \dots on input line 499.
LaTeX Info: Redefining \cdots on input line 620.
\Mathstrutbox@=\box55
\strutbox@=\box56
LaTeX Info: Redefining \big on input line 722.
LaTeX Info: Redefining \Big on input line 723.
LaTeX Info: Redefining \bigg on input line 724.
LaTeX Info: Redefining \Bigg on input line 725.
\big@size=\dimen163
LaTeX Font Info:    Redeclaring font encoding OML on input line 743.
LaTeX Font Info:    Redeclaring font encoding OMS on input line 744.
\macc@depth=\count276
LaTeX Info: Redefining \bmod on input line 905.
LaTeX Info: Redefining \pmod on input line 910.
LaTeX Info: Redefining \smash on input line 940.
LaTeX Info: Redefining \relbar on input line 970.
LaTeX Info: Redefining \Relbar on input line 971.
\c@MaxMatrixCols=\count277
\dotsspace@=\muskip16
\c@parentequation=\count278
\dspbrk@lvl=\count279
\tag@help=\toks24
\row@=\count280
\column@=\count281
\maxfields@=\count282
\andhelp@=\toks25
\eqnshift@=\dimen164
\alignsep@=\dimen165
\tagshift@=\dimen166
\tagwidth@=\dimen167
\totwidth@=\dimen168
\lineht@=\dimen169
\@envbody=\toks26
\multlinegap=\skip56
\multlinetaggap=\skip57
\mathdisplay@stack=\toks27
LaTeX Info: Redefining \[ on input line 2953.
LaTeX Info: Redefining \] on input line 2954.
)
\linenoamsmath@ams@eqpen=\count283

(/usr/local/texlive/2023/texmf-dist/tex/latex/base/fontenc.sty
Package: fontenc 2021/04/29 v2.0v Standard LaTeX package
)
(/usr/local/texlive/2023/texmf-dist/tex/latex/xcolor/xcolor.sty
Package: xcolor 2022/06/12 v2.14 LaTeX color extensions (UK)

(/usr/local/texlive/2023/texmf-dist/tex/latex/graphics-cfg/color.cfg
File: color.cfg 2016/01/02 v1.6 sample color configuration
)
Package xcolor Info: Package option `usenames' ignored on input line 218.
Package xcolor Info: Driver file: pdftex.def on input line 227.

(/usr/local/texlive/2023/texmf-dist/tex/latex/graphics/mathcolor.ltx)
Package xcolor Info: Model `cmy' substituted by `cmy0' on input line 1353.
Package xcolor Info: Model `hsb' substituted by `rgb' on input line 1357.
Package xcolor Info: Model `RGB' extended on input line 1369.
Package xcolor Info: Model `HTML' substituted by `rgb' on input line 1371.
Package xcolor Info: Model `Hsb' substituted by `hsb' on input line 1372.
Package xcolor Info: Model `tHsb' substituted by `hsb' on input line 1373.
Package xcolor Info: Model `HSB' substituted by `hsb' on input line 1374.
Package xcolor Info: Model `Gray' substituted by `gray' on input line 1375.
Package xcolor Info: Model `wave' substituted by `hsb' on input line 1376.

(/usr/local/texlive/2023/texmf-dist/tex/latex/graphics/dvipsnam.def
File: dvipsnam.def 2016/06/17 v3.0m Driver-dependent file (DPC,SPQR)
))
(/usr/local/texlive/2023/texmf-dist/tex/latex/hyperref/hyperref.sty
Package: hyperref 2023-02-07 v7.00v Hypertext links for LaTeX

(/usr/local/texlive/2023/texmf-dist/tex/generic/ltxcmds/ltxcmds.sty
Package: ltxcmds 2020-05-10 v1.25 LaTeX kernel commands for general use (HO)
)
(/usr/local/texlive/2023/texmf-dist/tex/generic/iftex/iftex.sty
Package: iftex 2022/02/03 v1.0f TeX engine tests
)
(/usr/local/texlive/2023/texmf-dist/tex/generic/pdftexcmds/pdftexcmds.sty
Package: pdftexcmds 2020-06-27 v0.33 Utility functions of pdfTeX for LuaTeX (HO
)

(/usr/local/texlive/2023/texmf-dist/tex/generic/infwarerr/infwarerr.sty
Package: infwarerr 2019/12/03 v1.5 Providing info/warning/error messages (HO)
)
Package pdftexcmds Info: \pdf@primitive is available.
Package pdftexcmds Info: \pdf@ifprimitive is available.
Package pdftexcmds Info: \pdfdraftmode found.
)
(/usr/local/texlive/2023/texmf-dist/tex/latex/kvsetkeys/kvsetkeys.sty
Package: kvsetkeys 2022-10-05 v1.19 Key value parser (HO)
)
(/usr/local/texlive/2023/texmf-dist/tex/generic/kvdefinekeys/kvdefinekeys.sty
Package: kvdefinekeys 2019-12-19 v1.6 Define keys (HO)
)
(/usr/local/texlive/2023/texmf-dist/tex/generic/pdfescape/pdfescape.sty
Package: pdfescape 2019/12/09 v1.15 Implements pdfTeX's escape features (HO)
)
(/usr/local/texlive/2023/texmf-dist/tex/latex/hycolor/hycolor.sty
Package: hycolor 2020-01-27 v1.10 Color options for hyperref/bookmark (HO)
)
(/usr/local/texlive/2023/texmf-dist/tex/latex/letltxmacro/letltxmacro.sty
Package: letltxmacro 2019/12/03 v1.6 Let assignment for LaTeX macros (HO)
)
(/usr/local/texlive/2023/texmf-dist/tex/latex/auxhook/auxhook.sty
Package: auxhook 2019-12-17 v1.6 Hooks for auxiliary files (HO)
)
(/usr/local/texlive/2023/texmf-dist/tex/latex/hyperref/nameref.sty
Package: nameref 2022-05-17 v2.50 Cross-referencing by name of section

(/usr/local/texlive/2023/texmf-dist/tex/latex/refcount/refcount.sty
Package: refcount 2019/12/15 v3.6 Data extraction from label references (HO)
)
(/usr/local/texlive/2023/texmf-dist/tex/generic/gettitlestring/gettitlestring.s
ty
Package: gettitlestring 2019/12/15 v1.6 Cleanup title references (HO)
 (/usr/local/texlive/2023/texmf-dist/tex/latex/kvoptions/kvoptions.sty
Package: kvoptions 2022-06-15 v3.15 Key value format for package options (HO)
))
\c@section@level=\count284
)
\@linkdim=\dimen170
\Hy@linkcounter=\count285
\Hy@pagecounter=\count286

(/usr/local/texlive/2023/texmf-dist/tex/latex/hyperref/pd1enc.def
File: pd1enc.def 2023-02-07 v7.00v Hyperref: PDFDocEncoding definition (HO)
Now handling font encoding PD1 ...
... no UTF-8 mapping file for font encoding PD1
)
(/usr/local/texlive/2023/texmf-dist/tex/generic/intcalc/intcalc.sty
Package: intcalc 2019/12/15 v1.3 Expandable calculations with integers (HO)
)
(/usr/local/texlive/2023/texmf-dist/tex/generic/etexcmds/etexcmds.sty
Package: etexcmds 2019/12/15 v1.7 Avoid name clashes with e-TeX commands (HO)
)
\Hy@SavedSpaceFactor=\count287

(/usr/local/texlive/2023/texmf-dist/tex/latex/hyperref/puenc.def
File: puenc.def 2023-02-07 v7.00v Hyperref: PDF Unicode definition (HO)
Now handling font encoding PU ...
... no UTF-8 mapping file for font encoding PU
)
Package hyperref Info: Hyper figures OFF on input line 4177.
Package hyperref Info: Link nesting OFF on input line 4182.
Package hyperref Info: Hyper index ON on input line 4185.
Package hyperref Info: Plain pages OFF on input line 4192.
Package hyperref Info: Backreferencing OFF on input line 4197.
Package hyperref Info: Implicit mode ON; LaTeX internals redefined.
Package hyperref Info: Bookmarks ON on input line 4425.
\c@Hy@tempcnt=\count288

(/usr/local/texlive/2023/texmf-dist/tex/latex/url/url.sty
\Urlmuskip=\muskip17
Package: url 2013/09/16  ver 3.4  Verb mode for urls, etc.
)
LaTeX Info: Redefining \url on input line 4763.
\XeTeXLinkMargin=\dimen171

(/usr/local/texlive/2023/texmf-dist/tex/generic/bitset/bitset.sty
Package: bitset 2019/12/09 v1.3 Handle bit-vector datatype (HO)

(/usr/local/texlive/2023/texmf-dist/tex/generic/bigintcalc/bigintcalc.sty
Package: bigintcalc 2019/12/15 v1.5 Expandable calculations on big integers (HO
)
))
\Fld@menulength=\count289
\Field@Width=\dimen172
\Fld@charsize=\dimen173
Package hyperref Info: Hyper figures OFF on input line 6042.
Package hyperref Info: Link nesting OFF on input line 6047.
Package hyperref Info: Hyper index ON on input line 6050.
Package hyperref Info: backreferencing OFF on input line 6057.
Package hyperref Info: Link coloring OFF on input line 6062.
Package hyperref Info: Link coloring with OCG OFF on input line 6067.
Package hyperref Info: PDF/A mode OFF on input line 6072.

(/usr/local/texlive/2023/texmf-dist/tex/latex/base/atbegshi-ltx.sty
Package: atbegshi-ltx 2021/01/10 v1.0c Emulation of the original atbegshi
package with kernel methods
)
\Hy@abspage=\count290
\c@Item=\count291
\c@Hfootnote=\count292
)
Package hyperref Info: Driver (autodetected): hpdftex.

(/usr/local/texlive/2023/texmf-dist/tex/latex/hyperref/hpdftex.def
File: hpdftex.def 2023-02-07 v7.00v Hyperref driver for pdfTeX

(/usr/local/texlive/2023/texmf-dist/tex/latex/base/atveryend-ltx.sty
Package: atveryend-ltx 2020/08/19 v1.0a Emulation of the original atveryend pac
kage
with kernel methods
)
\Fld@listcount=\count293
\c@bookmark@seq@number=\count294

(/usr/local/texlive/2023/texmf-dist/tex/latex/rerunfilecheck/rerunfilecheck.sty
Package: rerunfilecheck 2022-07-10 v1.10 Rerun checks for auxiliary files (HO)

(/usr/local/texlive/2023/texmf-dist/tex/generic/uniquecounter/uniquecounter.sty
Package: uniquecounter 2019/12/15 v1.4 Provide unlimited unique counter (HO)
)
Package uniquecounter Info: New unique counter `rerunfilecheck' on input line 2
85.
)
\Hy@SectionHShift=\skip58
)
(/usr/local/texlive/2023/texmf-dist/tex/latex/l3backend/l3backend-pdftex.def
File: l3backend-pdftex.def 2023-01-16 L3 backend support: PDF output (pdfTeX)
\l__color_backend_stack_int=\count295
\l__pdf_internal_box=\box57
)
(./endo_herbarium_R2.aux

LaTeX Warning: Label `R3C3-end' multiply defined.

)
\openout1 = `endo_herbarium_R2.aux'.

LaTeX Font Info:    Checking defaults for OML/cmm/m/it on input line 74.
LaTeX Font Info:    ... okay on input line 74.
LaTeX Font Info:    Checking defaults for OMS/cmsy/m/n on input line 74.
LaTeX Font Info:    ... okay on input line 74.
LaTeX Font Info:    Checking defaults for OT1/cmr/m/n on input line 74.
LaTeX Font Info:    ... okay on input line 74.
LaTeX Font Info:    Checking defaults for T1/cmr/m/n on input line 74.
LaTeX Font Info:    ... okay on input line 74.
LaTeX Font Info:    Checking defaults for TS1/cmr/m/n on input line 74.
LaTeX Font Info:    ... okay on input line 74.
LaTeX Font Info:    Checking defaults for OMX/cmex/m/n on input line 74.
LaTeX Font Info:    ... okay on input line 74.
LaTeX Font Info:    Checking defaults for U/cmr/m/n on input line 74.
LaTeX Font Info:    ... okay on input line 74.
LaTeX Font Info:    Checking defaults for PD1/pdf/m/n on input line 74.
LaTeX Font Info:    ... okay on input line 74.
LaTeX Font Info:    Checking defaults for PU/pdf/m/n on input line 74.
LaTeX Font Info:    ... okay on input line 74.
Package caption Info: Begin \AtBeginDocument code.
Package caption Info: float package is loaded.
Package caption Info: hyperref package is loaded.
Package caption Info: End \AtBeginDocument code.
 (/usr/local/texlive/2023/texmf-dist/tex/context/base/mkii/supp-pdf.mkii
[Loading MPS to PDF converter (version 2006.09.02).]
\scratchcounter=\count296
\scratchdimen=\dimen174
\scratchbox=\box58
\nofMPsegments=\count297
\nofMParguments=\count298
\everyMPshowfont=\toks28
\MPscratchCnt=\count299
\MPscratchDim=\dimen175
\MPnumerator=\count300
\makeMPintoPDFobject=\count301
\everyMPtoPDFconversion=\toks29
) (/usr/local/texlive/2023/texmf-dist/tex/latex/epstopdf-pkg/epstopdf-base.sty
Package: epstopdf-base 2020-01-24 v2.11 Base part for package epstopdf
Package epstopdf-base Info: Redefining graphics rule for `.eps' on input line 4
85.

(/usr/local/texlive/2023/texmf-dist/tex/latex/latexconfig/epstopdf-sys.cfg
File: epstopdf-sys.cfg 2010/07/13 v1.3 Configuration of (r)epstopdf for TeX Liv
e
))
Package hyperref Info: Link coloring OFF on input line 74.

(./endo_herbarium_R2.out) (./endo_herbarium_R2.out)
\@outlinefile=\write3
\openout3 = `endo_herbarium_R2.out'.

LaTeX Font Info:    Trying to load font information for T1+cmss on input line 7
7.

(/usr/local/texlive/2023/texmf-dist/tex/latex/base/t1cmss.fd
File: t1cmss.fd 2022/07/10 v2.5l Standard LaTeX font definitions
) [1

{/usr/local/texlive/2023/texmf-var/fonts/map/pdftex/updmap/pdftex.map}{/usr/loc
al/texlive/2023/texmf-dist/fonts/enc/dvips/cm-super/cm-super-t1.enc}] [2] [3] [
4] [5] [6]
[7] [8]
<../Plots/collections_map.png, id=259, 505.89pt x 289.08pt>
File: ../Plots/collections_map.png Graphic file (type png)
<use ../Plots/collections_map.png>
Package pdftex.def Info: ../Plots/collections_map.png  used on input line 244.
(pdftex.def)             Requested size: 469.75502pt x 268.43579pt.


LaTeX Warning: `h' float specifier changed to `ht'.

[9] [10 <../Plots/collections_map.png>] [11] [12] [13] [14] [15]
<../Plots/year_plot.png, id=421, 505.89pt x 361.35pt>
File: ../Plots/year_plot.png Graphic file (type png)
<use ../Plots/year_plot.png>
Package pdftex.def Info: ../Plots/year_plot.png  used on input line 360.
(pdftex.def)             Requested size: 469.75502pt x 335.54477pt.
 [16] [17 <../Plots/year_plot.png>]
<../Plots/svc_time_map.png, id=442, 1084.05pt x 361.35pt>
File: ../Plots/svc_time_map.png Graphic file (type png)
<use ../Plots/svc_time_map.png>
Package pdftex.def Info: ../Plots/svc_time_map.png  used on input line 385.
(pdftex.def)             Requested size: 469.75502pt x 156.58498pt.
 [18]
<../Plots/svc_space_map_year.png, id=452, 867.24pt x 578.16pt>
File: ../Plots/svc_space_map_year.png Graphic file (type png)
<use ../Plots/svc_space_map_year.png>
Package pdftex.def Info: ../Plots/svc_space_map_year.png  used on input line 39
4.
(pdftex.def)             Requested size: 469.75502pt x 313.17216pt.
 [19 <../Plots/svc_time_map.png>] [20 <../Plots/svc_space_map_year.png>] [21]
<../Plots/climate_trends_plot_intercept.png, id=478, 1011.78pt x 722.7pt>
File: ../Plots/climate_trends_plot_intercept.png Graphic file (type png)
<use ../Plots/climate_trends_plot_intercept.png>
Package pdftex.def Info: ../Plots/climate_trends_plot_intercept.png  used on in
put line 443.
(pdftex.def)             Requested size: 469.75502pt x 335.54475pt.
 [22] [23 <../Plots/climate_trends_plot_intercept.png>]
<../Plots/contemp_test_plot.png, id=492, 867.24pt x 361.35pt>
File: ../Plots/contemp_test_plot.png Graphic file (type png)
<use ../Plots/contemp_test_plot.png>
Package pdftex.def Info: ../Plots/contemp_test_plot.png  used on input line 459
.
(pdftex.def)             Requested size: 469.75502pt x 195.7326pt.

[24] [25 <../Plots/contemp_test_plot.png>] [26] [27] [28] [29] [30] [31]
[32] [33]
Underfull \hbox (badness 10000) in paragraph at lines 617--620
\T1/cmr/m/n/10.95 Data from this pub-li-ca-tion can be found through a pub-licl
y avail-able repos-i-tory
 []

[34] (./endo_herbarium_R2.bbl [35] [36] [37] [38] [39]
LaTeX Font Info:    Trying to load font information for T1+cmtt on input line 3
56.

(/usr/local/texlive/2023/texmf-dist/tex/latex/base/t1cmtt.fd
File: t1cmtt.fd 2022/07/10 v2.5l Standard LaTeX font definitions
) [40] [41]
[42] [43] [44] [45] [46] [47] [48]) [49]
Underfull \hbox (badness 10000) in paragraph at lines 668--668

 []

[50]
<../Plots/endo_status_map.png, id=815, 722.7pt x 361.35pt>
File: ../Plots/endo_status_map.png Graphic file (type png)
<use ../Plots/endo_status_map.png>
Package pdftex.def Info: ../Plots/endo_status_map.png  used on input line 675.
(pdftex.def)             Requested size: 469.75502pt x 234.88023pt.
<../Plots/mesh_plot.png, id=816, 433.62pt x 433.62pt>
File: ../Plots/mesh_plot.png Graphic file (type png)
<use ../Plots/mesh_plot.png>
Package pdftex.def Info: ../Plots/mesh_plot.png  used on input line 682.
(pdftex.def)             Requested size: 469.75502pt x 469.7781pt.
 [51 <../Plots/endo_status_map.png>]
<../Plots/overlay_plot.png, id=821, 289.08pt x 289.08pt>
File: ../Plots/overlay_plot.png Graphic file (type png)
<use ../Plots/overlay_plot.png>
Package pdftex.def Info: ../Plots/overlay_plot.png  used on input line 689.
(pdftex.def)             Requested size: 234.8775pt x 234.8769pt.
 [52 <../Plots/mesh_plot.png>]
<../Plots/ROC_training_plot.png, id=827, 289.08pt x 289.08pt>
File: ../Plots/ROC_training_plot.png Graphic file (type png)
<use ../Plots/ROC_training_plot.png>
Package pdftex.def Info: ../Plots/ROC_training_plot.png  used on input line 697
.
(pdftex.def)             Requested size: 234.8775pt x 234.8769pt.
 [53 <../Plots/overlay_plot.png>]
<../Plots/ROC_test_plot.png, id=833, 289.08pt x 289.08pt>
File: ../Plots/ROC_test_plot.png Graphic file (type png)
<use ../Plots/ROC_test_plot.png>
Package pdftex.def Info: ../Plots/ROC_test_plot.png  used on input line 705.
(pdftex.def)             Requested size: 234.8775pt x 234.8769pt.
 [54 <../Plots/ROC_training_plot.png>]
<../Plots/posterior_plot.png, id=838, 433.62pt x 361.35pt>
File: ../Plots/posterior_plot.png Graphic file (type png)
<use ../Plots/posterior_plot.png>
Package pdftex.def Info: ../Plots/posterior_plot.png  used on input line 713.
(pdftex.def)             Requested size: 469.75502pt x 391.48175pt.
 [55 <../Plots/ROC_test_plot.png>]
<../Plots/svc_time_map_CI.png, id=846, 1084.05pt x 361.35pt>
File: ../Plots/svc_time_map_CI.png Graphic file (type png)
<use ../Plots/svc_time_map_CI.png>
Package pdftex.def Info: ../Plots/svc_time_map_CI.png  used on input line 721.
(pdftex.def)             Requested size: 469.75502pt x 156.58498pt.
 [56 <../Plots/posterior_plot.png>]
<../Plots/conservative_comparison_plot.png, id=853, 722.7pt x 505.89pt>
File: ../Plots/conservative_comparison_plot.png Graphic file (type png)
<use ../Plots/conservative_comparison_plot.png>
Package pdftex.def Info: ../Plots/conservative_comparison_plot.png  used on inp
ut line 729.
(pdftex.def)             Requested size: 469.75502pt x 328.8323pt.
 [57 <../Plots/svc_time_map_CI.png>]
<../Plots/collector_posterior.png, id=864, 361.35pt x 722.7pt>
File: ../Plots/collector_posterior.png Graphic file (type png)
<use ../Plots/collector_posterior.png>
Package pdftex.def Info: ../Plots/collector_posterior.png  used on input line 7
37.
(pdftex.def)             Requested size: 281.85587pt x 563.71475pt.
 [58 <../Plots/conservative_comparison_plot.png>]
Overfull \vbox (45.76459pt too high) has occurred while \output is active []


[59 <../Plots/collector_posterior.png>]
<../Plots/scorer_posterior.png, id=876, 361.35pt x 722.7pt>
File: ../Plots/scorer_posterior.png Graphic file (type png)
<use ../Plots/scorer_posterior.png>
Package pdftex.def Info: ../Plots/scorer_posterior.png  used on input line 745.

(pdftex.def)             Requested size: 281.85587pt x 563.71475pt.

Overfull \vbox (45.76459pt too high) has occurred while \output is active []


[60 <../Plots/scorer_posterior.png>]
<../Plots/initialprev_trend_plot.png, id=884, 578.16pt x 289.08pt>
File: ../Plots/initialprev_trend_plot.png Graphic file (type png)
<use ../Plots/initialprev_trend_plot.png>
Package pdftex.def Info: ../Plots/initialprev_trend_plot.png  used on input lin
e 753.
(pdftex.def)             Requested size: 469.75502pt x 234.8769pt.
<../Plots/contemp_surveys_map.png, id=885, 505.89pt x 289.08pt>
File: ../Plots/contemp_surveys_map.png Graphic file (type png)
<use ../Plots/contemp_surveys_map.png>
Package pdftex.def Info: ../Plots/contemp_surveys_map.png  used on input line 7
62.
(pdftex.def)             Requested size: 469.75502pt x 268.43579pt.
 [61 <../Plots/initialprev_trend_plot.png>]
<../Plots/AGHY_climate_change_plot.png, id=891, 578.16pt x 722.7pt>
File: ../Plots/AGHY_climate_change_plot.png Graphic file (type png)
<use ../Plots/AGHY_climate_change_plot.png>
Package pdftex.def Info: ../Plots/AGHY_climate_change_plot.png  used on input l
ine 771.
(pdftex.def)             Requested size: 375.80544pt x 469.74944pt.
[62 <../Plots/contemp_surveys_map.png>]
<../Plots/AGPE_climate_change_plot.png, id=896, 578.16pt x 722.7pt>
File: ../Plots/AGPE_climate_change_plot.png Graphic file (type png)
<use ../Plots/AGPE_climate_change_plot.png>
Package pdftex.def Info: ../Plots/AGPE_climate_change_plot.png  used on input l
ine 778.
(pdftex.def)             Requested size: 375.80544pt x 469.74944pt.
 [63 <../Plots/AGHY_climate_change_plot.png>]
<../Plots/ELVI_climate_change_plot.png, id=901, 578.16pt x 722.7pt>
File: ../Plots/ELVI_climate_change_plot.png Graphic file (type png)
<use ../Plots/ELVI_climate_change_plot.png>
Package pdftex.def Info: ../Plots/ELVI_climate_change_plot.png  used on input l
ine 785.
(pdftex.def)             Requested size: 375.80544pt x 469.74944pt.
 [64 <../Plots/AGPE_climate_change_plot.png>] [65 <../Plots/ELVI_climate_change
_plot.png>] [66] [67]
<../Plots/prior_comparison_year_plot.png, id=928, 1445.4pt x 1445.4pt>
File: ../Plots/prior_comparison_year_plot.png Graphic file (type png)
<use ../Plots/prior_comparison_year_plot.png>
Package pdftex.def Info: ../Plots/prior_comparison_year_plot.png  used on input
 line 854.
(pdftex.def)             Requested size: 469.75502pt x 469.74944pt.
 [68] [69 <../Plots/prior_comparison_year_plot.png>]
<../Plots/standard_mesh_comparison_svc_plot.png, id=944, 1084.05pt x 1084.05pt>

File: ../Plots/standard_mesh_comparison_svc_plot.png Graphic file (type png)
<use ../Plots/standard_mesh_comparison_svc_plot.png>
Package pdftex.def Info: ../Plots/standard_mesh_comparison_svc_plot.png  used o
n input line 865.
(pdftex.def)             Requested size: 375.80544pt x 375.80066pt.

[70]
<../Plots/finer_mesh_comparison_svc_plot.png, id=952, 1084.05pt x 1084.05pt>
File: ../Plots/finer_mesh_comparison_svc_plot.png Graphic file (type png)
<use ../Plots/finer_mesh_comparison_svc_plot.png>
Package pdftex.def Info: ../Plots/finer_mesh_comparison_svc_plot.png  used on i
nput line 873.
(pdftex.def)             Requested size: 375.80544pt x 375.80066pt.
 [71 <../Plots/standard_mesh_comparison_svc_plot.png>] [72 <../Plots/finer_mesh
_comparison_svc_plot.png>]
<../Plots/sample_size_fulldata_plot.png, id=962, 722.7pt x 433.62pt>
File: ../Plots/sample_size_fulldata_plot.png Graphic file (type png)
<use ../Plots/sample_size_fulldata_plot.png>
Package pdftex.def Info: ../Plots/sample_size_fulldata_plot.png  used on input 
line 957.
(pdftex.def)             Requested size: 469.75502pt x 281.85628pt.
 [73]
<../Plots/sample_size_species2data_plot.png, id=970, 722.7pt x 867.24pt>
File: ../Plots/sample_size_species2data_plot.png Graphic file (type png)
<use ../Plots/sample_size_species2data_plot.png>
Package pdftex.def Info: ../Plots/sample_size_species2data_plot.png  used on in
put line 957.
(pdftex.def)             Requested size: 375.80544pt x 450.9674pt.
 [74 <../Plots/sample_size_fulldata_plot.png>]
Overfull \vbox (25.4971pt too high) has occurred while \output is active []


[75 <../Plots/sample_size_species2data_plot.png>]
pdfTeX warning (ext4): destination with the same identifier (name{equation.0.1}
) has been already used, duplicate ignored
<to be read again> 
                   \relax 
l.957 }
       
pdfTeX warning (ext4): destination with the same identifier (name{equation.0.1}
) has been already used, duplicate ignored
<to be read again> 
                   \relax 
l.957 }
       
pdfTeX warning (ext4): destination with the same identifier (name{equation.0.1}
) has been already used, duplicate ignored
<to be read again> 
                   \relax 
l.957 }
       
pdfTeX warning (ext4): destination with the same identifier (name{equation.0.1}
) has been already used, duplicate ignored
<to be read again> 
                   \relax 
l.957 }
       
<../Plots/sim_svc_plot.png, id=985, 1084.05pt x 1445.4pt>
File: ../Plots/sim_svc_plot.png Graphic file (type png)
<use ../Plots/sim_svc_plot.png>
Package pdftex.def Info: ../Plots/sim_svc_plot.png  used on input line 957.
(pdftex.def)             Requested size: 305.33789pt x 407.11324pt.


LaTeX Warning: Float too large for page by 4.7629pt on input line 957.

[76] [77 <../Plots/sim_svc_plot.png>] [78] (./endo_herbarium_R2.aux)

LaTeX Warning: There were multiply-defined labels.

Package rerunfilecheck Info: File `endo_herbarium_R2.out' has not changed.
(rerunfilecheck)             Checksum: D41D8CD98F00B204E9800998ECF8427E;0.
 ) 
Here is how much of TeX's memory you used:
 13236 strings out of 476025
 218062 string characters out of 5790018
 1863388 words of memory out of 5000000
 33256 multiletter control sequences out of 15000+600000
 526828 words of font info for 62 fonts, out of 8000000 for 9000
 1141 hyphenation exceptions out of 8191
 75i,8n,76p,1389b,820s stack positions out of 10000i,1000n,20000p,200000b,200000s
</usr/local/texlive/2023/texmf-dist/fonts/type1/public/amsfonts/cm/cmmi10.pfb
></usr/local/texlive/2023/texmf-dist/fonts/type1/public/amsfonts/cm/cmmi6.pfb><
/usr/local/texlive/2023/texmf-dist/fonts/type1/public/amsfonts/cm/cmmi8.pfb></u
sr/local/texlive/2023/texmf-dist/fonts/type1/public/amsfonts/cm/cmr10.pfb></usr
/local/texlive/2023/texmf-dist/fonts/type1/public/amsfonts/cm/cmr8.pfb></usr/lo
cal/texlive/2023/texmf-dist/fonts/type1/public/amsfonts/cm/cmsy10.pfb></usr/loc
al/texlive/2023/texmf-dist/fonts/type1/public/amsfonts/cm/cmsy8.pfb></usr/local
/texlive/2023/texmf-dist/fonts/type1/public/cm-super/sfbi1095.pfb></usr/local/t
exlive/2023/texmf-dist/fonts/type1/public/cm-super/sfbx1095.pfb></usr/local/tex
live/2023/texmf-dist/fonts/type1/public/cm-super/sfbx1440.pfb></usr/local/texli
ve/2023/texmf-dist/fonts/type1/public/cm-super/sfrm0800.pfb></usr/local/texlive
/2023/texmf-dist/fonts/type1/public/cm-super/sfrm1095.pfb></usr/local/texlive/2
023/texmf-dist/fonts/type1/public/cm-super/sfrm1200.pfb></usr/local/texlive/202
3/texmf-dist/fonts/type1/public/cm-super/sfrm1728.pfb></usr/local/texlive/2023/
texmf-dist/fonts/type1/public/cm-super/sfss0800.pfb></usr/local/texlive/2023/te
xmf-dist/fonts/type1/public/cm-super/sfti1095.pfb></usr/local/texlive/2023/texm
f-dist/fonts/type1/public/cm-super/sfti1200.pfb></usr/local/texlive/2023/texmf-
dist/fonts/type1/public/cm-super/sfti1440.pfb></usr/local/texlive/2023/texmf-di
st/fonts/type1/public/cm-super/sftt1095.pfb>
Output written on endo_herbarium_R2.pdf (78 pages, 15362933 bytes).
PDF statistics:
 1135 PDF objects out of 1200 (max. 8388607)
 970 compressed objects within 10 object streams
 245 named destinations out of 1000 (max. 500000)
 136 words of extra memory for PDF output out of 10000 (max. 10000000)

