This is pdfTeX, Version 3.14159265-2.6-1.40.19 (TeX Live 2018) (preloaded format=pdflatex 2018.4.16)  31 DEC 2024 14:41
entering extended mode
 restricted \write18 enabled.
 %&-line parsing enabled.
**endo_herbarium_R1.tex
(./endo_herbarium_R1.tex
LaTeX2e <2018-04-01> patch level 2
Babel <3.18> and hyphenation patterns for 84 language(s) loaded.
(/usr/local/texlive/2018/texmf-dist/tex/latex/base/article.cls
Document Class: article 2014/09/29 v1.4h Standard LaTeX document class
(/usr/local/texlive/2018/texmf-dist/tex/latex/base/size11.clo
File: size11.clo 2014/09/29 v1.4h Standard LaTeX file (size option)
)
\c@part=\count80
\c@section=\count81
\c@subsection=\count82
\c@subsubsection=\count83
\c@paragraph=\count84
\c@subparagraph=\count85
\c@figure=\count86
\c@table=\count87
\abovecaptionskip=\skip41
\belowcaptionskip=\skip42
\bibindent=\dimen102
)
(/usr/local/texlive/2018/texmf-dist/tex/latex/psnfss/mathpazo.sty
Package: mathpazo 2005/04/12 PSNFSS-v9.2a Palatino w/ Pazo Math (D.Puga, WaS) 
\symupright=\mathgroup4
)
(/usr/local/texlive/2018/texmf-dist/tex/latex/preprint/fullpage.sty
Package: fullpage 1999/02/23 1.1 (PWD)
\FP@margin=\skip43
)
(/usr/local/texlive/2018/texmf-dist/tex/latex/natbib/natbib.sty
Package: natbib 2010/09/13 8.31b (PWD, AO)
\bibhang=\skip44
\bibsep=\skip45
LaTeX Info: Redefining \cite on input line 694.
\c@NAT@ctr=\count88
)
(/usr/local/texlive/2018/texmf-dist/tex/latex/base/inputenc.sty
Package: inputenc 2018/04/06 v1.3b Input encoding file
\inpenc@prehook=\toks14
\inpenc@posthook=\toks15
)
(/usr/local/texlive/2018/texmf-dist/tex/latex/lineno/lineno.sty
Package: lineno 2005/11/02 line numbers on paragraphs v4.41
\linenopenalty=\count89
\output=\toks16
\linenoprevgraf=\count90
\linenumbersep=\dimen103
\linenumberwidth=\dimen104
\c@linenumber=\count91
\c@pagewiselinenumber=\count92
\c@LN@truepage=\count93
\c@internallinenumber=\count94
\c@internallinenumbers=\count95
\quotelinenumbersep=\dimen105
\bframerule=\dimen106
\bframesep=\dimen107
\bframebox=\box26
LaTeX Info: Redefining \\ on input line 3056.
)
(/usr/local/texlive/2018/texmf-dist/tex/latex/titlesec/titlesec.sty
Package: titlesec 2016/03/21 v2.10.2 Sectioning titles
\ttl@box=\box27
\beforetitleunit=\skip46
\aftertitleunit=\skip47
\ttl@plus=\dimen108
\ttl@minus=\dimen109
\ttl@toksa=\toks17
\titlewidth=\dimen110
\titlewidthlast=\dimen111
\titlewidthfirst=\dimen112
)
(/usr/local/texlive/2018/texmf-dist/tex/latex/graphics/graphicx.sty
Package: graphicx 2017/06/01 v1.1a Enhanced LaTeX Graphics (DPC,SPQR)

(/usr/local/texlive/2018/texmf-dist/tex/latex/graphics/keyval.sty
Package: keyval 2014/10/28 v1.15 key=value parser (DPC)
\KV@toks@=\toks18
)
(/usr/local/texlive/2018/texmf-dist/tex/latex/graphics/graphics.sty
Package: graphics 2017/06/25 v1.2c Standard LaTeX Graphics (DPC,SPQR)

(/usr/local/texlive/2018/texmf-dist/tex/latex/graphics/trig.sty
Package: trig 2016/01/03 v1.10 sin cos tan (DPC)
)
(/usr/local/texlive/2018/texmf-dist/tex/latex/graphics-cfg/graphics.cfg
File: graphics.cfg 2016/06/04 v1.11 sample graphics configuration
)
Package graphics Info: Driver file: pdftex.def on input line 99.

(/usr/local/texlive/2018/texmf-dist/tex/latex/graphics-def/pdftex.def
File: pdftex.def 2018/01/08 v1.0l Graphics/color driver for pdftex
))
\Gin@req@height=\dimen113
\Gin@req@width=\dimen114
)
(/usr/local/texlive/2018/texmf-dist/tex/latex/float/float.sty
Package: float 2001/11/08 v1.3d Float enhancements (AL)
\c@float@type=\count96
\float@exts=\toks19
\float@box=\box28
\@float@everytoks=\toks20
\@floatcapt=\box29
)
(/usr/local/texlive/2018/texmf-dist/tex/latex/amsmath/amsmath.sty
Package: amsmath 2017/09/02 v2.17a AMS math features
\@mathmargin=\skip48

For additional information on amsmath, use the `?' option.
(/usr/local/texlive/2018/texmf-dist/tex/latex/amsmath/amstext.sty
Package: amstext 2000/06/29 v2.01 AMS text

(/usr/local/texlive/2018/texmf-dist/tex/latex/amsmath/amsgen.sty
File: amsgen.sty 1999/11/30 v2.0 generic functions
\@emptytoks=\toks21
\ex@=\dimen115
))
(/usr/local/texlive/2018/texmf-dist/tex/latex/amsmath/amsbsy.sty
Package: amsbsy 1999/11/29 v1.2d Bold Symbols
\pmbraise@=\dimen116
)
(/usr/local/texlive/2018/texmf-dist/tex/latex/amsmath/amsopn.sty
Package: amsopn 2016/03/08 v2.02 operator names
)
\inf@bad=\count97
LaTeX Info: Redefining \frac on input line 213.
\uproot@=\count98
\leftroot@=\count99
LaTeX Info: Redefining \overline on input line 375.
\classnum@=\count100
\DOTSCASE@=\count101
LaTeX Info: Redefining \ldots on input line 472.
LaTeX Info: Redefining \dots on input line 475.
LaTeX Info: Redefining \cdots on input line 596.
\Mathstrutbox@=\box30
\strutbox@=\box31
\big@size=\dimen117
LaTeX Font Info:    Redeclaring font encoding OML on input line 712.
LaTeX Font Info:    Redeclaring font encoding OMS on input line 713.
\macc@depth=\count102
\c@MaxMatrixCols=\count103
\dotsspace@=\muskip10
\c@parentequation=\count104
\dspbrk@lvl=\count105
\tag@help=\toks22
\row@=\count106
\column@=\count107
\maxfields@=\count108
\andhelp@=\toks23
\eqnshift@=\dimen118
\alignsep@=\dimen119
\tagshift@=\dimen120
\tagwidth@=\dimen121
\totwidth@=\dimen122
\lineht@=\dimen123
\@envbody=\toks24
\multlinegap=\skip49
\multlinetaggap=\skip50
\mathdisplay@stack=\toks25
LaTeX Info: Redefining \[ on input line 2817.
LaTeX Info: Redefining \] on input line 2818.
)
(/usr/local/texlive/2018/texmf-dist/tex/latex/base/fontenc.sty
Package: fontenc 2017/04/05 v2.0i Standard LaTeX package

(/usr/local/texlive/2018/texmf-dist/tex/latex/base/t1enc.def
File: t1enc.def 2017/04/05 v2.0i Standard LaTeX file
LaTeX Font Info:    Redeclaring font encoding T1 on input line 48.
))
(/usr/local/texlive/2018/texmf-dist/tex/latex/xcolor/xcolor.sty
Package: xcolor 2016/05/11 v2.12 LaTeX color extensions (UK)

(/usr/local/texlive/2018/texmf-dist/tex/latex/graphics-cfg/color.cfg
File: color.cfg 2016/01/02 v1.6 sample color configuration
)
Package xcolor Info: Package option `usenames' ignored on input line 216.
Package xcolor Info: Driver file: pdftex.def on input line 225.
Package xcolor Info: Model `cmy' substituted by `cmy0' on input line 1348.
Package xcolor Info: Model `hsb' substituted by `rgb' on input line 1352.
Package xcolor Info: Model `RGB' extended on input line 1364.
Package xcolor Info: Model `HTML' substituted by `rgb' on input line 1366.
Package xcolor Info: Model `Hsb' substituted by `hsb' on input line 1367.
Package xcolor Info: Model `tHsb' substituted by `hsb' on input line 1368.
Package xcolor Info: Model `HSB' substituted by `hsb' on input line 1369.
Package xcolor Info: Model `Gray' substituted by `gray' on input line 1370.
Package xcolor Info: Model `wave' substituted by `hsb' on input line 1371.

(/usr/local/texlive/2018/texmf-dist/tex/latex/graphics/dvipsnam.def
File: dvipsnam.def 2016/06/17 v3.0m Driver-dependent file (DPC,SPQR)
))
(/usr/local/texlive/2018/texmf-dist/tex/latex/hyperref/hyperref.sty
Package: hyperref 2018/02/06 v6.86b Hypertext links for LaTeX

(/usr/local/texlive/2018/texmf-dist/tex/generic/oberdiek/hobsub-hyperref.sty
Package: hobsub-hyperref 2016/05/16 v1.14 Bundle oberdiek, subset hyperref (HO)


(/usr/local/texlive/2018/texmf-dist/tex/generic/oberdiek/hobsub-generic.sty
Package: hobsub-generic 2016/05/16 v1.14 Bundle oberdiek, subset generic (HO)
Package: hobsub 2016/05/16 v1.14 Construct package bundles (HO)
Package: infwarerr 2016/05/16 v1.4 Providing info/warning/error messages (HO)
Package: ltxcmds 2016/05/16 v1.23 LaTeX kernel commands for general use (HO)
Package: ifluatex 2016/05/16 v1.4 Provides the ifluatex switch (HO)
Package ifluatex Info: LuaTeX not detected.
Package: ifvtex 2016/05/16 v1.6 Detect VTeX and its facilities (HO)
Package ifvtex Info: VTeX not detected.
Package: intcalc 2016/05/16 v1.2 Expandable calculations with integers (HO)
Package: ifpdf 2017/03/15 v3.2 Provides the ifpdf switch
Package: etexcmds 2016/05/16 v1.6 Avoid name clashes with e-TeX commands (HO)
Package etexcmds Info: Could not find \expanded.
(etexcmds)             That can mean that you are not using pdfTeX 1.50 or
(etexcmds)             that some package has redefined \expanded.
(etexcmds)             In the latter case, load this package earlier.
Package: kvsetkeys 2016/05/16 v1.17 Key value parser (HO)
Package: kvdefinekeys 2016/05/16 v1.4 Define keys (HO)
Package: pdftexcmds 2018/01/30 v0.27 Utility functions of pdfTeX for LuaTeX (HO
)
Package pdftexcmds Info: LuaTeX not detected.
Package pdftexcmds Info: \pdf@primitive is available.
Package pdftexcmds Info: \pdf@ifprimitive is available.
Package pdftexcmds Info: \pdfdraftmode found.
Package: pdfescape 2016/05/16 v1.14 Implements pdfTeX's escape features (HO)
Package: bigintcalc 2016/05/16 v1.4 Expandable calculations on big integers (HO
)
Package: bitset 2016/05/16 v1.2 Handle bit-vector datatype (HO)
Package: uniquecounter 2016/05/16 v1.3 Provide unlimited unique counter (HO)
)
Package hobsub Info: Skipping package `hobsub' (already loaded).
Package: letltxmacro 2016/05/16 v1.5 Let assignment for LaTeX macros (HO)
Package: hopatch 2016/05/16 v1.3 Wrapper for package hooks (HO)
Package: xcolor-patch 2016/05/16 xcolor patch
Package: atveryend 2016/05/16 v1.9 Hooks at the very end of document (HO)
Package atveryend Info: \enddocument detected (standard20110627).
Package: atbegshi 2016/06/09 v1.18 At begin shipout hook (HO)
Package: refcount 2016/05/16 v3.5 Data extraction from label references (HO)
Package: hycolor 2016/05/16 v1.8 Color options for hyperref/bookmark (HO)
)
(/usr/local/texlive/2018/texmf-dist/tex/generic/ifxetex/ifxetex.sty
Package: ifxetex 2010/09/12 v0.6 Provides ifxetex conditional
)
(/usr/local/texlive/2018/texmf-dist/tex/latex/oberdiek/auxhook.sty
Package: auxhook 2016/05/16 v1.4 Hooks for auxiliary files (HO)
)
(/usr/local/texlive/2018/texmf-dist/tex/latex/oberdiek/kvoptions.sty
Package: kvoptions 2016/05/16 v3.12 Key value format for package options (HO)
)
\@linkdim=\dimen124
\Hy@linkcounter=\count109
\Hy@pagecounter=\count110

(/usr/local/texlive/2018/texmf-dist/tex/latex/hyperref/pd1enc.def
File: pd1enc.def 2018/02/06 v6.86b Hyperref: PDFDocEncoding definition (HO)
Now handling font encoding PD1 ...
... no UTF-8 mapping file for font encoding PD1
)
\Hy@SavedSpaceFactor=\count111

(/usr/local/texlive/2018/texmf-dist/tex/latex/latexconfig/hyperref.cfg
File: hyperref.cfg 2002/06/06 v1.2 hyperref configuration of TeXLive
)
Package hyperref Info: Hyper figures OFF on input line 4509.
Package hyperref Info: Link nesting OFF on input line 4514.
Package hyperref Info: Hyper index ON on input line 4517.
Package hyperref Info: Plain pages OFF on input line 4524.
Package hyperref Info: Backreferencing OFF on input line 4529.
Package hyperref Info: Implicit mode ON; LaTeX internals redefined.
Package hyperref Info: Bookmarks ON on input line 4762.
\c@Hy@tempcnt=\count112

(/usr/local/texlive/2018/texmf-dist/tex/latex/url/url.sty
\Urlmuskip=\muskip11
Package: url 2013/09/16  ver 3.4  Verb mode for urls, etc.
)
LaTeX Info: Redefining \url on input line 5115.
\XeTeXLinkMargin=\dimen125
\Fld@menulength=\count113
\Field@Width=\dimen126
\Fld@charsize=\dimen127
Package hyperref Info: Hyper figures OFF on input line 6369.
Package hyperref Info: Link nesting OFF on input line 6374.
Package hyperref Info: Hyper index ON on input line 6377.
Package hyperref Info: backreferencing OFF on input line 6384.
Package hyperref Info: Link coloring OFF on input line 6389.
Package hyperref Info: Link coloring with OCG OFF on input line 6394.
Package hyperref Info: PDF/A mode OFF on input line 6399.
LaTeX Info: Redefining \ref on input line 6439.
LaTeX Info: Redefining \pageref on input line 6443.
\Hy@abspage=\count114
\c@Item=\count115
\c@Hfootnote=\count116
)
Package hyperref Info: Driver (autodetected): hpdftex.

(/usr/local/texlive/2018/texmf-dist/tex/latex/hyperref/hpdftex.def
File: hpdftex.def 2018/02/06 v6.86b Hyperref driver for pdfTeX
\Fld@listcount=\count117
\c@bookmark@seq@number=\count118

(/usr/local/texlive/2018/texmf-dist/tex/latex/oberdiek/rerunfilecheck.sty
Package: rerunfilecheck 2016/05/16 v1.8 Rerun checks for auxiliary files (HO)
Package uniquecounter Info: New unique counter `rerunfilecheck' on input line 2
82.
)
\Hy@SectionHShift=\skip51
)
(/usr/local/texlive/2018/texmf-dist/tex/latex/titlesec/block.tss
File: block.tss 2016/03/15
)
(./endo_herbarium_R1.aux)
\openout1 = `endo_herbarium_R1.aux'.

LaTeX Font Info:    Checking defaults for OML/cmm/m/it on input line 71.
LaTeX Font Info:    ... okay on input line 71.
LaTeX Font Info:    Checking defaults for T1/cmr/m/n on input line 71.
LaTeX Font Info:    ... okay on input line 71.
LaTeX Font Info:    Checking defaults for OT1/cmr/m/n on input line 71.
LaTeX Font Info:    ... okay on input line 71.
LaTeX Font Info:    Checking defaults for OMS/cmsy/m/n on input line 71.
LaTeX Font Info:    ... okay on input line 71.
LaTeX Font Info:    Checking defaults for OMX/cmex/m/n on input line 71.
LaTeX Font Info:    ... okay on input line 71.
LaTeX Font Info:    Checking defaults for U/cmr/m/n on input line 71.
LaTeX Font Info:    ... okay on input line 71.
LaTeX Font Info:    Checking defaults for PD1/pdf/m/n on input line 71.
LaTeX Font Info:    ... okay on input line 71.
LaTeX Font Info:    Try loading font information for T1+pplx on input line 71.

(/usr/local/texlive/2018/texmf-dist/tex/latex/psnfss/t1pplx.fd
File: t1pplx.fd 2004/09/06 font definitions for T1/pplx.
)
(/usr/local/texlive/2018/texmf-dist/tex/context/base/mkii/supp-pdf.mkii
[Loading MPS to PDF converter (version 2006.09.02).]
\scratchcounter=\count119
\scratchdimen=\dimen128
\scratchbox=\box32
\nofMPsegments=\count120
\nofMParguments=\count121
\everyMPshowfont=\toks26
\MPscratchCnt=\count122
\MPscratchDim=\dimen129
\MPnumerator=\count123
\makeMPintoPDFobject=\count124
\everyMPtoPDFconversion=\toks27
) (/usr/local/texlive/2018/texmf-dist/tex/latex/oberdiek/epstopdf-base.sty
Package: epstopdf-base 2016/05/15 v2.6 Base part for package epstopdf

(/usr/local/texlive/2018/texmf-dist/tex/latex/oberdiek/grfext.sty
Package: grfext 2016/05/16 v1.2 Manage graphics extensions (HO)
)
Package epstopdf-base Info: Redefining graphics rule for `.eps' on input line 4
38.
Package grfext Info: Graphics extension search list:
(grfext)             [.pdf,.png,.jpg,.mps,.jpeg,.jbig2,.jb2,.PDF,.PNG,.JPG,.JPE
G,.JBIG2,.JB2,.eps]
(grfext)             \AppendGraphicsExtensions on input line 456.

(/usr/local/texlive/2018/texmf-dist/tex/latex/latexconfig/epstopdf-sys.cfg
File: epstopdf-sys.cfg 2010/07/13 v1.3 Configuration of (r)epstopdf for TeX Liv
e
))
\AtBeginShipoutBox=\box33
Package hyperref Info: Link coloring OFF on input line 71.

(/usr/local/texlive/2018/texmf-dist/tex/latex/hyperref/nameref.sty
Package: nameref 2016/05/21 v2.44 Cross-referencing by name of section

(/usr/local/texlive/2018/texmf-dist/tex/generic/oberdiek/gettitlestring.sty
Package: gettitlestring 2016/05/16 v1.5 Cleanup title references (HO)
)
\c@section@level=\count125
)
LaTeX Info: Redefining \ref on input line 71.
LaTeX Info: Redefining \pageref on input line 71.
LaTeX Info: Redefining \nameref on input line 71.

(./endo_herbarium_R1.out) (./endo_herbarium_R1.out)
\@outlinefile=\write3
\openout3 = `endo_herbarium_R1.out'.

LaTeX Font Info:    Try loading font information for T1+cmss on input line 74.

(/usr/local/texlive/2018/texmf-dist/tex/latex/base/t1cmss.fd
File: t1cmss.fd 2014/09/29 v2.5h Standard LaTeX font definitions
)
LaTeX Font Info:    Try loading font information for OT1+pplx on input line 74.


(/usr/local/texlive/2018/texmf-dist/tex/latex/psnfss/ot1pplx.fd
File: ot1pplx.fd 2004/09/06 font definitions for OT1/pplx.
)
LaTeX Font Info:    Try loading font information for OML+zplm on input line 74.


(/usr/local/texlive/2018/texmf-dist/tex/latex/psnfss/omlzplm.fd
File: omlzplm.fd 2002/09/08 Fontinst v1.914 font definitions for OML/zplm.
)
LaTeX Font Info:    Try loading font information for OMS+zplm on input line 74.


(/usr/local/texlive/2018/texmf-dist/tex/latex/psnfss/omszplm.fd
File: omszplm.fd 2002/09/08 Fontinst v1.914 font definitions for OMS/zplm.
)
LaTeX Font Info:    Try loading font information for OMX+zplm on input line 74.


(/usr/local/texlive/2018/texmf-dist/tex/latex/psnfss/omxzplm.fd
File: omxzplm.fd 2002/09/08 Fontinst v1.914 font definitions for OMX/zplm.
)
LaTeX Font Info:    Try loading font information for OT1+zplm on input line 74.


(/usr/local/texlive/2018/texmf-dist/tex/latex/psnfss/ot1zplm.fd
File: ot1zplm.fd 2002/09/08 Fontinst v1.914 font definitions for OT1/zplm.
) [1

{/usr/local/texlive/2018/texmf-var/fonts/map/pdftex/updmap/pdftex.map}]
LaTeX Font Info:    Font shape `T1/pplx/bx/n' in size <14.4> not available
(Font)              Font shape `T1/pplx/b/n' tried instead on input line 102.
 [2] [3] [4]
[5] [6] [7] [8]
<../Plots/collections_map.png, id=240, 505.89pt x 289.08pt>
File: ../Plots/collections_map.png Graphic file (type png)
<use ../Plots/collections_map.png>
Package pdftex.def Info: ../Plots/collections_map.png  used on input line 225.
(pdftex.def)             Requested size: 469.75502pt x 268.43579pt.
LaTeX Font Info:    Font shape `T1/pplx/bx/n' in size <10.95> not available
(Font)              Font shape `T1/pplx/b/n' tried instead on input line 226.
LaTeX Font Info:    Font shape `T1/pplx/bx/it' in size <10.95> not available
(Font)              Font shape `T1/pplx/b/it' tried instead on input line 226.
 [9 <../Plots/collections_map.png>] [10] [11] [12] [13]
<../Plots/year_plot.png, id=361, 505.89pt x 361.35pt>
File: ../Plots/year_plot.png Graphic file (type png)
<use ../Plots/year_plot.png>
Package pdftex.def Info: ../Plots/year_plot.png  used on input line 325.
(pdftex.def)             Requested size: 469.75502pt x 335.54477pt.
 [14]
[15 <../Plots/year_plot.png>]
<../Plots/svc_time_map.png, id=384, 1084.05pt x 361.35pt>
File: ../Plots/svc_time_map.png Graphic file (type png)
<use ../Plots/svc_time_map.png>
Package pdftex.def Info: ../Plots/svc_time_map.png  used on input line 350.
(pdftex.def)             Requested size: 469.75502pt x 156.58498pt.
 [16] [17 <../Plots/svc_time_map.png>]
<../Plots/climate_trends_plot_intercept.png, id=407, 1156.32pt x 867.24pt>
File: ../Plots/climate_trends_plot_intercept.png Graphic file (type png)
<use ../Plots/climate_trends_plot_intercept.png>
Package pdftex.def Info: ../Plots/climate_trends_plot_intercept.png  used on in
put line 398.
(pdftex.def)             Requested size: 469.75502pt x 352.31538pt.
 [18]
[19 <../Plots/climate_trends_plot_intercept.png>]
<../Plots/contemp_test_plot.png, id=422, 867.24pt x 361.35pt>
File: ../Plots/contemp_test_plot.png Graphic file (type png)
<use ../Plots/contemp_test_plot.png>
Package pdftex.def Info: ../Plots/contemp_test_plot.png  used on input line 413
.
(pdftex.def)             Requested size: 469.75502pt x 195.7326pt.
 [20] [21 <../Plots/contemp_test_plot.png>] [22] [23] [24] [25] [26]
Underfull \hbox (badness 5637) in paragraph at lines 521--524
\T1/pplx/m/n/10.95 Data from this pub-li-ca-tion can be found through a pub-lic
ly avail-able repos-i-tory
 []

[27] (./endo_herbarium_R1.bbl [28] [29] [30] [31] [32]
LaTeX Font Info:    Try loading font information for T1+cmtt on input line 342.


(/usr/local/texlive/2018/texmf-dist/tex/latex/base/t1cmtt.fd
File: t1cmtt.fd 2014/09/29 v2.5h Standard LaTeX font definitions
) [33] [34]
[35] [36] [37] [38] [39]) [40]
<../Plots/endo_status_map.png, id=646, 722.7pt x 361.35pt>
File: ../Plots/endo_status_map.png Graphic file (type png)
<use ../Plots/endo_status_map.png>
Package pdftex.def Info: ../Plots/endo_status_map.png  used on input line 542.
(pdftex.def)             Requested size: 469.75502pt x 234.88023pt.
pdfTeX warning (ext4): destination with the same identifier (name{figure.1}) ha
s been already used, duplicate ignored
<to be read again> 
                   \relax 
l.543 ...and after the median year of collection.}
                                                  pdfTeX warning (ext4): destin
ation with the same identifier (name{figure.1}) has been already used, duplicat
e ignored
<to be read again> 
                   \relax 
l.543 ...and after the median year of collection.}
                                                  
<../Plots/mesh_plot.png, id=647, 433.62pt x 433.62pt>
File: ../Plots/mesh_plot.png Graphic file (type png)
<use ../Plots/mesh_plot.png>
Package pdftex.def Info: ../Plots/mesh_plot.png  used on input line 549.
(pdftex.def)             Requested size: 469.75502pt x 469.7781pt.
pdfTeX warning (ext4): destination with the same identifier (name{figure.2}) ha
s been already used, duplicate ignored
<to be read again> 
                   \relax 
l.550 ...ence of edge effects on model estimates.}
                                                  pdfTeX warning (ext4): destin
ation with the same identifier (name{figure.2}) has been already used, duplicat
e ignored
<to be read again> 
                   \relax 
l.550 ...ence of edge effects on model estimates.}
                                                   [41 <../Plots/endo_status_ma
p.png>]
Overfull \vbox (1.16673pt too high) has occurred while \output is active []


[42 <../Plots/mesh_plot.png>]
<../Plots/overlay_plot.png, id=656, 289.08pt x 289.08pt>
File: ../Plots/overlay_plot.png Graphic file (type png)
<use ../Plots/overlay_plot.png>
Package pdftex.def Info: ../Plots/overlay_plot.png  used on input line 556.
(pdftex.def)             Requested size: 234.8775pt x 234.8769pt.
pdfTeX warning (ext4): destination with the same identifier (name{figure.3}) ha
s been already used, duplicate ignored
<to be read again> 
                   \relax 
l.557 ... with with 100 simulated datasets (red).}
                                                  pdfTeX warning (ext4): destin
ation with the same identifier (name{figure.3}) has been already used, duplicat
e ignored
<to be read again> 
                   \relax 
l.557 ... with with 100 simulated datasets (red).}
                                                  
<../Plots/ROC_training_plot.png, id=658, 289.08pt x 289.08pt>
File: ../Plots/ROC_training_plot.png Graphic file (type png)
<use ../Plots/ROC_training_plot.png>
Package pdftex.def Info: ../Plots/ROC_training_plot.png  used on input line 564
.
(pdftex.def)             Requested size: 234.8775pt x 234.8769pt.
pdfTeX warning (ext4): destination with the same identifier (name{figure.4}) ha
s been already used, duplicate ignored
<to be read again> 
                   \relax 
l.565 ...or observed data. The AUC value is 0.79.}
                                                  pdfTeX warning (ext4): destin
ation with the same identifier (name{figure.4}) has been already used, duplicat
e ignored
<to be read again> 
                   \relax 
l.565 ...or observed data. The AUC value is 0.79.}
                                                   [43 <../Plots/overlay_plot.p
ng>]
<../Plots/ROC_test_plot.png, id=665, 289.08pt x 289.08pt>
File: ../Plots/ROC_test_plot.png Graphic file (type png)
<use ../Plots/ROC_test_plot.png>
Package pdftex.def Info: ../Plots/ROC_test_plot.png  used on input line 572.
(pdftex.def)             Requested size: 234.8775pt x 234.8769pt.
pdfTeX warning (ext4): destination with the same identifier (name{figure.5}) ha
s been already used, duplicate ignored
<to be read again> 
                   \relax 
l.573 ...ce for test data. The AUC value is 0.77.}
                                                  pdfTeX warning (ext4): destin
ation with the same identifier (name{figure.5}) has been already used, duplicat
e ignored
<to be read again> 
                   \relax 
l.573 ...ce for test data. The AUC value is 0.77.}
                                                   [44 <../Plots/ROC_training_p
lot.png>]
<../Plots/posterior_plot.png, id=670, 433.62pt x 361.35pt>
File: ../Plots/posterior_plot.png Graphic file (type png)
<use ../Plots/posterior_plot.png>
Package pdftex.def Info: ../Plots/posterior_plot.png  used on input line 580.
(pdftex.def)             Requested size: 469.75502pt x 391.48175pt.
 [45 <../Plots/ROC_test_plot.png>]
<../Plots/svc_time_map_CI.png, id=675, 1084.05pt x 361.35pt>
File: ../Plots/svc_time_map_CI.png Graphic file (type png)
<use ../Plots/svc_time_map_CI.png>
Package pdftex.def Info: ../Plots/svc_time_map_CI.png  used on input line 588.
(pdftex.def)             Requested size: 469.75502pt x 156.58498pt.
 [46 <../Plots/posterior_plot.png>]
<../Plots/conservative_comparison_plot.png, id=680, 722.7pt x 505.89pt>
File: ../Plots/conservative_comparison_plot.png Graphic file (type png)
<use ../Plots/conservative_comparison_plot.png>
Package pdftex.def Info: ../Plots/conservative_comparison_plot.png  used on inp
ut line 596.
(pdftex.def)             Requested size: 469.75502pt x 328.8323pt.

[47 <../Plots/svc_time_map_CI.png>]
<../Plots/collector_posterior.png, id=687, 361.35pt x 722.7pt>
File: ../Plots/collector_posterior.png Graphic file (type png)
<use ../Plots/collector_posterior.png>
Package pdftex.def Info: ../Plots/collector_posterior.png  used on input line 6
04.
(pdftex.def)             Requested size: 281.85587pt x 563.71475pt.
 [48 <../Plots/conservative_comparison_plot.png>]
<../Plots/scorer_posterior.png, id=692, 361.35pt x 722.7pt>
File: ../Plots/scorer_posterior.png Graphic file (type png)
<use ../Plots/scorer_posterior.png>
Package pdftex.def Info: ../Plots/scorer_posterior.png  used on input line 612.

(pdftex.def)             Requested size: 281.85587pt x 563.71475pt.
 [49 <../Plots/collector_posterior.png>]
<../Plots/contemp_surveys_map.png, id=700, 505.89pt x 289.08pt>
File: ../Plots/contemp_surveys_map.png Graphic file (type png)
<use ../Plots/contemp_surveys_map.png>
Package pdftex.def Info: ../Plots/contemp_surveys_map.png  used on input line 6
20.
(pdftex.def)             Requested size: 469.75502pt x 268.43579pt.
 [50 <../Plots/scorer_posterior.png>]
<../Plots/AGHY_climate_change_plot.png, id=706, 578.16pt x 722.7pt>
File: ../Plots/AGHY_climate_change_plot.png Graphic file (type png)
<use ../Plots/AGHY_climate_change_plot.png>
Package pdftex.def Info: ../Plots/AGHY_climate_change_plot.png  used on input l
ine 627.
(pdftex.def)             Requested size: 375.80544pt x 469.74944pt.
 [51 <../Plots/contemp_surveys_map.png>]
<../Plots/AGPE_climate_change_plot.png, id=711, 578.16pt x 722.7pt>
File: ../Plots/AGPE_climate_change_plot.png Graphic file (type png)
<use ../Plots/AGPE_climate_change_plot.png>
Package pdftex.def Info: ../Plots/AGPE_climate_change_plot.png  used on input l
ine 634.
(pdftex.def)             Requested size: 375.80544pt x 469.74944pt.
 [52 <../Plots/AGHY_climate_change_plot.png>]
<../Plots/ELVI_climate_change_plot.png, id=716, 578.16pt x 722.7pt>
File: ../Plots/ELVI_climate_change_plot.png Graphic file (type png)
<use ../Plots/ELVI_climate_change_plot.png>
Package pdftex.def Info: ../Plots/ELVI_climate_change_plot.png  used on input l
ine 641.
(pdftex.def)             Requested size: 375.80544pt x 469.74944pt.
 [53 <../Plots/AGPE_climate_change_plot.png>]

LaTeX Warning: `h' float specifier changed to `ht'.

[54 <../Plots/ELVI_climate_change_plot.png>]
Overfull \hbox (13.01875pt too wide) in paragraph at lines 669--694
\T1/pplx/b/n/10.95 Code avail-abil-ity\T1/pplx/m/n/10.95 : Avail-able through t
his link: https://github.com/joshuacfowler/EndoHerbarium 
 []

[55] [56]
<../Plots/prior_comparison_year_plot.png, id=737, 1445.4pt x 1445.4pt>
File: ../Plots/prior_comparison_year_plot.png Graphic file (type png)
<use ../Plots/prior_comparison_year_plot.png>
Package pdftex.def Info: ../Plots/prior_comparison_year_plot.png  used on input
 line 707.
(pdftex.def)             Requested size: 469.75502pt x 469.74944pt.
 [57] [58 <../Plots/prior_comparison_year_plot.png>]
<../Plots/standard_mesh_comparison_svc_plot.png, id=753, 1084.05pt x 1084.05pt>

File: ../Plots/standard_mesh_comparison_svc_plot.png Graphic file (type png)
<use ../Plots/standard_mesh_comparison_svc_plot.png>
Package pdftex.def Info: ../Plots/standard_mesh_comparison_svc_plot.png  used o
n input line 717.
(pdftex.def)             Requested size: 375.80544pt x 375.80066pt.
 [59]
<../Plots/finer_mesh_comparison_svc_plot.png, id=760, 1084.05pt x 1084.05pt>
File: ../Plots/finer_mesh_comparison_svc_plot.png Graphic file (type png)
<use ../Plots/finer_mesh_comparison_svc_plot.png>
Package pdftex.def Info: ../Plots/finer_mesh_comparison_svc_plot.png  used on i
nput line 725.
(pdftex.def)             Requested size: 375.80544pt x 375.80066pt.
 [60 <../Plots/standard_mesh_comparison_svc_plot.png>]
Package atveryend Info: Empty hook `BeforeClearDocument' on input line 768.
 [61 <../Plots/finer_mesh_comparison_svc_plot.png>]
Package atveryend Info: Empty hook `AfterLastShipout' on input line 768.
 (./endo_herbarium_R1.aux)
Package atveryend Info: Executing hook `AtVeryEndDocument' on input line 768.
Package atveryend Info: Executing hook `AtEndAfterFileList' on input line 768.
Package rerunfilecheck Info: File `endo_herbarium_R1.out' has not changed.
(rerunfilecheck)             Checksum: D41D8CD98F00B204E9800998ECF8427E;0.
Package atveryend Info: Empty hook `AtVeryVeryEnd' on input line 768.
 ) 
Here is how much of TeX's memory you used:
 8081 strings out of 492649
 121270 string characters out of 6129622
 223488 words of memory out of 5000000
 11610 multiletter control sequences out of 15000+600000
 62689 words of font info for 119 fonts, out of 8000000 for 9000
 1141 hyphenation exceptions out of 8191
 28i,8n,35p,926b,633s stack positions out of 5000i,500n,10000p,200000b,80000s
{/usr/local/texlive/2018/texmf-dist/fonts/enc/dvips/cm-super/cm-super-t1.enc}
{/usr/local/texlive/2018/texmf-dist/fonts/enc/dvips/base/8r.enc}</usr/local/tex
live/2018/texmf-dist/fonts/type1/public/amsfonts/cm/cmr10.pfb></usr/local/texli
ve/2018/texmf-dist/fonts/type1/public/amsfonts/cm/cmsy10.pfb></usr/local/texliv
e/2018/texmf-dist/fonts/type1/public/mathpazo/fplmri.pfb></usr/local/texlive/20
18/texmf-dist/fonts/type1/public/cm-super/sfss0600.pfb></usr/local/texlive/2018
/texmf-dist/fonts/type1/public/cm-super/sftt1095.pfb></usr/local/texlive/2018/t
exmf-dist/fonts/type1/urw/palatino/uplb8a.pfb></usr/local/texlive/2018/texmf-di
st/fonts/type1/urw/palatino/uplbi8a.pfb></usr/local/texlive/2018/texmf-dist/fon
ts/type1/urw/palatino/uplr8a.pfb></usr/local/texlive/2018/texmf-dist/fonts/type
1/urw/palatino/uplri8a.pfb>
Output written on endo_herbarium_R1.pdf (61 pages, 12331398 bytes).
PDF statistics:
 845 PDF objects out of 1000 (max. 8388607)
 739 compressed objects within 8 object streams
 188 named destinations out of 1000 (max. 500000)
 111 words of extra memory for PDF output out of 10000 (max. 10000000)

