This is pdfTeX, Version 3.14159265-2.6-1.40.19 (TeX Live 2018) (preloaded format=pdflatex 2018.4.16)  8 OCT 2025 14:06
entering extended mode
 restricted \write18 enabled.
 %&-line parsing enabled.
**endo_herbarium_GCB.tex
(./endo_herbarium_GCB.tex
LaTeX2e <2018-04-01> patch level 2
Babel <3.18> and hyphenation patterns for 84 language(s) loaded.
(/usr/local/texlive/2018/texmf-dist/tex/latex/base/article.cls
Document Class: article 2014/09/29 v1.4h Standard LaTeX document class
(/usr/local/texlive/2018/texmf-dist/tex/latex/base/size11.clo
File: size11.clo 2014/09/29 v1.4h Standard LaTeX file (size option)
)
\c@part=\count80
\c@section=\count81
\c@subsection=\count82
\c@subsubsection=\count83
\c@paragraph=\count84
\c@subparagraph=\count85
\c@figure=\count86
\c@table=\count87
\abovecaptionskip=\skip41
\belowcaptionskip=\skip42
\bibindent=\dimen102
)
(/usr/local/texlive/2018/texmf-dist/tex/latex/preprint/fullpage.sty
Package: fullpage 1999/02/23 1.1 (PWD)
\FP@margin=\skip43
)
(/usr/local/texlive/2018/texmf-dist/tex/latex/natbib/natbib.sty
Package: natbib 2010/09/13 8.31b (PWD, AO)
\bibhang=\skip44
\bibsep=\skip45
LaTeX Info: Redefining \cite on input line 694.
\c@NAT@ctr=\count88
)
(/usr/local/texlive/2018/texmf-dist/tex/latex/base/inputenc.sty
Package: inputenc 2018/04/06 v1.3b Input encoding file
\inpenc@prehook=\toks14
\inpenc@posthook=\toks15
)
(/usr/local/texlive/2018/texmf-dist/tex/latex/lineno/lineno.sty
Package: lineno 2005/11/02 line numbers on paragraphs v4.41
\linenopenalty=\count89
\output=\toks16
\linenoprevgraf=\count90
\linenumbersep=\dimen103
\linenumberwidth=\dimen104
\c@linenumber=\count91
\c@pagewiselinenumber=\count92
\c@LN@truepage=\count93
\c@internallinenumber=\count94
\c@internallinenumbers=\count95
\quotelinenumbersep=\dimen105
\bframerule=\dimen106
\bframesep=\dimen107
\bframebox=\box26
LaTeX Info: Redefining \\ on input line 3056.
)
(/usr/local/texlive/2018/texmf-dist/tex/latex/titlesec/titlesec.sty
Package: titlesec 2016/03/21 v2.10.2 Sectioning titles
\ttl@box=\box27
\beforetitleunit=\skip46
\aftertitleunit=\skip47
\ttl@plus=\dimen108
\ttl@minus=\dimen109
\ttl@toksa=\toks17
\titlewidth=\dimen110
\titlewidthlast=\dimen111
\titlewidthfirst=\dimen112
)
(/usr/local/texlive/2018/texmf-dist/tex/latex/caption/caption.sty
Package: caption 2016/02/21 v3.3-144 Customizing captions (AR)

(/usr/local/texlive/2018/texmf-dist/tex/latex/caption/caption3.sty
Package: caption3 2016/05/22 v1.7-166 caption3 kernel (AR)
Package caption3 Info: TeX engine: e-TeX on input line 67.

(/usr/local/texlive/2018/texmf-dist/tex/latex/graphics/keyval.sty
Package: keyval 2014/10/28 v1.15 key=value parser (DPC)
\KV@toks@=\toks18
)
\captionmargin=\dimen113
\captionmargin@=\dimen114
\captionwidth=\dimen115
\caption@tempdima=\dimen116
\caption@indent=\dimen117
\caption@parindent=\dimen118
\caption@hangindent=\dimen119
)
\c@ContinuedFloat=\count96
)
(/usr/local/texlive/2018/texmf-dist/tex/latex/graphics/graphicx.sty
Package: graphicx 2017/06/01 v1.1a Enhanced LaTeX Graphics (DPC,SPQR)

(/usr/local/texlive/2018/texmf-dist/tex/latex/graphics/graphics.sty
Package: graphics 2017/06/25 v1.2c Standard LaTeX Graphics (DPC,SPQR)

(/usr/local/texlive/2018/texmf-dist/tex/latex/graphics/trig.sty
Package: trig 2016/01/03 v1.10 sin cos tan (DPC)
)
(/usr/local/texlive/2018/texmf-dist/tex/latex/graphics-cfg/graphics.cfg
File: graphics.cfg 2016/06/04 v1.11 sample graphics configuration
)
Package graphics Info: Driver file: pdftex.def on input line 99.

(/usr/local/texlive/2018/texmf-dist/tex/latex/graphics-def/pdftex.def
File: pdftex.def 2018/01/08 v1.0l Graphics/color driver for pdftex
))
\Gin@req@height=\dimen120
\Gin@req@width=\dimen121
)
(/usr/local/texlive/2018/texmf-dist/tex/latex/float/float.sty
Package: float 2001/11/08 v1.3d Float enhancements (AL)
\c@float@type=\count97
\float@exts=\toks19
\float@box=\box28
\@float@everytoks=\toks20
\@floatcapt=\box29
)
(/usr/local/texlive/2018/texmf-dist/tex/latex/amsmath/amsmath.sty
Package: amsmath 2017/09/02 v2.17a AMS math features
\@mathmargin=\skip48

For additional information on amsmath, use the `?' option.
(/usr/local/texlive/2018/texmf-dist/tex/latex/amsmath/amstext.sty
Package: amstext 2000/06/29 v2.01 AMS text

(/usr/local/texlive/2018/texmf-dist/tex/latex/amsmath/amsgen.sty
File: amsgen.sty 1999/11/30 v2.0 generic functions
\@emptytoks=\toks21
\ex@=\dimen122
))
(/usr/local/texlive/2018/texmf-dist/tex/latex/amsmath/amsbsy.sty
Package: amsbsy 1999/11/29 v1.2d Bold Symbols
\pmbraise@=\dimen123
)
(/usr/local/texlive/2018/texmf-dist/tex/latex/amsmath/amsopn.sty
Package: amsopn 2016/03/08 v2.02 operator names
)
\inf@bad=\count98
LaTeX Info: Redefining \frac on input line 213.
\uproot@=\count99
\leftroot@=\count100
LaTeX Info: Redefining \overline on input line 375.
\classnum@=\count101
\DOTSCASE@=\count102
LaTeX Info: Redefining \ldots on input line 472.
LaTeX Info: Redefining \dots on input line 475.
LaTeX Info: Redefining \cdots on input line 596.
\Mathstrutbox@=\box30
\strutbox@=\box31
\big@size=\dimen124
LaTeX Font Info:    Redeclaring font encoding OML on input line 712.
LaTeX Font Info:    Redeclaring font encoding OMS on input line 713.
\macc@depth=\count103
\c@MaxMatrixCols=\count104
\dotsspace@=\muskip10
\c@parentequation=\count105
\dspbrk@lvl=\count106
\tag@help=\toks22
\row@=\count107
\column@=\count108
\maxfields@=\count109
\andhelp@=\toks23
\eqnshift@=\dimen125
\alignsep@=\dimen126
\tagshift@=\dimen127
\tagwidth@=\dimen128
\totwidth@=\dimen129
\lineht@=\dimen130
\@envbody=\toks24
\multlinegap=\skip49
\multlinetaggap=\skip50
\mathdisplay@stack=\toks25
LaTeX Info: Redefining \[ on input line 2817.
LaTeX Info: Redefining \] on input line 2818.
)
(/usr/local/texlive/2018/texmf-dist/tex/latex/base/fontenc.sty
Package: fontenc 2017/04/05 v2.0i Standard LaTeX package

(/usr/local/texlive/2018/texmf-dist/tex/latex/base/t1enc.def
File: t1enc.def 2017/04/05 v2.0i Standard LaTeX file
LaTeX Font Info:    Redeclaring font encoding T1 on input line 48.
))
(/usr/local/texlive/2018/texmf-dist/tex/latex/xcolor/xcolor.sty
Package: xcolor 2016/05/11 v2.12 LaTeX color extensions (UK)

(/usr/local/texlive/2018/texmf-dist/tex/latex/graphics-cfg/color.cfg
File: color.cfg 2016/01/02 v1.6 sample color configuration
)
Package xcolor Info: Package option `usenames' ignored on input line 216.
Package xcolor Info: Driver file: pdftex.def on input line 225.
Package xcolor Info: Model `cmy' substituted by `cmy0' on input line 1348.
Package xcolor Info: Model `hsb' substituted by `rgb' on input line 1352.
Package xcolor Info: Model `RGB' extended on input line 1364.
Package xcolor Info: Model `HTML' substituted by `rgb' on input line 1366.
Package xcolor Info: Model `Hsb' substituted by `hsb' on input line 1367.
Package xcolor Info: Model `tHsb' substituted by `hsb' on input line 1368.
Package xcolor Info: Model `HSB' substituted by `hsb' on input line 1369.
Package xcolor Info: Model `Gray' substituted by `gray' on input line 1370.
Package xcolor Info: Model `wave' substituted by `hsb' on input line 1371.

(/usr/local/texlive/2018/texmf-dist/tex/latex/graphics/dvipsnam.def
File: dvipsnam.def 2016/06/17 v3.0m Driver-dependent file (DPC,SPQR)
))
(/usr/local/texlive/2018/texmf-dist/tex/latex/hyperref/hyperref.sty
Package: hyperref 2018/02/06 v6.86b Hypertext links for LaTeX

(/usr/local/texlive/2018/texmf-dist/tex/generic/oberdiek/hobsub-hyperref.sty
Package: hobsub-hyperref 2016/05/16 v1.14 Bundle oberdiek, subset hyperref (HO)


(/usr/local/texlive/2018/texmf-dist/tex/generic/oberdiek/hobsub-generic.sty
Package: hobsub-generic 2016/05/16 v1.14 Bundle oberdiek, subset generic (HO)
Package: hobsub 2016/05/16 v1.14 Construct package bundles (HO)
Package: infwarerr 2016/05/16 v1.4 Providing info/warning/error messages (HO)
Package: ltxcmds 2016/05/16 v1.23 LaTeX kernel commands for general use (HO)
Package: ifluatex 2016/05/16 v1.4 Provides the ifluatex switch (HO)
Package ifluatex Info: LuaTeX not detected.
Package: ifvtex 2016/05/16 v1.6 Detect VTeX and its facilities (HO)
Package ifvtex Info: VTeX not detected.
Package: intcalc 2016/05/16 v1.2 Expandable calculations with integers (HO)
Package: ifpdf 2017/03/15 v3.2 Provides the ifpdf switch
Package: etexcmds 2016/05/16 v1.6 Avoid name clashes with e-TeX commands (HO)
Package etexcmds Info: Could not find \expanded.
(etexcmds)             That can mean that you are not using pdfTeX 1.50 or
(etexcmds)             that some package has redefined \expanded.
(etexcmds)             In the latter case, load this package earlier.
Package: kvsetkeys 2016/05/16 v1.17 Key value parser (HO)
Package: kvdefinekeys 2016/05/16 v1.4 Define keys (HO)
Package: pdftexcmds 2018/01/30 v0.27 Utility functions of pdfTeX for LuaTeX (HO
)
Package pdftexcmds Info: LuaTeX not detected.
Package pdftexcmds Info: \pdf@primitive is available.
Package pdftexcmds Info: \pdf@ifprimitive is available.
Package pdftexcmds Info: \pdfdraftmode found.
Package: pdfescape 2016/05/16 v1.14 Implements pdfTeX's escape features (HO)
Package: bigintcalc 2016/05/16 v1.4 Expandable calculations on big integers (HO
)
Package: bitset 2016/05/16 v1.2 Handle bit-vector datatype (HO)
Package: uniquecounter 2016/05/16 v1.3 Provide unlimited unique counter (HO)
)
Package hobsub Info: Skipping package `hobsub' (already loaded).
Package: letltxmacro 2016/05/16 v1.5 Let assignment for LaTeX macros (HO)
Package: hopatch 2016/05/16 v1.3 Wrapper for package hooks (HO)
Package: xcolor-patch 2016/05/16 xcolor patch
Package: atveryend 2016/05/16 v1.9 Hooks at the very end of document (HO)
Package atveryend Info: \enddocument detected (standard20110627).
Package: atbegshi 2016/06/09 v1.18 At begin shipout hook (HO)
Package: refcount 2016/05/16 v3.5 Data extraction from label references (HO)
Package: hycolor 2016/05/16 v1.8 Color options for hyperref/bookmark (HO)
)
(/usr/local/texlive/2018/texmf-dist/tex/generic/ifxetex/ifxetex.sty
Package: ifxetex 2010/09/12 v0.6 Provides ifxetex conditional
)
(/usr/local/texlive/2018/texmf-dist/tex/latex/oberdiek/auxhook.sty
Package: auxhook 2016/05/16 v1.4 Hooks for auxiliary files (HO)
)
(/usr/local/texlive/2018/texmf-dist/tex/latex/oberdiek/kvoptions.sty
Package: kvoptions 2016/05/16 v3.12 Key value format for package options (HO)
)
\@linkdim=\dimen131
\Hy@linkcounter=\count110
\Hy@pagecounter=\count111

(/usr/local/texlive/2018/texmf-dist/tex/latex/hyperref/pd1enc.def
File: pd1enc.def 2018/02/06 v6.86b Hyperref: PDFDocEncoding definition (HO)
Now handling font encoding PD1 ...
... no UTF-8 mapping file for font encoding PD1
)
\Hy@SavedSpaceFactor=\count112

(/usr/local/texlive/2018/texmf-dist/tex/latex/latexconfig/hyperref.cfg
File: hyperref.cfg 2002/06/06 v1.2 hyperref configuration of TeXLive
)
Package hyperref Info: Hyper figures OFF on input line 4509.
Package hyperref Info: Link nesting OFF on input line 4514.
Package hyperref Info: Hyper index ON on input line 4517.
Package hyperref Info: Plain pages OFF on input line 4524.
Package hyperref Info: Backreferencing OFF on input line 4529.
Package hyperref Info: Implicit mode ON; LaTeX internals redefined.
Package hyperref Info: Bookmarks ON on input line 4762.
\c@Hy@tempcnt=\count113

(/usr/local/texlive/2018/texmf-dist/tex/latex/url/url.sty
\Urlmuskip=\muskip11
Package: url 2013/09/16  ver 3.4  Verb mode for urls, etc.
)
LaTeX Info: Redefining \url on input line 5115.
\XeTeXLinkMargin=\dimen132
\Fld@menulength=\count114
\Field@Width=\dimen133
\Fld@charsize=\dimen134
Package hyperref Info: Hyper figures OFF on input line 6369.
Package hyperref Info: Link nesting OFF on input line 6374.
Package hyperref Info: Hyper index ON on input line 6377.
Package hyperref Info: backreferencing OFF on input line 6384.
Package hyperref Info: Link coloring OFF on input line 6389.
Package hyperref Info: Link coloring with OCG OFF on input line 6394.
Package hyperref Info: PDF/A mode OFF on input line 6399.
LaTeX Info: Redefining \ref on input line 6439.
LaTeX Info: Redefining \pageref on input line 6443.
\Hy@abspage=\count115
\c@Item=\count116
\c@Hfootnote=\count117
)
Package hyperref Info: Driver (autodetected): hpdftex.

(/usr/local/texlive/2018/texmf-dist/tex/latex/hyperref/hpdftex.def
File: hpdftex.def 2018/02/06 v6.86b Hyperref driver for pdfTeX
\Fld@listcount=\count118
\c@bookmark@seq@number=\count119

(/usr/local/texlive/2018/texmf-dist/tex/latex/oberdiek/rerunfilecheck.sty
Package: rerunfilecheck 2016/05/16 v1.8 Rerun checks for auxiliary files (HO)
Package uniquecounter Info: New unique counter `rerunfilecheck' on input line 2
82.
)
\Hy@SectionHShift=\skip51
)
(/usr/local/texlive/2018/texmf-dist/tex/latex/titlesec/block.tss
File: block.tss 2016/03/15
)
(./endo_herbarium_GCB.aux)
\openout1 = `endo_herbarium_GCB.aux'.

LaTeX Font Info:    Checking defaults for OML/cmm/m/it on input line 75.
LaTeX Font Info:    ... okay on input line 75.
LaTeX Font Info:    Checking defaults for T1/cmr/m/n on input line 75.
LaTeX Font Info:    ... okay on input line 75.
LaTeX Font Info:    Checking defaults for OT1/cmr/m/n on input line 75.
LaTeX Font Info:    ... okay on input line 75.
LaTeX Font Info:    Checking defaults for OMS/cmsy/m/n on input line 75.
LaTeX Font Info:    ... okay on input line 75.
LaTeX Font Info:    Checking defaults for OMX/cmex/m/n on input line 75.
LaTeX Font Info:    ... okay on input line 75.
LaTeX Font Info:    Checking defaults for U/cmr/m/n on input line 75.
LaTeX Font Info:    ... okay on input line 75.
LaTeX Font Info:    Checking defaults for PD1/pdf/m/n on input line 75.
LaTeX Font Info:    ... okay on input line 75.
Package caption Info: Begin \AtBeginDocument code.
Package caption Info: float package is loaded.
Package caption Info: hyperref package is loaded.
Package caption Info: End \AtBeginDocument code.

(/usr/local/texlive/2018/texmf-dist/tex/context/base/mkii/supp-pdf.mkii
[Loading MPS to PDF converter (version 2006.09.02).]
\scratchcounter=\count120
\scratchdimen=\dimen135
\scratchbox=\box32
\nofMPsegments=\count121
\nofMParguments=\count122
\everyMPshowfont=\toks26
\MPscratchCnt=\count123
\MPscratchDim=\dimen136
\MPnumerator=\count124
\makeMPintoPDFobject=\count125
\everyMPtoPDFconversion=\toks27
) (/usr/local/texlive/2018/texmf-dist/tex/latex/oberdiek/epstopdf-base.sty
Package: epstopdf-base 2016/05/15 v2.6 Base part for package epstopdf

(/usr/local/texlive/2018/texmf-dist/tex/latex/oberdiek/grfext.sty
Package: grfext 2016/05/16 v1.2 Manage graphics extensions (HO)
)
Package epstopdf-base Info: Redefining graphics rule for `.eps' on input line 4
38.
Package grfext Info: Graphics extension search list:
(grfext)             [.pdf,.png,.jpg,.mps,.jpeg,.jbig2,.jb2,.PDF,.PNG,.JPG,.JPE
G,.JBIG2,.JB2,.eps]
(grfext)             \AppendGraphicsExtensions on input line 456.

(/usr/local/texlive/2018/texmf-dist/tex/latex/latexconfig/epstopdf-sys.cfg
File: epstopdf-sys.cfg 2010/07/13 v1.3 Configuration of (r)epstopdf for TeX Liv
e
))
\AtBeginShipoutBox=\box33
Package hyperref Info: Link coloring OFF on input line 75.

(/usr/local/texlive/2018/texmf-dist/tex/latex/hyperref/nameref.sty
Package: nameref 2016/05/21 v2.44 Cross-referencing by name of section

(/usr/local/texlive/2018/texmf-dist/tex/generic/oberdiek/gettitlestring.sty
Package: gettitlestring 2016/05/16 v1.5 Cleanup title references (HO)
)
\c@section@level=\count126
)
LaTeX Info: Redefining \ref on input line 75.
LaTeX Info: Redefining \pageref on input line 75.
LaTeX Info: Redefining \nameref on input line 75.

(./endo_herbarium_GCB.out) (./endo_herbarium_GCB.out)
\@outlinefile=\write3
\openout3 = `endo_herbarium_GCB.out'.

LaTeX Font Info:    Try loading font information for T1+cmss on input line 78.

(/usr/local/texlive/2018/texmf-dist/tex/latex/base/t1cmss.fd
File: t1cmss.fd 2014/09/29 v2.5h Standard LaTeX font definitions
) [1

{/usr/local/texlive/2018/texmf-var/fonts/map/pdftex/updmap/pdftex.map}] [2] [3]
 [4] [5]
[6] [7] [8] [9] [10] [11] [12] [13] [14] [15] [16] [17] [18] [19] [20] [21]
[22] [23] [24] [25] [26] [27] [28] [29] (./endo_herbarium_GCB.bbl [30] [31]
[32] [33] [34]
LaTeX Font Info:    Try loading font information for T1+cmtt on input line 373.

 (/usr/local/texlive/2018/texmf-dist/tex/latex/base/t1cmtt.fd
File: t1cmtt.fd 2014/09/29 v2.5h Standard LaTeX font definitions
)
[35] [36] [37] [38] [39] [40] [41] [42] [43] [44]) [45] [46] [47]
Underfull \hbox (badness 10000) in paragraph at lines 710--710

 []

[48]
<../Plots/endo_status_map.png, id=841, 722.7pt x 361.35pt>
File: ../Plots/endo_status_map.png Graphic file (type png)
<use ../Plots/endo_status_map.png>
Package pdftex.def Info: ../Plots/endo_status_map.png  used on input line 717.
(pdftex.def)             Requested size: 469.75502pt x 234.88023pt.
<../Plots/mesh_plot.png, id=842, 433.62pt x 433.62pt>
File: ../Plots/mesh_plot.png Graphic file (type png)
<use ../Plots/mesh_plot.png>
Package pdftex.def Info: ../Plots/mesh_plot.png  used on input line 724.
(pdftex.def)             Requested size: 469.75502pt x 469.7781pt.
 [49 <../Plots/endo_status_map.png>]
<../Plots/overlay_plot.png, id=848, 289.08pt x 289.08pt>
File: ../Plots/overlay_plot.png Graphic file (type png)
<use ../Plots/overlay_plot.png>
Package pdftex.def Info: ../Plots/overlay_plot.png  used on input line 731.
(pdftex.def)             Requested size: 234.8775pt x 234.8769pt.
 [50 <../Plots/mesh_plot.png>]
<../Plots/ROC_training_plot.png, id=854, 289.08pt x 289.08pt>
File: ../Plots/ROC_training_plot.png Graphic file (type png)
<use ../Plots/ROC_training_plot.png>
Package pdftex.def Info: ../Plots/ROC_training_plot.png  used on input line 739
.
(pdftex.def)             Requested size: 234.8775pt x 234.8769pt.
 [51 <../Plots/overlay_plot.png>]
<../Plots/ROC_test_plot.png, id=860, 289.08pt x 289.08pt>
File: ../Plots/ROC_test_plot.png Graphic file (type png)
<use ../Plots/ROC_test_plot.png>
Package pdftex.def Info: ../Plots/ROC_test_plot.png  used on input line 747.
(pdftex.def)             Requested size: 234.8775pt x 234.8769pt.
 [52 <../Plots/ROC_training_plot.png>]
<../Plots/posterior_plot.png, id=865, 433.62pt x 361.35pt>
File: ../Plots/posterior_plot.png Graphic file (type png)
<use ../Plots/posterior_plot.png>
Package pdftex.def Info: ../Plots/posterior_plot.png  used on input line 755.
(pdftex.def)             Requested size: 469.75502pt x 391.48175pt.
 [53 <../Plots/ROC_test_plot.png>]
<../Plots/svc_time_map_CI.png, id=872, 1084.05pt x 361.35pt>
File: ../Plots/svc_time_map_CI.png Graphic file (type png)
<use ../Plots/svc_time_map_CI.png>
Package pdftex.def Info: ../Plots/svc_time_map_CI.png  used on input line 763.
(pdftex.def)             Requested size: 469.75502pt x 156.58498pt.
 [54 <../Plots/posterior_plot.png>]
<../Plots/conservative_comparison_plot.png, id=879, 722.7pt x 505.89pt>
File: ../Plots/conservative_comparison_plot.png Graphic file (type png)
<use ../Plots/conservative_comparison_plot.png>
Package pdftex.def Info: ../Plots/conservative_comparison_plot.png  used on inp
ut line 771.
(pdftex.def)             Requested size: 469.75502pt x 328.8323pt.
 [55 <../Plots/svc_time_map_CI.png>]
<../Plots/collector_posterior.png, id=891, 361.35pt x 722.7pt>
File: ../Plots/collector_posterior.png Graphic file (type png)
<use ../Plots/collector_posterior.png>
Package pdftex.def Info: ../Plots/collector_posterior.png  used on input line 7
79.
(pdftex.def)             Requested size: 281.85587pt x 563.71475pt.
 [56 <../Plots/conservative_comparison_plot.png>]
Overfull \vbox (45.76459pt too high) has occurred while \output is active []


[57 <../Plots/collector_posterior.png>]
<../Plots/scorer_posterior.png, id=903, 361.35pt x 722.7pt>
File: ../Plots/scorer_posterior.png Graphic file (type png)
<use ../Plots/scorer_posterior.png>
Package pdftex.def Info: ../Plots/scorer_posterior.png  used on input line 787.

(pdftex.def)             Requested size: 281.85587pt x 563.71475pt.

Overfull \vbox (45.76459pt too high) has occurred while \output is active []


[58 <../Plots/scorer_posterior.png>]
<../Plots/initialprev_trend_plot.png, id=911, 578.16pt x 289.08pt>
File: ../Plots/initialprev_trend_plot.png Graphic file (type png)
<use ../Plots/initialprev_trend_plot.png>
Package pdftex.def Info: ../Plots/initialprev_trend_plot.png  used on input lin
e 795.
(pdftex.def)             Requested size: 469.75502pt x 234.8769pt.
<../Plots/contemp_surveys_map.png, id=912, 505.89pt x 289.08pt>
File: ../Plots/contemp_surveys_map.png Graphic file (type png)
<use ../Plots/contemp_surveys_map.png>
Package pdftex.def Info: ../Plots/contemp_surveys_map.png  used on input line 8
04.
(pdftex.def)             Requested size: 469.75502pt x 268.43579pt.
 [59 <../Plots/initialprev_trend_plot.png>]
<../Plots/AGHY_climate_change_plot.png, id=917, 578.16pt x 722.7pt>
File: ../Plots/AGHY_climate_change_plot.png Graphic file (type png)
<use ../Plots/AGHY_climate_change_plot.png>
Package pdftex.def Info: ../Plots/AGHY_climate_change_plot.png  used on input l
ine 813.
(pdftex.def)             Requested size: 375.80544pt x 469.74944pt.
[60 <../Plots/contemp_surveys_map.png>]
<../Plots/AGPE_climate_change_plot.png, id=922, 578.16pt x 722.7pt>
File: ../Plots/AGPE_climate_change_plot.png Graphic file (type png)
<use ../Plots/AGPE_climate_change_plot.png>
Package pdftex.def Info: ../Plots/AGPE_climate_change_plot.png  used on input l
ine 820.
(pdftex.def)             Requested size: 375.80544pt x 469.74944pt.
 [61 <../Plots/AGHY_climate_change_plot.png>]
<../Plots/ELVI_climate_change_plot.png, id=929, 578.16pt x 722.7pt>
File: ../Plots/ELVI_climate_change_plot.png Graphic file (type png)
<use ../Plots/ELVI_climate_change_plot.png>
Package pdftex.def Info: ../Plots/ELVI_climate_change_plot.png  used on input l
ine 827.
(pdftex.def)             Requested size: 375.80544pt x 469.74944pt.
 [62 <../Plots/AGPE_climate_change_plot.png>] [63 <../Plots/ELVI_climate_change
_plot.png>]
Overfull \hbox (0.3691pt too wide) in paragraph at lines 858--883
\T1/cmr/bx/n/10.95 Code avail-abil-ity\T1/cmr/m/n/10.95 : Avail-able through th
is link: https://github.com/joshuacfowler/EndoHerbarium
 []


Overfull \hbox (8.35966pt too wide) in paragraph at lines 858--883
\T1/cmr/bx/n/10.95 Data avail-abil-ity\T1/cmr/m/n/10.95 : Data was ac-cessed th
rough open-source R pack-ages \T1/cmr/m/it/10.95 rg-bif\T1/cmr/m/n/10.95 . \T1/
cmr/m/it/10.95 A. hye-malis \T1/cmr/m/n/10.95 ([]GBIF.Org[],
 []

[64] [65]
<../Plots/prior_comparison_year_plot.png, id=955, 1445.4pt x 1445.4pt>
File: ../Plots/prior_comparison_year_plot.png Graphic file (type png)
<use ../Plots/prior_comparison_year_plot.png>
Package pdftex.def Info: ../Plots/prior_comparison_year_plot.png  used on input
 line 896.
(pdftex.def)             Requested size: 469.75502pt x 469.74944pt.
 [66] [67 <../Plots/prior_comparison_year_plot.png>]
<../Plots/standard_mesh_comparison_svc_plot.png, id=972, 1084.05pt x 1084.05pt>

File: ../Plots/standard_mesh_comparison_svc_plot.png Graphic file (type png)
<use ../Plots/standard_mesh_comparison_svc_plot.png>
Package pdftex.def Info: ../Plots/standard_mesh_comparison_svc_plot.png  used o
n input line 907.
(pdftex.def)             Requested size: 375.80544pt x 375.80066pt.
 [68]
<../Plots/finer_mesh_comparison_svc_plot.png, id=979, 1084.05pt x 1084.05pt>
File: ../Plots/finer_mesh_comparison_svc_plot.png Graphic file (type png)
<use ../Plots/finer_mesh_comparison_svc_plot.png>
Package pdftex.def Info: ../Plots/finer_mesh_comparison_svc_plot.png  used on i
nput line 915.
(pdftex.def)             Requested size: 375.80544pt x 375.80066pt.
 [69 <../Plots/standard_mesh_comparison_svc_plot.png>] [70 <../Plots/finer_mesh
_comparison_svc_plot.png>]
<../Plots/sample_size_fulldata_plot.png, id=989, 722.7pt x 433.62pt>
File: ../Plots/sample_size_fulldata_plot.png Graphic file (type png)
<use ../Plots/sample_size_fulldata_plot.png>
Package pdftex.def Info: ../Plots/sample_size_fulldata_plot.png  used on input 
line 999.
(pdftex.def)             Requested size: 469.75502pt x 281.85628pt.
 [71]
<../Plots/sample_size_species2data_plot.png, id=996, 722.7pt x 867.24pt>
File: ../Plots/sample_size_species2data_plot.png Graphic file (type png)
<use ../Plots/sample_size_species2data_plot.png>
Package pdftex.def Info: ../Plots/sample_size_species2data_plot.png  used on in
put line 999.
(pdftex.def)             Requested size: 375.80544pt x 450.9674pt.
 [72 <../Plots/sample_size_fulldata_plot.png>]
Overfull \vbox (25.4971pt too high) has occurred while \output is active []


[73 <../Plots/sample_size_species2data_plot.png>]pdfTeX warning (ext4): destina
tion with the same identifier (name{equation.0.1}) has been already used, dupli
cate ignored
<to be read again> 
                   \relax 
l.999 }
       pdfTeX warning (ext4): destination with the same identifier (name{equati
on.0.1}) has been already used, duplicate ignored
<to be read again> 
                   \relax 
l.999 }
       pdfTeX warning (ext4): destination with the same identifier (name{equati
on.0.1}) has been already used, duplicate ignored
<to be read again> 
                   \relax 
l.999 }
       pdfTeX warning (ext4): destination with the same identifier (name{equati
on.0.1}) has been already used, duplicate ignored
<to be read again> 
                   \relax 
l.999 }
       
<../Plots/sim_svc_plot.png, id=1012, 1084.05pt x 1445.4pt>
File: ../Plots/sim_svc_plot.png Graphic file (type png)
<use ../Plots/sim_svc_plot.png>
Package pdftex.def Info: ../Plots/sim_svc_plot.png  used on input line 999.
(pdftex.def)             Requested size: 305.33789pt x 407.11324pt.


LaTeX Warning: Float too large for page by 4.7629pt on input line 999.

[74] [75 <../Plots/sim_svc_plot.png>]
Package atveryend Info: Empty hook `BeforeClearDocument' on input line 1038.
 [76]
Package atveryend Info: Empty hook `AfterLastShipout' on input line 1038.
 (./endo_herbarium_GCB.aux)
Package atveryend Info: Executing hook `AtVeryEndDocument' on input line 1038.
Package atveryend Info: Executing hook `AtEndAfterFileList' on input line 1038.

Package rerunfilecheck Info: File `endo_herbarium_GCB.out' has not changed.
(rerunfilecheck)             Checksum: D41D8CD98F00B204E9800998ECF8427E;0.
Package atveryend Info: Empty hook `AtVeryVeryEnd' on input line 1038.
 ) 
Here is how much of TeX's memory you used:
 9178 strings out of 492649
 142942 string characters out of 6129622
 244274 words of memory out of 5000000
 12694 multiletter control sequences out of 15000+600000
 18194 words of font info for 44 fonts, out of 8000000 for 9000
 1141 hyphenation exceptions out of 8191
 36i,8n,40p,1383b,717s stack positions out of 5000i,500n,10000p,200000b,80000s
{/usr/local/texlive/2018/texmf-dist/fonts/enc/dvips/cm-super/cm-super-t1.enc}
</usr/local/texlive/2018/texmf-dist/fonts/type1/public/amsfonts/cm/cmmi10.pfb><
/usr/local/texlive/2018/texmf-dist/fonts/type1/public/amsfonts/cm/cmmi6.pfb></u
sr/local/texlive/2018/texmf-dist/fonts/type1/public/amsfonts/cm/cmmi8.pfb></usr
/local/texlive/2018/texmf-dist/fonts/type1/public/amsfonts/cm/cmr10.pfb></usr/l
ocal/texlive/2018/texmf-dist/fonts/type1/public/amsfonts/cm/cmr8.pfb></usr/loca
l/texlive/2018/texmf-dist/fonts/type1/public/amsfonts/cm/cmsy10.pfb></usr/local
/texlive/2018/texmf-dist/fonts/type1/public/amsfonts/cm/cmsy8.pfb></usr/local/t
exlive/2018/texmf-dist/fonts/type1/public/cm-super/sfbi1095.pfb></usr/local/tex
live/2018/texmf-dist/fonts/type1/public/cm-super/sfbx1095.pfb></usr/local/texli
ve/2018/texmf-dist/fonts/type1/public/cm-super/sfbx1440.pfb></usr/local/texlive
/2018/texmf-dist/fonts/type1/public/cm-super/sfrm0800.pfb></usr/local/texlive/2
018/texmf-dist/fonts/type1/public/cm-super/sfrm1095.pfb></usr/local/texlive/201
8/texmf-dist/fonts/type1/public/cm-super/sfrm1200.pfb></usr/local/texlive/2018/
texmf-dist/fonts/type1/public/cm-super/sfrm1728.pfb></usr/local/texlive/2018/te
xmf-dist/fonts/type1/public/cm-super/sfss0600.pfb></usr/local/texlive/2018/texm
f-dist/fonts/type1/public/cm-super/sfti1095.pfb></usr/local/texlive/2018/texmf-
dist/fonts/type1/public/cm-super/sfti1200.pfb></usr/local/texlive/2018/texmf-di
st/fonts/type1/public/cm-super/sfti1440.pfb></usr/local/texlive/2018/texmf-dist
/fonts/type1/public/cm-super/sftt1095.pfb>
Output written on endo_herbarium_GCB.pdf (76 pages, 10445969 bytes).
PDF statistics:
 1145 PDF objects out of 1200 (max. 8388607)
 1006 compressed objects within 11 object streams
 251 named destinations out of 1000 (max. 500000)
 106 words of extra memory for PDF output out of 10000 (max. 10000000)

