This is pdfTeX, Version 3.14159265-2.6-1.40.21 (MiKTeX 21.1) (preloaded format=pdflatex 2021.2.5)  14 SEP 2024 13:45
entering extended mode
**./endo_herbarium.tex
(endo_herbarium.tex
LaTeX2e <2020-10-01> patch level 4
L3 programming layer <2021-01-09> xparse <2020-03-03>
(C:\Users\tm9\AppData\Local\Programs\MiKTeX\tex/latex/base\article.cls
Document Class: article 2020/04/10 v1.4m Standard LaTeX document class
(C:\Users\tm9\AppData\Local\Programs\MiKTeX\tex/latex/base\size11.clo
File: size11.clo 2020/04/10 v1.4m Standard LaTeX file (size option)
)
\c@part=\count177
\c@section=\count178
\c@subsection=\count179
\c@subsubsection=\count180
\c@paragraph=\count181
\c@subparagraph=\count182
\c@figure=\count183
\c@table=\count184
\abovecaptionskip=\skip47
\belowcaptionskip=\skip48
\bibindent=\dimen138
)
(C:\Users\tm9\AppData\Local\Programs\MiKTeX\tex/latex/psnfss\mathpazo.sty
Package: mathpazo 2020/03/25 PSNFSS-v9.3 Palatino w/ Pazo Math (D.Puga, WaS) 
\symupright=\mathgroup4
)
(C:\Users\tm9\AppData\Local\Programs\MiKTeX\tex/latex/preprint\fullpage.sty
Package: fullpage 1999/02/23 1.1 (PWD)
\FP@margin=\skip49
)
(C:\Users\tm9\AppData\Local\Programs\MiKTeX\tex/latex/natbib\natbib.sty
Package: natbib 2010/09/13 8.31b (PWD, AO)
\bibhang=\skip50
\bibsep=\skip51
LaTeX Info: Redefining \cite on input line 694.
\c@NAT@ctr=\count185
)
(C:\Users\tm9\AppData\Local\Programs\MiKTeX\tex/latex/base\inputenc.sty
Package: inputenc 2020/08/01 v1.3d Input encoding file
\inpenc@prehook=\toks15
\inpenc@posthook=\toks16
)
(C:\Users\tm9\AppData\Local\Programs\MiKTeX\tex/latex/lineno\lineno.sty
Package: lineno 2005/11/02 line numbers on paragraphs v4.41
\linenopenalty=\count186
\output=\toks17
\linenoprevgraf=\count187
\linenumbersep=\dimen139
\linenumberwidth=\dimen140
\c@linenumber=\count188
\c@pagewiselinenumber=\count189
\c@LN@truepage=\count190
\c@internallinenumber=\count191
\c@internallinenumbers=\count192
\quotelinenumbersep=\dimen141
\bframerule=\dimen142
\bframesep=\dimen143
\bframebox=\box47
LaTeX Info: Redefining \\ on input line 3056.
)
(C:\Users\tm9\AppData\Local\Programs\MiKTeX\tex/latex/titlesec\titlesec.sty
Package: titlesec 2019/10/16 v2.13 Sectioning titles
\ttl@box=\box48
\beforetitleunit=\skip52
\aftertitleunit=\skip53
\ttl@plus=\dimen144
\ttl@minus=\dimen145
\ttl@toksa=\toks18
\titlewidth=\dimen146
\titlewidthlast=\dimen147
\titlewidthfirst=\dimen148
)
(C:\Users\tm9\AppData\Local\Programs\MiKTeX\tex/latex/graphics\graphicx.sty
Package: graphicx 2020/09/09 v1.2b Enhanced LaTeX Graphics (DPC,SPQR)

(C:\Users\tm9\AppData\Local\Programs\MiKTeX\tex/latex/graphics\keyval.sty
Package: keyval 2014/10/28 v1.15 key=value parser (DPC)
\KV@toks@=\toks19
)
(C:\Users\tm9\AppData\Local\Programs\MiKTeX\tex/latex/graphics\graphics.sty
Package: graphics 2020/08/30 v1.4c Standard LaTeX Graphics (DPC,SPQR)

(C:\Users\tm9\AppData\Local\Programs\MiKTeX\tex/latex/graphics\trig.sty
Package: trig 2016/01/03 v1.10 sin cos tan (DPC)
)
(C:\Users\tm9\AppData\Local\Programs\MiKTeX\tex/latex/graphics-cfg\graphics.cfg
File: graphics.cfg 2016/06/04 v1.11 sample graphics configuration
)
Package graphics Info: Driver file: pdftex.def on input line 105.
 (C:\Users\tm9\AppData\Local\Programs\MiKTeX\tex/latex/graphics-def\pdftex.def
File: pdftex.def 2020/10/05 v1.2a Graphics/color driver for pdftex
))
\Gin@req@height=\dimen149
\Gin@req@width=\dimen150
) (C:\Users\tm9\AppData\Local\Programs\MiKTeX\tex/latex/float\float.sty
Package: float 2001/11/08 v1.3d Float enhancements (AL)
\c@float@type=\count193
\float@exts=\toks20
\float@box=\box49
\@float@everytoks=\toks21
\@floatcapt=\box50
)
(C:\Users\tm9\AppData\Local\Programs\MiKTeX\tex/latex/amsmath\amsmath.sty
Package: amsmath 2020/09/23 v2.17i AMS math features
\@mathmargin=\skip54

For additional information on amsmath, use the `?' option.
(C:\Users\tm9\AppData\Local\Programs\MiKTeX\tex/latex/amsmath\amstext.sty
Package: amstext 2000/06/29 v2.01 AMS text

(C:\Users\tm9\AppData\Local\Programs\MiKTeX\tex/latex/amsmath\amsgen.sty
File: amsgen.sty 1999/11/30 v2.0 generic functions
\@emptytoks=\toks22
\ex@=\dimen151
))
(C:\Users\tm9\AppData\Local\Programs\MiKTeX\tex/latex/amsmath\amsbsy.sty
Package: amsbsy 1999/11/29 v1.2d Bold Symbols
\pmbraise@=\dimen152
)
(C:\Users\tm9\AppData\Local\Programs\MiKTeX\tex/latex/amsmath\amsopn.sty
Package: amsopn 2016/03/08 v2.02 operator names
)
\inf@bad=\count194
LaTeX Info: Redefining \frac on input line 234.
\uproot@=\count195
\leftroot@=\count196
LaTeX Info: Redefining \overline on input line 399.
\classnum@=\count197
\DOTSCASE@=\count198
LaTeX Info: Redefining \ldots on input line 496.
LaTeX Info: Redefining \dots on input line 499.
LaTeX Info: Redefining \cdots on input line 620.
\Mathstrutbox@=\box51
\strutbox@=\box52
\big@size=\dimen153
LaTeX Font Info:    Redeclaring font encoding OML on input line 743.
LaTeX Font Info:    Redeclaring font encoding OMS on input line 744.
\macc@depth=\count199
\c@MaxMatrixCols=\count266
\dotsspace@=\muskip16
\c@parentequation=\count267
\dspbrk@lvl=\count268
\tag@help=\toks23
\row@=\count269
\column@=\count270
\maxfields@=\count271
\andhelp@=\toks24
\eqnshift@=\dimen154
\alignsep@=\dimen155
\tagshift@=\dimen156
\tagwidth@=\dimen157
\totwidth@=\dimen158
\lineht@=\dimen159
\@envbody=\toks25
\multlinegap=\skip55
\multlinetaggap=\skip56
\mathdisplay@stack=\toks26
LaTeX Info: Redefining \[ on input line 2923.
LaTeX Info: Redefining \] on input line 2924.
)
(C:\Users\tm9\AppData\Local\Programs\MiKTeX\tex/latex/base\fontenc.sty
Package: fontenc 2020/08/10 v2.0s Standard LaTeX package
LaTeX Font Info:    Trying to load font information for T1+pplx on input line 1
12.

(C:\Users\tm9\AppData\Local\Programs\MiKTeX\tex/latex/psnfss\t1pplx.fd
File: t1pplx.fd 2004/09/06 font definitions for T1/pplx.
))
(C:\Users\tm9\AppData\Local\Programs\MiKTeX\tex/latex/xcolor\xcolor.sty
Package: xcolor 2016/05/11 v2.12 LaTeX color extensions (UK)

(C:\Users\tm9\AppData\Local\Programs\MiKTeX\tex/latex/graphics-cfg\color.cfg
File: color.cfg 2016/01/02 v1.6 sample color configuration
)
Package xcolor Info: Driver file: pdftex.def on input line 225.
Package xcolor Info: Model `cmy' substituted by `cmy0' on input line 1348.
Package xcolor Info: Model `hsb' substituted by `rgb' on input line 1352.
Package xcolor Info: Model `RGB' extended on input line 1364.
Package xcolor Info: Model `HTML' substituted by `rgb' on input line 1366.
Package xcolor Info: Model `Hsb' substituted by `hsb' on input line 1367.
Package xcolor Info: Model `tHsb' substituted by `hsb' on input line 1368.
Package xcolor Info: Model `HSB' substituted by `hsb' on input line 1369.
Package xcolor Info: Model `Gray' substituted by `gray' on input line 1370.
Package xcolor Info: Model `wave' substituted by `hsb' on input line 1371.
)
(C:\Users\tm9\AppData\Local\Programs\MiKTeX\tex/latex/l3backend\l3backend-pdfte
x.def
File: l3backend-pdftex.def 2021-01-09 L3 backend support: PDF output (pdfTeX)
\l__kernel_color_stack_int=\count272
\l__pdf_internal_box=\box53
) (endo_herbarium.aux)
\openout1 = `endo_herbarium.aux'.

LaTeX Font Info:    Checking defaults for OML/cmm/m/it on input line 64.
LaTeX Font Info:    ... okay on input line 64.
LaTeX Font Info:    Checking defaults for OMS/cmsy/m/n on input line 64.
LaTeX Font Info:    ... okay on input line 64.
LaTeX Font Info:    Checking defaults for OT1/cmr/m/n on input line 64.
LaTeX Font Info:    ... okay on input line 64.
LaTeX Font Info:    Checking defaults for T1/cmr/m/n on input line 64.
LaTeX Font Info:    ... okay on input line 64.
LaTeX Font Info:    Checking defaults for TS1/cmr/m/n on input line 64.
LaTeX Font Info:    ... okay on input line 64.
LaTeX Font Info:    Checking defaults for OMX/cmex/m/n on input line 64.
LaTeX Font Info:    ... okay on input line 64.
LaTeX Font Info:    Checking defaults for U/cmr/m/n on input line 64.
LaTeX Font Info:    ... okay on input line 64.

(C:\Users\tm9\AppData\Local\Programs\MiKTeX\tex/context/base/mkii\supp-pdf.mkii
[Loading MPS to PDF converter (version 2006.09.02).]
\scratchcounter=\count273
\scratchdimen=\dimen160
\scratchbox=\box54
\nofMPsegments=\count274
\nofMParguments=\count275
\everyMPshowfont=\toks27
\MPscratchCnt=\count276
\MPscratchDim=\dimen161
\MPnumerator=\count277
\makeMPintoPDFobject=\count278
\everyMPtoPDFconversion=\toks28
)
(C:\Users\tm9\AppData\Local\Programs\MiKTeX\tex/latex/epstopdf-pkg\epstopdf-bas
e.sty
Package: epstopdf-base 2020-01-24 v2.11 Base part for package epstopdf
Package epstopdf-base Info: Redefining graphics rule for `.eps' on input line 4
85.
)
LaTeX Font Info:    Trying to load font information for T1+cmss on input line 6
6.
 (C:\Users\tm9\AppData\Local\Programs\MiKTeX\tex/latex/base\t1cmss.fd
File: t1cmss.fd 2019/12/16 v2.5j Standard LaTeX font definitions
)
LaTeX Font Info:    Trying to load font information for OT1+pplx on input line 
66.

(C:\Users\tm9\AppData\Local\Programs\MiKTeX\tex/latex/psnfss\ot1pplx.fd
File: ot1pplx.fd 2004/09/06 font definitions for OT1/pplx.
)
LaTeX Font Info:    Trying to load font information for OML+zplm on input line 
66.

(C:\Users\tm9\AppData\Local\Programs\MiKTeX\tex/latex/psnfss\omlzplm.fd
File: omlzplm.fd 2002/09/08 Fontinst v1.914 font definitions for OML/zplm.
)
LaTeX Font Info:    Trying to load font information for OMS+zplm on input line 
66.

(C:\Users\tm9\AppData\Local\Programs\MiKTeX\tex/latex/psnfss\omszplm.fd
File: omszplm.fd 2002/09/08 Fontinst v1.914 font definitions for OMS/zplm.
)
LaTeX Font Info:    Trying to load font information for OMX+zplm on input line 
66.

(C:\Users\tm9\AppData\Local\Programs\MiKTeX\tex/latex/psnfss\omxzplm.fd
File: omxzplm.fd 2002/09/08 Fontinst v1.914 font definitions for OMX/zplm.
)
LaTeX Font Info:    Trying to load font information for OT1+zplm on input line 
66.

(C:\Users\tm9\AppData\Local\Programs\MiKTeX\tex/latex/psnfss\ot1zplm.fd
File: ot1zplm.fd 2002/09/08 Fontinst v1.914 font definitions for OT1/zplm.
)
[1

{C:/Users/tm9/AppData/Local/MiKTeX/pdftex/config/pdftex.map}] [2] [3]
[4] [5] [6]

LaTeX Warning: Reference `figmap' on page 7 undefined on input line 175.

[7] [8]
<../Plots/collections_map.png, id=32, 505.89pt x 289.08pt>
File: ../Plots/collections_map.png Graphic file (type png)
<use ../Plots/collections_map.png>
Package pdftex.def Info: ../Plots/collections_map.png  used on input line 210.
(pdftex.def)             Requested size: 469.75502pt x 268.43579pt.


LaTeX Warning: `h' float specifier changed to `ht'.

[9] [10 <../Plots/collections_map.png>] [11] [12] [13] [14] [15]
<../Plots/year_plot.png, id=58, 505.89pt x 361.35pt>
File: ../Plots/year_plot.png Graphic file (type png)
<use ../Plots/year_plot.png>
Package pdftex.def Info: ../Plots/year_plot.png  used on input line 314.
(pdftex.def)             Requested size: 469.75502pt x 335.54477pt.
 [16] [17 <../Plots/year_plot.png>]
<../Plots/svc_time_map.png, id=65, 1084.05pt x 361.35pt>
File: ../Plots/svc_time_map.png Graphic file (type png)
<use ../Plots/svc_time_map.png>
Package pdftex.def Info: ../Plots/svc_time_map.png  used on input line 329.
(pdftex.def)             Requested size: 469.75502pt x 156.58498pt.
 [18 <../Plots/svc_time_map.png>]
<../Plots/climate_trends_plot.png, id=69, 1156.32pt x 867.24pt>
File: ../Plots/climate_trends_plot.png Graphic file (type png)
<use ../Plots/climate_trends_plot.png>
Package pdftex.def Info: ../Plots/climate_trends_plot.png  used on input line 3
75.
(pdftex.def)             Requested size: 469.75502pt x 352.31538pt.
 [19] [20 <../Plots/climate_trends_plot.png>]
<../Plots/contemp_test_plot.png, id=77, 722.7pt x 722.7pt>
File: ../Plots/contemp_test_plot.png Graphic file (type png)
<use ../Plots/contemp_test_plot.png>
Package pdftex.def Info: ../Plots/contemp_test_plot.png  used on input line 390
.
(pdftex.def)             Requested size: 469.75502pt x 469.76045pt.
 [21]
Overfull \vbox (24.26904pt too high) has occurred while \output is active []


[22 <../Plots/contemp_test_plot.png>] [23] [24] [25] [26] [27] [28]
Overfull \hbox (214.58516pt too wide) in paragraph at lines 504--506
\T1/pplx/m/n/10.95 upon re-quest.[][] Code for anal-y-ses can be found through 
a pub-licly avail-able repos-i-tory (https://github.com/joshuacfowler/EndoHerba
rium)
 []

[29]
<../Plots/endo_status_map.png, id=106, 722.7pt x 361.35pt>
File: ../Plots/endo_status_map.png Graphic file (type png)
<use ../Plots/endo_status_map.png>
Package pdftex.def Info: ../Plots/endo_status_map.png  used on input line 518.
(pdftex.def)             Requested size: 469.75502pt x 234.88023pt.
<../Plots/mesh_plot.png, id=107, 433.62pt x 433.62pt>
File: ../Plots/mesh_plot.png Graphic file (type png)
<use ../Plots/mesh_plot.png>
Package pdftex.def Info: ../Plots/mesh_plot.png  used on input line 525.
(pdftex.def)             Requested size: 469.75502pt x 469.7781pt.
 [30 <../Plots/endo_status_map.png>]
Overfull \vbox (1.16673pt too high) has occurred while \output is active []


[31 <../Plots/mesh_plot.png>]
<../Plots/overlay_plot.png, id=115, 289.08pt x 289.08pt>
File: ../Plots/overlay_plot.png Graphic file (type png)
<use ../Plots/overlay_plot.png>
Package pdftex.def Info: ../Plots/overlay_plot.png  used on input line 532.
(pdftex.def)             Requested size: 234.8775pt x 234.8769pt.
<../Plots/ROC_training_plot.png, id=117, 289.08pt x 289.08pt>
File: ../Plots/ROC_training_plot.png Graphic file (type png)
<use ../Plots/ROC_training_plot.png>
Package pdftex.def Info: ../Plots/ROC_training_plot.png  used on input line 540
.
(pdftex.def)             Requested size: 234.8775pt x 234.8769pt.
 [32 <../Plots/overlay_plot.png>]
<../Plots/ROC_test_plot.png, id=122, 289.08pt x 289.08pt>
File: ../Plots/ROC_test_plot.png Graphic file (type png)
<use ../Plots/ROC_test_plot.png>
Package pdftex.def Info: ../Plots/ROC_test_plot.png  used on input line 548.
(pdftex.def)             Requested size: 234.8775pt x 234.8769pt.
 [33 <../Plots/ROC_training_plot.png>]
<../Plots/posterior_plot.png, id=126, 433.62pt x 361.35pt>
File: ../Plots/posterior_plot.png Graphic file (type png)
<use ../Plots/posterior_plot.png>
Package pdftex.def Info: ../Plots/posterior_plot.png  used on input line 556.
(pdftex.def)             Requested size: 469.75502pt x 391.48175pt.
 [34 <../Plots/ROC_test_plot.png>]
<../Plots/svc_time_map_CI.png, id=130, 1084.05pt x 361.35pt>
File: ../Plots/svc_time_map_CI.png Graphic file (type png)
<use ../Plots/svc_time_map_CI.png>
Package pdftex.def Info: ../Plots/svc_time_map_CI.png  used on input line 564.
(pdftex.def)             Requested size: 469.75502pt x 156.58498pt.
 [35 <../Plots/posterior_plot.png>]
<../Plots/conservative_comparison_plot.png, id=134, 722.7pt x 505.89pt>
File: ../Plots/conservative_comparison_plot.png Graphic file (type png)
<use ../Plots/conservative_comparison_plot.png>
Package pdftex.def Info: ../Plots/conservative_comparison_plot.png  used on inp
ut line 572.
(pdftex.def)             Requested size: 469.75502pt x 328.8323pt.
 [36 <../Plots/svc_time_map_CI.png>]
<../Plots/collector_posterior_plot.pdf, id=138, 578.16pt x 867.24pt>
File: ../Plots/collector_posterior_plot.pdf Graphic file (type pdf)
<use ../Plots/collector_posterior_plot.pdf>
Package pdftex.def Info: ../Plots/collector_posterior_plot.pdf  used on input l
ine 580.
(pdftex.def)             Requested size: 375.80544pt x 563.69934pt.
 [37 <../Plots/conservative_comparison_plot.png>]
Overfull \vbox (2.60811pt too high) has occurred while \output is active []


[38 <../Plots/collector_posterior_plot.pdf>]
<../Plots/scorer_posterior_plot.pdf, id=154, 578.16pt x 867.24pt>
File: ../Plots/scorer_posterior_plot.pdf Graphic file (type pdf)
<use ../Plots/scorer_posterior_plot.pdf>
Package pdftex.def Info: ../Plots/scorer_posterior_plot.pdf  used on input line
 588.
(pdftex.def)             Requested size: 375.80544pt x 563.69934pt.

Overfull \vbox (2.60811pt too high) has occurred while \output is active []


[39 <../Plots/scorer_posterior_plot.pdf>]
<../Plots/contemp_surveys_map.png, id=166, 505.89pt x 289.08pt>
File: ../Plots/contemp_surveys_map.png Graphic file (type png)
<use ../Plots/contemp_surveys_map.png>
Package pdftex.def Info: ../Plots/contemp_surveys_map.png  used on input line 5
96.
(pdftex.def)             Requested size: 469.75502pt x 268.43579pt.
<../Plots/AGHY_climate_change_plot.png, id=167, 578.16pt x 722.7pt>
File: ../Plots/AGHY_climate_change_plot.png Graphic file (type png)
<use ../Plots/AGHY_climate_change_plot.png>
Package pdftex.def Info: ../Plots/AGHY_climate_change_plot.png  used on input l
ine 603.
(pdftex.def)             Requested size: 375.80544pt x 469.74944pt.
 [40 <../Plots/contemp_surveys_map.png>]
<../Plots/AGPE_climate_change_plot.png, id=171, 578.16pt x 722.7pt>
File: ../Plots/AGPE_climate_change_plot.png Graphic file (type png)
<use ../Plots/AGPE_climate_change_plot.png>
Package pdftex.def Info: ../Plots/AGPE_climate_change_plot.png  used on input l
ine 610.
(pdftex.def)             Requested size: 375.80544pt x 469.74944pt.
 [41 <../Plots/AGHY_climate_change_plot.png>]
<../Plots/ELVI_climate_change_plot.png, id=175, 578.16pt x 722.7pt>
File: ../Plots/ELVI_climate_change_plot.png Graphic file (type png)
<use ../Plots/ELVI_climate_change_plot.png>
Package pdftex.def Info: ../Plots/ELVI_climate_change_plot.png  used on input l
ine 617.
(pdftex.def)             Requested size: 375.80544pt x 469.74944pt.
 [42 <../Plots/AGPE_climate_change_plot.png>]

LaTeX Warning: `h' float specifier changed to `ht'.

[43 <../Plots/ELVI_climate_change_plot.png>]
Overfull \hbox (13.01875pt too wide) in paragraph at lines 645--670
\T1/pplx/b/n/10.95 Code avail-abil-ity\T1/pplx/m/n/10.95 : Avail-able through t
his link: https://github.com/joshuacfowler/EndoHerbarium 
 []

[44] [45] (endo_herbarium.bbl [46] [47] [48] [49] [50]
LaTeX Font Info:    Trying to load font information for T1+cmtt on input line 3
29.

(C:\Users\tm9\AppData\Local\Programs\MiKTeX\tex/latex/base\t1cmtt.fd
File: t1cmtt.fd 2019/12/16 v2.5j Standard LaTeX font definitions
)
Underfull \hbox (badness 10000) in paragraph at lines 356--359
[]\T1/pplx/m/n/10.95 IPCC.  Cli-mate change 2021: The phys-i-cal sci-ence ba-si
s, 2021.  URL
 []

[51] [52] [53] [54] [55]
Underfull \hbox (badness 4995) in paragraph at lines 664--673
[]\T1/pplx/m/n/10.95 Shripad D. Tul-japurkar.  Pop-u-la-tion dy-nam-ics in vari
-able en-vi-ron-ments. III. Evo-
 []


Underfull \hbox (badness 10000) in paragraph at lines 664--673
\T1/pplx/m/n/10.95 lu-tion-ary dy-nam-ics of r-selection.  \T1/pplx/m/it/10.95 
The-o-ret-i-cal Pop-u-la-tion Bi-ol-ogy\T1/pplx/m/n/10.95 , 21(1):141--165,
 []


Underfull \hbox (badness 7777) in paragraph at lines 664--673
\T1/pplx/m/n/10.95 Febru-ary 1982.  ISSN 0040-5809.  doi: 10.1016/0040-5809(82)
90010-7.  URL
 []

[56]) [57] (endo_herbarium.aux)

LaTeX Warning: There were undefined references.

 ) 
Here is how much of TeX's memory you used:
 4182 strings out of 479618
 62660 string characters out of 2865977
 348145 words of memory out of 3000000
 21255 multiletter control sequences out of 15000+200000
 457096 words of font info for 117 fonts, out of 3000000 for 9000
 1141 hyphenation exceptions out of 8191
 68i,9n,74p,1111b,424s stack positions out of 5000i,500n,10000p,200000b,50000s
 <C:\Users\tm9\AppData\Local\MiKTeX\fonts/pk/ljfour/jknappen/ec/dpi600\ectt10
95.pk>{C:/Users/tm9/AppData/Local/Programs/MiKTeX/fonts/enc/dvips/base/8r.enc} 
<C:\Users\tm9\AppData\Local\MiKTeX\fonts/pk/ljfour/jknappen/ec/dpi600\ecss0600.
pk><C:/Users/tm9/AppData/Local/Programs/MiKTeX/fonts/type1/public/amsfonts/cm/c
mr10.pfb><C:/Users/tm9/AppData/Local/Programs/MiKTeX/fonts/type1/public/amsfont
s/cm/cmsy10.pfb><C:/Users/tm9/AppData/Local/Programs/MiKTeX/fonts/type1/public/
mathpazo/fplmri.pfb><C:/Users/tm9/AppData/Local/Programs/MiKTeX/fonts/type1/urw
/palatino/uplb8a.pfb><C:/Users/tm9/AppData/Local/Programs/MiKTeX/fonts/type1/ur
w/palatino/uplbi8a.pfb><C:/Users/tm9/AppData/Local/Programs/MiKTeX/fonts/type1/
urw/palatino/uplr8a.pfb><C:/Users/tm9/AppData/Local/Programs/MiKTeX/fonts/type1
/urw/palatino/uplri8a.pfb>
Output written on endo_herbarium.pdf (57 pages, 7099377 bytes).
PDF statistics:
 300 PDF objects out of 1000 (max. 8388607)
 0 named destinations out of 1000 (max. 500000)
 96 words of extra memory for PDF output out of 10000 (max. 10000000)

